[2025-11-02 15:17:05] [INFO] 
================================================================================
[2025-11-02 15:17:05] [INFO] MASTER EXECUTION PIPELINE - COMPLETE RESEARCH WORKFLOW
[2025-11-02 15:17:05] [INFO] ================================================================================
[2025-11-02 15:17:05] [INFO] Start time: 2025-11-02 15:17:05
[2025-11-02 15:17:05] [INFO] Log file: /home/thc1006/dev/p62-pdl1-llps-starter/outputs/execution_logs/master_execution_20251102_151705.log
[2025-11-02 15:17:05] [INFO] 
--------------------------------------------------------------------------------
[2025-11-02 15:17:05] [INFO] PHASE OVERVIEW
[2025-11-02 15:17:05] [INFO] --------------------------------------------------------------------------------
[2025-11-02 15:17:05] [INFO]   1A: Setup Data Download Pipeline [CRITICAL] 
[2025-11-02 15:17:05] [INFO]        Time: 5 min
[2025-11-02 15:17:05] [INFO]   1B: Download Complete TCGA Data [OPTIONAL] [MANUAL]
[2025-11-02 15:17:05] [INFO]        Time: 2-8 hours (depends on connection)
[2025-11-02 15:17:05] [INFO]   1C: Process Expression Data [CRITICAL] 
[2025-11-02 15:17:05] [INFO]        Time: 30-60 min
[2025-11-02 15:17:05] [INFO]   1D: Process Clinical Data [CRITICAL] 
[2025-11-02 15:17:05] [INFO]        Time: 10 min
[2025-11-02 15:17:05] [INFO]   2A: Re-run Fixed Analysis with Real Data [CRITICAL] 
[2025-11-02 15:17:05] [INFO]        Time: 5 min
[2025-11-02 15:17:05] [INFO]   2B: TIMER2.0 Immune Deconvolution [CRITICAL] 
[2025-11-02 15:17:05] [INFO]        Time: 15 min
[2025-11-02 15:17:05] [INFO]   2C: Re-run Partial Correlation with TIMER2 Scores [CRITICAL] 
[2025-11-02 15:17:05] [INFO]        Time: 3 min
[2025-11-02 15:17:05] [INFO]   3A: Single-Cell Validation (TISCH2) [OPTIONAL] 
[2025-11-02 15:17:05] [INFO]        Time: 20 min
[2025-11-02 15:17:05] [INFO]   3B: External Cohort Validation (GEO) [OPTIONAL] 
[2025-11-02 15:17:05] [INFO]        Time: 30 min
[2025-11-02 15:17:05] [INFO]   3C: Sensitivity Analysis [OPTIONAL] 
[2025-11-02 15:17:05] [INFO]        Time: 10 min
[2025-11-02 15:17:05] [INFO]   4A: Generate Publication-Quality Figures [CRITICAL] 
[2025-11-02 15:17:05] [INFO]        Time: 15 min
[2025-11-02 15:17:05] [INFO]   4B: Update Manuscript [CRITICAL] 
[2025-11-02 15:17:05] [INFO]        Time: 5 min
[2025-11-02 15:17:05] [INFO]   5A: Generate Final PDF [CRITICAL] 
[2025-11-02 15:17:05] [INFO]        Time: 2 min
[2025-11-02 15:17:05] [INFO]   5B: Prepare Supplementary Materials [CRITICAL] 
[2025-11-02 15:17:05] [INFO]        Time: 5 min
[2025-11-02 15:17:05] [INFO]   5C: Generate Submission Package [CRITICAL] 
[2025-11-02 15:17:05] [INFO]        Time: 2 min
[2025-11-02 15:17:05] [INFO] --------------------------------------------------------------------------------
[2025-11-02 15:17:05] [INFO] 
This will execute the complete research pipeline.
[2025-11-02 15:17:05] [INFO] Estimated total time: 4-10 hours (mostly data download)
[2025-11-02 15:17:05] [INFO] 
[2025-11-02 15:17:05] [INFO] [AUTO-YES] Proceeding automatically...
[2025-11-02 15:17:05] [INFO] ================================================================================
[2025-11-02 15:17:05] [PHASE] PHASE 1A: Setup Data Download Pipeline
[2025-11-02 15:17:05] [INFO] ================================================================================
[2025-11-02 15:17:05] [INFO] Description: Query GDC and setup download manifest
[2025-11-02 15:17:05] [INFO] Estimated time: 5 min
[2025-11-02 15:17:05] [INFO] Executing: /home/thc1006/dev/p62-pdl1-llps-starter/scripts/data_pipeline/01_download_tcga_complete.py
[2025-11-02 15:17:11] [DEBUG] STDOUT:
[2025-11-02 15:17:11] [DEBUG]   
[2025-11-02 15:17:11] [DEBUG]   ================================================================================
[2025-11-02 15:17:11] [DEBUG]   TCGA COMPLETE DATA DOWNLOAD PIPELINE
[2025-11-02 15:17:11] [DEBUG]   ================================================================================
[2025-11-02 15:17:11] [DEBUG]   
[2025-11-02 15:17:11] [DEBUG]   [STEP 1] Querying GDC for available data...
[2025-11-02 15:17:11] [DEBUG]   
[2025-11-02 15:17:11] [DEBUG]   ================================================================================
[2025-11-02 15:17:11] [DEBUG]   TCGA DATA AVAILABILITY SUMMARY
[2025-11-02 15:17:11] [DEBUG]   ================================================================================
[2025-11-02 15:17:11] [DEBUG]   
[2025-11-02 15:17:11] [DEBUG]   TCGA-LUAD: Lung Adenocarcinoma
[2025-11-02 15:17:11] [DEBUG]   ----------------------------------------
[2025-11-02 15:17:11] [DEBUG]   
[2025-11-02 15:17:11] [DEBUG]   [QUERY] TCGA-LUAD - Transcriptome Profiling
[2025-11-02 15:17:11] [DEBUG]     Found 601 files (2.37 GB)
[2025-11-02 15:17:11] [DEBUG]   
[2025-11-02 15:17:11] [DEBUG]   [QUERY] TCGA-LUAD - Clinical
[2025-11-02 15:17:11] [DEBUG]     Found 623 files (0.02 GB)
[2025-11-02 15:17:11] [DEBUG]   
[2025-11-02 15:17:11] [DEBUG]     RNA-seq files: 601
[2025-11-02 15:17:11] [DEBUG]     Clinical files: 623
[2025-11-02 15:17:11] [DEBUG]   
[2025-11-02 15:17:11] [DEBUG]   TCGA-LUSC: Lung Squamous Cell Carcinoma
[2025-11-02 15:17:11] [DEBUG]   ----------------------------------------
[2025-11-02 15:17:11] [DEBUG]   
[2025-11-02 15:17:11] [DEBUG]   [QUERY] TCGA-LUSC - Transcriptome Profiling
[2025-11-02 15:17:11] [DEBUG]     Found 562 files (2.22 GB)
[2025-11-02 15:17:11] [DEBUG]   
[2025-11-02 15:17:11] [DEBUG]   [QUERY] TCGA-LUSC - Clinical
[2025-11-02 15:17:11] [DEBUG]     Found 577 files (0.02 GB)
[2025-11-02 15:17:11] [DEBUG]   
[2025-11-02 15:17:11] [DEBUG]     RNA-seq files: 562
[2025-11-02 15:17:11] [DEBUG]     Clinical files: 577
[2025-11-02 15:17:11] [DEBUG]   
[2025-11-02 15:17:11] [DEBUG]   TCGA-SKCM: Skin Cutaneous Melanoma
[2025-11-02 15:17:11] [DEBUG]   ----------------------------------------
[2025-11-02 15:17:11] [DEBUG]   
[2025-11-02 15:17:11] [DEBUG]   [QUERY] TCGA-SKCM - Transcriptome Profiling
[2025-11-02 15:17:11] [DEBUG]     Found 473 files (1.86 GB)
[2025-11-02 15:17:11] [DEBUG]   
[2025-11-02 15:17:11] [DEBUG]   [QUERY] TCGA-SKCM - Clinical
[2025-11-02 15:17:11] [DEBUG]     Found 499 files (0.02 GB)
[2025-11-02 15:17:11] [DEBUG]   
[2025-11-02 15:17:11] [DEBUG]     RNA-seq files: 473
[2025-11-02 15:17:11] [DEBUG]     Clinical files: 499
[2025-11-02 15:17:11] [DEBUG]   
[2025-11-02 15:17:11] [DEBUG]   ================================================================================
[2025-11-02 15:17:11] [DEBUG]   
[2025-11-02 15:17:11] [DEBUG]   [DATA EXISTS] All data already downloaded. Skipping download.
[2025-11-02 15:17:11] [OK] Phase 1A completed successfully (5.3s)
[2025-11-02 15:17:11] [INFO] ================================================================================
[2025-11-02 15:17:11] [PHASE] PHASE 1B: Download Complete TCGA Data
[2025-11-02 15:17:11] [INFO] ================================================================================
[2025-11-02 15:17:11] [INFO] Description: Download RNA-seq + Clinical data (~50GB)
[2025-11-02 15:17:11] [INFO] Estimated time: 2-8 hours (depends on connection)
[2025-11-02 15:17:11] [WARN] This is a MANUAL phase
[2025-11-02 15:17:11] [INFO] Instructions:
[2025-11-02 15:17:11] [INFO]   1. Use gdc-client or direct HTTP download
[2025-11-02 15:17:11] [INFO]   2. Download TCGA-LUAD, TCGA-LUSC, TCGA-SKCM
[2025-11-02 15:17:11] [INFO]   3. Verify file integrity
[2025-11-02 15:17:11] [WARN] 
[AUTO-YES] Skipping manual phase (will need to run separately)
[2025-11-02 15:17:11] [SKIP] Manual phase auto-skipped
[2025-11-02 15:17:11] [SKIP] 
Phase 1C: Prerequisites not met, SKIPPING
[2025-11-02 15:17:11] [SKIP] 
Phase 1D: Prerequisites not met, SKIPPING
[2025-11-02 15:17:11] [SKIP] 
Phase 2A: Prerequisites not met, SKIPPING
[2025-11-02 15:17:11] [SKIP] 
Phase 2B: Prerequisites not met, SKIPPING
[2025-11-02 15:17:11] [SKIP] 
Phase 2C: Prerequisites not met, SKIPPING
[2025-11-02 15:17:11] [SKIP] 
Phase 3A: Prerequisites not met, SKIPPING
[2025-11-02 15:17:11] [SKIP] 
Phase 3B: Prerequisites not met, SKIPPING
[2025-11-02 15:17:11] [SKIP] 
Phase 3C: Prerequisites not met, SKIPPING
[2025-11-02 15:17:11] [SKIP] 
Phase 4A: Prerequisites not met, SKIPPING
[2025-11-02 15:17:11] [SKIP] 
Phase 4B: Prerequisites not met, SKIPPING
[2025-11-02 15:17:11] [SKIP] 
Phase 5A: Prerequisites not met, SKIPPING
[2025-11-02 15:17:11] [SKIP] 
Phase 5B: Prerequisites not met, SKIPPING
[2025-11-02 15:17:11] [SKIP] 
Phase 5C: Prerequisites not met, SKIPPING
[2025-11-02 15:17:11] [INFO] 
================================================================================
[2025-11-02 15:17:11] [INFO] EXECUTION COMPLETE
[2025-11-02 15:17:11] [INFO] ================================================================================
[2025-11-02 15:17:11] [INFO] Total runtime: 0.1 minutes
[2025-11-02 15:17:11] [INFO] Completed: 1/15
[2025-11-02 15:17:11] [INFO] Failed: 1
[2025-11-02 15:17:11] [INFO] Skipped: 13
[2025-11-02 15:17:11] [INFO] 
Completed phases:
[2025-11-02 15:17:11] [INFO]   [OK] 1A
[2025-11-02 15:17:11] [INFO] 
Failed phases:
[2025-11-02 15:17:11] [INFO]   [FAIL] 1B
[2025-11-02 15:17:11] [INFO] 
Skipped phases:
[2025-11-02 15:17:11] [INFO]   [SKIP] 1C
[2025-11-02 15:17:11] [INFO]   [SKIP] 1D
[2025-11-02 15:17:11] [INFO]   [SKIP] 2A
[2025-11-02 15:17:11] [INFO]   [SKIP] 2B
[2025-11-02 15:17:11] [INFO]   [SKIP] 2C
[2025-11-02 15:17:11] [INFO]   [SKIP] 3A
[2025-11-02 15:17:11] [INFO]   [SKIP] 3B
[2025-11-02 15:17:11] [INFO]   [SKIP] 3C
[2025-11-02 15:17:11] [INFO]   [SKIP] 4A
[2025-11-02 15:17:11] [INFO]   [SKIP] 4B
[2025-11-02 15:17:11] [INFO]   [SKIP] 5A
[2025-11-02 15:17:11] [INFO]   [SKIP] 5B
[2025-11-02 15:17:11] [INFO]   [SKIP] 5C
[2025-11-02 15:17:11] [INFO] 
[SAVED] Execution report: /home/thc1006/dev/p62-pdl1-llps-starter/outputs/execution_logs/execution_report_20251102_151705.json
[2025-11-02 15:17:11] [INFO] ================================================================================
[2025-11-02 15:17:11] [WARN] 
PARTIAL SUCCESS: Some phases incomplete
[2025-11-02 15:17:11] [INFO] Review log file for details
