
================================================================================
QUICK INSTALL - IOBR ONLY
================================================================================


[INSTALL] IOBR from Bioconductor...

'getOption("repos")' replaces Bioconductor standard repositories, see
'help("repositories", package = "BiocManager")' for details.
Replacement repositories:
    CRAN: https://cloud.r-project.org/
Bioconductor version 3.22 (BiocManager 1.30.26), R 4.5.0 (2025-04-11)
Installing package(s) 'BiocVersion', 'IOBR'
trying URL 'https://bioconductor.org/packages/3.22/bioc/src/contrib/BiocVersion_3.22.0.tar.gz'
Content type 'application/x-gzip' length 1112 bytes
==================================================
downloaded 1112 bytes

* installing *source* package ‘BiocVersion’ ...
** this is package ‘BiocVersion’ version ‘3.22.0’
** package ‘BiocVersion’ successfully unpacked and MD5 sums checked
** using staged installation
** help
*** installing help indices
** building package indices
** testing if installed package can be loaded from temporary location
** testing if installed package can be loaded from final location
** testing if installed package keeps a record of temporary installation path
* DONE (BiocVersion)

The downloaded source packages are in
	‘/tmp/Rtmpu5932K/downloaded_packages’

✅ IOBR installation completed!
Warning message:
package ‘IOBR’ is not available for Bioconductor version '3.22'

A version of this package for your version of R might be available elsewhere,
see the ideas at
https://cran.r-project.org/doc/manuals/r-patched/R-admin.html#Installing-packages 
