
================================================================================
INSTALLING 4 MISSING IOBR DEPENDENCIES
================================================================================

[INSTALL] Installing 4 missing dependencies...

[ggpubr] Installing...
'getOption("repos")' replaces Bioconductor standard repositories, see
'help("repositories", package = "BiocManager")' for details.
Replacement repositories:
    CRAN: https://cloud.r-project.org/
Bioconductor version 3.22 (BiocManager 1.30.26), R 4.5.0 (2025-04-11)
Installing package(s) 'ggpubr'
also installing the dependencies ‘nloptr’, ‘pbkrtest’, ‘lme4’, ‘car’, ‘rstatix’

trying URL 'https://cloud.r-project.org/src/contrib/nloptr_2.2.1.tar.gz'
trying URL 'https://cloud.r-project.org/src/contrib/pbkrtest_0.5.5.tar.gz'
trying URL 'https://cloud.r-project.org/src/contrib/lme4_1.1-37.tar.gz'
trying URL 'https://cloud.r-project.org/src/contrib/car_3.1-3.tar.gz'
trying URL 'https://cloud.r-project.org/src/contrib/rstatix_0.7.3.tar.gz'
trying URL 'https://cloud.r-project.org/src/contrib/ggpubr_0.6.2.tar.gz'
* installing *source* package ‘nloptr’ ...
** this is package ‘nloptr’ version ‘2.2.1’
** package ‘nloptr’ successfully unpacked and MD5 sums checked
** using staged installation
checking whether the C++ compiler works... yes
checking for C++ compiler default output file name... a.out
checking for suffix of executables... 
checking whether we are cross compiling... no
checking for suffix of object files... o
checking whether the compiler supports GNU C++... yes
checking whether g++ -std=gnu++17 accepts -g... yes
checking for g++ -std=gnu++17 option to enable C++11 features... none needed
checking how to run the C++ preprocessor... g++ -std=gnu++17 -E
checking whether the compiler supports GNU C++... (cached) yes
checking whether g++ -std=gnu++17 accepts -g... (cached) yes
checking for g++ -std=gnu++17 option to enable C++11 features... (cached) none needed
checking for pkg-config... /usr/bin/pkg-config
checking if pkg-config knows NLopt... no
checking for cmake... no

------------------ CMAKE NOT FOUND --------------------

CMake was not found on the PATH. Please install CMake:

 - sudo yum install cmake          (Fedora/CentOS; inside a terminal)
 - sudo apt install cmake          (Debian/Ubuntu; inside a terminal).
 - sudo pacman -S cmake            (Arch Linux; inside a terminal).
 - brew install --cask cmake       (MacOS; inside a terminal with Homebrew)
 - sudo port install cmake         (MacOS; inside a terminal with MacPorts)

Alternatively install CMake from: <https://cmake.org/>

-------------------------------------------------------

ERROR: configuration failed for package ‘nloptr’
* removing ‘/home/thc1006/R/library/nloptr’
ERROR: dependency ‘nloptr’ is not available for package ‘lme4’
Perhaps try a variation of:
install.packages('nloptr')
* removing ‘/home/thc1006/R/library/lme4’
ERROR: dependency ‘lme4’ is not available for package ‘pbkrtest’
Perhaps try a variation of:
install.packages('lme4')
* removing ‘/home/thc1006/R/library/pbkrtest’
ERROR: dependencies ‘pbkrtest’, ‘lme4’ are not available for package ‘car’
Perhaps try a variation of:
install.packages(c('pbkrtest', 'lme4'))
* removing ‘/home/thc1006/R/library/car’
ERROR: dependency ‘car’ is not available for package ‘rstatix’
Perhaps try a variation of:
install.packages('car')
* removing ‘/home/thc1006/R/library/rstatix’
ERROR: dependency ‘rstatix’ is not available for package ‘ggpubr’
Perhaps try a variation of:
install.packages('rstatix')
* removing ‘/home/thc1006/R/library/ggpubr’

The downloaded source packages are in
	‘/tmp/RtmpzaCDgr/downloaded_packages’
✅ ggpubr installed

[survminer] Installing...
'getOption("repos")' replaces Bioconductor standard repositories, see
'help("repositories", package = "BiocManager")' for details.
Replacement repositories:
    CRAN: https://cloud.r-project.org/
Bioconductor version 3.22 (BiocManager 1.30.26), R 4.5.0 (2025-04-11)
Installing package(s) 'survminer'
also installing the dependencies ‘nloptr’, ‘pbkrtest’, ‘lme4’, ‘car’, ‘rstatix’, ‘ggpubr’

trying URL 'https://cloud.r-project.org/src/contrib/nloptr_2.2.1.tar.gz'
trying URL 'https://cloud.r-project.org/src/contrib/pbkrtest_0.5.5.tar.gz'
trying URL 'https://cloud.r-project.org/src/contrib/lme4_1.1-37.tar.gz'
trying URL 'https://cloud.r-project.org/src/contrib/car_3.1-3.tar.gz'
trying URL 'https://cloud.r-project.org/src/contrib/rstatix_0.7.3.tar.gz'
trying URL 'https://cloud.r-project.org/src/contrib/ggpubr_0.6.2.tar.gz'
trying URL 'https://cloud.r-project.org/src/contrib/survminer_0.5.1.tar.gz'
* installing *source* package ‘nloptr’ ...
** this is package ‘nloptr’ version ‘2.2.1’
** package ‘nloptr’ successfully unpacked and MD5 sums checked
** using staged installation
checking whether the C++ compiler works... yes
checking for C++ compiler default output file name... a.out
checking for suffix of executables... 
checking whether we are cross compiling... no
checking for suffix of object files... o
checking whether the compiler supports GNU C++... yes
checking whether g++ -std=gnu++17 accepts -g... yes
checking for g++ -std=gnu++17 option to enable C++11 features... none needed
checking how to run the C++ preprocessor... g++ -std=gnu++17 -E
checking whether the compiler supports GNU C++... (cached) yes
checking whether g++ -std=gnu++17 accepts -g... (cached) yes
checking for g++ -std=gnu++17 option to enable C++11 features... (cached) none needed
checking for pkg-config... /usr/bin/pkg-config
checking if pkg-config knows NLopt... no
checking for cmake... no

------------------ CMAKE NOT FOUND --------------------

CMake was not found on the PATH. Please install CMake:

 - sudo yum install cmake          (Fedora/CentOS; inside a terminal)
 - sudo apt install cmake          (Debian/Ubuntu; inside a terminal).
 - sudo pacman -S cmake            (Arch Linux; inside a terminal).
 - brew install --cask cmake       (MacOS; inside a terminal with Homebrew)
 - sudo port install cmake         (MacOS; inside a terminal with MacPorts)

Alternatively install CMake from: <https://cmake.org/>

-------------------------------------------------------

ERROR: configuration failed for package ‘nloptr’
* removing ‘/home/thc1006/R/library/nloptr’
ERROR: dependency ‘nloptr’ is not available for package ‘lme4’
Perhaps try a variation of:
install.packages('nloptr')
* removing ‘/home/thc1006/R/library/lme4’
ERROR: dependency ‘lme4’ is not available for package ‘pbkrtest’
Perhaps try a variation of:
install.packages('lme4')
* removing ‘/home/thc1006/R/library/pbkrtest’
ERROR: dependencies ‘pbkrtest’, ‘lme4’ are not available for package ‘car’
Perhaps try a variation of:
install.packages(c('pbkrtest', 'lme4'))
* removing ‘/home/thc1006/R/library/car’
ERROR: dependency ‘car’ is not available for package ‘rstatix’
Perhaps try a variation of:
install.packages('car')
* removing ‘/home/thc1006/R/library/rstatix’
ERROR: dependency ‘rstatix’ is not available for package ‘ggpubr’
Perhaps try a variation of:
install.packages('rstatix')
* removing ‘/home/thc1006/R/library/ggpubr’
ERROR: dependency ‘ggpubr’ is not available for package ‘survminer’
Perhaps try a variation of:
install.packages('ggpubr')
* removing ‘/home/thc1006/R/library/survminer’

The downloaded source packages are in
	‘/tmp/RtmpzaCDgr/downloaded_packages’
✅ survminer installed

[clusterProfiler] Installing...
'getOption("repos")' replaces Bioconductor standard repositories, see
'help("repositories", package = "BiocManager")' for details.
Replacement repositories:
    CRAN: https://cloud.r-project.org/
Bioconductor version 3.22 (BiocManager 1.30.26), R 4.5.0 (2025-04-11)
Installing package(s) 'clusterProfiler'
also installing the dependencies ‘fontBitstreamVera’, ‘fontLiberation’, ‘fontquiver’, ‘gridGraphics’, ‘tweenr’, ‘systemfonts’, ‘gdtools’, ‘fastmatch’, ‘ggplotify’, ‘ggforce’, ‘ape’, ‘tidytree’, ‘treeio’, ‘ggiraph’, ‘R.oo’, ‘R.methodsS3’, ‘fgsea’, ‘aplot’, ‘ggfun’, ‘ggnewscale’, ‘ggtangle’, ‘scatterpie’, ‘ggtree’, ‘R.utils’, ‘DOSE’, ‘enrichplot’, ‘GOSemSim’, ‘gson’, ‘qvalue’, ‘yulab.utils’

trying URL 'https://cloud.r-project.org/src/contrib/fontBitstreamVera_0.1.1.tar.gz'
trying URL 'https://cloud.r-project.org/src/contrib/fontLiberation_0.1.0.tar.gz'
trying URL 'https://cloud.r-project.org/src/contrib/fontquiver_0.2.1.tar.gz'
trying URL 'https://cloud.r-project.org/src/contrib/gridGraphics_0.5-1.tar.gz'
trying URL 'https://cloud.r-project.org/src/contrib/tweenr_2.0.3.tar.gz'
trying URL 'https://cloud.r-project.org/src/contrib/systemfonts_1.3.1.tar.gz'
trying URL 'https://cloud.r-project.org/src/contrib/gdtools_0.4.4.tar.gz'
trying URL 'https://cloud.r-project.org/src/contrib/fastmatch_1.1-6.tar.gz'
trying URL 'https://cloud.r-project.org/src/contrib/ggplotify_0.1.3.tar.gz'
trying URL 'https://cloud.r-project.org/src/contrib/ggforce_0.5.0.tar.gz'
trying URL 'https://cloud.r-project.org/src/contrib/ape_5.8-1.tar.gz'
trying URL 'https://cloud.r-project.org/src/contrib/tidytree_0.4.6.tar.gz'
trying URL 'https://bioconductor.org/packages/3.22/bioc/src/contrib/treeio_1.34.0.tar.gz'
trying URL 'https://cloud.r-project.org/src/contrib/ggiraph_0.9.2.tar.gz'
trying URL 'https://cloud.r-project.org/src/contrib/R.oo_1.27.1.tar.gz'
trying URL 'https://cloud.r-project.org/src/contrib/R.methodsS3_1.8.2.tar.gz'
trying URL 'https://bioconductor.org/packages/3.22/bioc/src/contrib/fgsea_1.36.0.tar.gz'
trying URL 'https://cloud.r-project.org/src/contrib/aplot_0.2.9.tar.gz'
trying URL 'https://cloud.r-project.org/src/contrib/ggfun_0.2.0.tar.gz'
trying URL 'https://cloud.r-project.org/src/contrib/ggnewscale_0.5.2.tar.gz'
trying URL 'https://cloud.r-project.org/src/contrib/ggtangle_0.0.7.tar.gz'
trying URL 'https://cloud.r-project.org/src/contrib/scatterpie_0.2.6.tar.gz'
trying URL 'https://bioconductor.org/packages/3.22/bioc/src/contrib/ggtree_4.0.1.tar.gz'
trying URL 'https://cloud.r-project.org/src/contrib/R.utils_2.13.0.tar.gz'
trying URL 'https://bioconductor.org/packages/3.22/bioc/src/contrib/DOSE_4.4.0.tar.gz'
trying URL 'https://bioconductor.org/packages/3.22/bioc/src/contrib/enrichplot_1.30.0.tar.gz'
trying URL 'https://bioconductor.org/packages/3.22/bioc/src/contrib/GOSemSim_2.36.0.tar.gz'
trying URL 'https://cloud.r-project.org/src/contrib/gson_0.1.0.tar.gz'
trying URL 'https://bioconductor.org/packages/3.22/bioc/src/contrib/qvalue_2.42.0.tar.gz'
trying URL 'https://cloud.r-project.org/src/contrib/yulab.utils_0.2.1.tar.gz'
trying URL 'https://bioconductor.org/packages/3.22/bioc/src/contrib/clusterProfiler_4.18.0.tar.gz'
* installing *source* package ‘fontBitstreamVera’ ...
** this is package ‘fontBitstreamVera’ version ‘0.1.1’
** package ‘fontBitstreamVera’ successfully unpacked and MD5 sums checked
** using staged installation
** inst
** help
No man pages found in package  ‘fontBitstreamVera’ 
*** installing help indices
** building package indices
** testing if installed package can be loaded from temporary location
** testing if installed package can be loaded from final location
** testing if installed package keeps a record of temporary installation path
* DONE (fontBitstreamVera)
* installing *source* package ‘fontLiberation’ ...
** this is package ‘fontLiberation’ version ‘0.1.0’
** package ‘fontLiberation’ successfully unpacked and MD5 sums checked
** using staged installation
** inst
** help
No man pages found in package  ‘fontLiberation’ 
*** installing help indices
** building package indices
** testing if installed package can be loaded from temporary location
** testing if installed package can be loaded from final location
** testing if installed package keeps a record of temporary installation path
* DONE (fontLiberation)
* installing *source* package ‘gridGraphics’ ...
** this is package ‘gridGraphics’ version ‘0.5-1’
** package ‘gridGraphics’ successfully unpacked and MD5 sums checked
** using staged installation
** R
** inst
** byte-compile and prepare package for lazy loading
** help
*** installing help indices
** building package indices
** testing if installed package can be loaded from temporary location
** testing if installed package can be loaded from final location
** testing if installed package keeps a record of temporary installation path
* DONE (gridGraphics)
* installing *source* package ‘tweenr’ ...
** this is package ‘tweenr’ version ‘2.0.3’
** package ‘tweenr’ successfully unpacked and MD5 sums checked
** using staged installation
** libs
using C compiler: ‘gcc (Debian 14.2.0-19) 14.2.0’
using C++ compiler: ‘g++ (Debian 14.2.0-19) 14.2.0’
g++ -std=gnu++17 -I"/usr/share/R/include" -DNDEBUG  -I'/home/thc1006/R/library/cpp11/include'     -fpic  -g -O2 -ffile-prefix-map=/build/reproducible-path/r-base-4.5.0=. -fstack-protector-strong -fstack-clash-protection -Wformat -Werror=format-security -fcf-protection -Wdate-time -D_FORTIFY_SOURCE=2   -c along.cpp -o along.o
g++ -std=gnu++17 -I"/usr/share/R/include" -DNDEBUG  -I'/home/thc1006/R/library/cpp11/include'     -fpic  -g -O2 -ffile-prefix-map=/build/reproducible-path/r-base-4.5.0=. -fstack-protector-strong -fstack-clash-protection -Wformat -Werror=format-security -fcf-protection -Wdate-time -D_FORTIFY_SOURCE=2   -c at.cpp -o at.o
g++ -std=gnu++17 -I"/usr/share/R/include" -DNDEBUG  -I'/home/thc1006/R/library/cpp11/include'     -fpic  -g -O2 -ffile-prefix-map=/build/reproducible-path/r-base-4.5.0=. -fstack-protector-strong -fstack-clash-protection -Wformat -Werror=format-security -fcf-protection -Wdate-time -D_FORTIFY_SOURCE=2   -c cpp11.cpp -o cpp11.o
gcc -std=gnu23 -I"/usr/share/R/include" -DNDEBUG  -I'/home/thc1006/R/library/cpp11/include'     -fpic  -g -O2 -ffile-prefix-map=/build/reproducible-path/r-base-4.5.0=. -fstack-protector-strong -fstack-clash-protection -Wformat -Werror=format-security -fcf-protection -Wdate-time -D_FORTIFY_SOURCE=2  -c easing.c -o easing.o
g++ -std=gnu++17 -I"/usr/share/R/include" -DNDEBUG  -I'/home/thc1006/R/library/cpp11/include'     -fpic  -g -O2 -ffile-prefix-map=/build/reproducible-path/r-base-4.5.0=. -fstack-protector-strong -fstack-clash-protection -Wformat -Werror=format-security -fcf-protection -Wdate-time -D_FORTIFY_SOURCE=2   -c element.cpp -o element.o
g++ -std=gnu++17 -I"/usr/share/R/include" -DNDEBUG  -I'/home/thc1006/R/library/cpp11/include'     -fpic  -g -O2 -ffile-prefix-map=/build/reproducible-path/r-base-4.5.0=. -fstack-protector-strong -fstack-clash-protection -Wformat -Werror=format-security -fcf-protection -Wdate-time -D_FORTIFY_SOURCE=2   -c element_at.cpp -o element_at.o
g++ -std=gnu++17 -I"/usr/share/R/include" -DNDEBUG  -I'/home/thc1006/R/library/cpp11/include'     -fpic  -g -O2 -ffile-prefix-map=/build/reproducible-path/r-base-4.5.0=. -fstack-protector-strong -fstack-clash-protection -Wformat -Werror=format-security -fcf-protection -Wdate-time -D_FORTIFY_SOURCE=2   -c fill.cpp -o fill.o
g++ -std=gnu++17 -I"/usr/share/R/include" -DNDEBUG  -I'/home/thc1006/R/library/cpp11/include'     -fpic  -g -O2 -ffile-prefix-map=/build/reproducible-path/r-base-4.5.0=. -fstack-protector-strong -fstack-clash-protection -Wformat -Werror=format-security -fcf-protection -Wdate-time -D_FORTIFY_SOURCE=2   -c state.cpp -o state.o
g++ -std=gnu++17 -shared -L/usr/lib/R/lib -Wl,-z,relro -o tweenr.so along.o at.o cpp11.o easing.o element.o element_at.o fill.o state.o -L/usr/lib/R/lib -lR
installing to /home/thc1006/R/library/00LOCK-tweenr/00new/tweenr/libs
** R
** byte-compile and prepare package for lazy loading
** help
*** installing help indices
*** copying figures
** building package indices
** testing if installed package can be loaded from temporary location
** checking absolute paths in shared objects and dynamic libraries
** testing if installed package can be loaded from final location
** testing if installed package keeps a record of temporary installation path
* DONE (tweenr)
* installing *source* package ‘systemfonts’ ...
** this is package ‘systemfonts’ version ‘1.3.1’
** package ‘systemfonts’ successfully unpacked and MD5 sums checked
** using staged installation
Package fontconfig was not found in the pkg-config search path.
Perhaps you should add the directory containing `fontconfig.pc'
to the PKG_CONFIG_PATH environment variable
Package 'fontconfig', required by 'virtual:world', not found
Package 'freetype2', required by 'virtual:world', not found
Using PKG_CFLAGS=
Using PKG_LIBS=-lfontconfig -lfreetype
--------------------------- [ANTICONF] --------------------------------
Configuration failed to find the fontconfig freetype2 library. Try installing:
 * deb: libfontconfig1-dev (Debian, Ubuntu, etc)
 * rpm: fontconfig-devel (Fedora, EPEL)
 * csw: fontconfig_dev (Solaris)
 * brew: freetype (OSX)
If fontconfig freetype2 is already installed, check that 'pkg-config' is in your
PATH and PKG_CONFIG_PATH contains a fontconfig freetype2.pc file. If pkg-config
is unavailable you can set INCLUDE_DIR and LIB_DIR manually via:
R CMD INSTALL --configure-vars='INCLUDE_DIR=... LIB_DIR=...'
-------------------------- [ERROR MESSAGE] ---------------------------
<stdin>:1:10: fatal error: fontconfig/fontconfig.h: No such file or directory
compilation terminated.
--------------------------------------------------------------------
ERROR: configuration failed for package ‘systemfonts’
* removing ‘/home/thc1006/R/library/systemfonts’
* installing *source* package ‘fastmatch’ ...
** this is package ‘fastmatch’ version ‘1.1-6’
** package ‘fastmatch’ successfully unpacked and MD5 sums checked
** using staged installation
** libs
using C compiler: ‘gcc (Debian 14.2.0-19) 14.2.0’
gcc -std=gnu23 -I"/usr/share/R/include" -DNDEBUG       -fpic  -g -O2 -ffile-prefix-map=/build/reproducible-path/r-base-4.5.0=. -fstack-protector-strong -fstack-clash-protection -Wformat -Werror=format-security -fcf-protection -Wdate-time -D_FORTIFY_SOURCE=2  -c ctapply.c -o ctapply.o
gcc -std=gnu23 -I"/usr/share/R/include" -DNDEBUG       -fpic  -g -O2 -ffile-prefix-map=/build/reproducible-path/r-base-4.5.0=. -fstack-protector-strong -fstack-clash-protection -Wformat -Werror=format-security -fcf-protection -Wdate-time -D_FORTIFY_SOURCE=2  -c dummy.c -o dummy.o
gcc -std=gnu23 -I"/usr/share/R/include" -DNDEBUG       -fpic  -g -O2 -ffile-prefix-map=/build/reproducible-path/r-base-4.5.0=. -fstack-protector-strong -fstack-clash-protection -Wformat -Werror=format-security -fcf-protection -Wdate-time -D_FORTIFY_SOURCE=2  -c fasthash.c -o fasthash.o
gcc -std=gnu23 -I"/usr/share/R/include" -DNDEBUG       -fpic  -g -O2 -ffile-prefix-map=/build/reproducible-path/r-base-4.5.0=. -fstack-protector-strong -fstack-clash-protection -Wformat -Werror=format-security -fcf-protection -Wdate-time -D_FORTIFY_SOURCE=2  -c fastmatch.c -o fastmatch.o
gcc -std=gnu23 -shared -L/usr/lib/R/lib -Wl,-z,relro -o fastmatch.so ctapply.o dummy.o fasthash.o fastmatch.o -L/usr/lib/R/lib -lR
installing to /home/thc1006/R/library/00LOCK-fastmatch/00new/fastmatch/libs
** R
** byte-compile and prepare package for lazy loading
** help
*** installing help indices
** building package indices
** testing if installed package can be loaded from temporary location
** checking absolute paths in shared objects and dynamic libraries
** testing if installed package can be loaded from final location
** testing if installed package keeps a record of temporary installation path
* DONE (fastmatch)
* installing *source* package ‘ape’ ...
** this is package ‘ape’ version ‘5.8-1’
** package ‘ape’ successfully unpacked and MD5 sums checked
** using staged installation
** libs
using C compiler: ‘gcc (Debian 14.2.0-19) 14.2.0’
using C++ compiler: ‘g++ (Debian 14.2.0-19) 14.2.0’
gcc -std=gnu23 -I"/usr/share/R/include" -DNDEBUG  -I'/home/thc1006/R/library/Rcpp/include'     -fpic  -g -O2 -ffile-prefix-map=/build/reproducible-path/r-base-4.5.0=. -fstack-protector-strong -fstack-clash-protection -Wformat -Werror=format-security -fcf-protection -Wdate-time -D_FORTIFY_SOURCE=2  -c BIONJ.c -o BIONJ.o
gcc -std=gnu23 -I"/usr/share/R/include" -DNDEBUG  -I'/home/thc1006/R/library/Rcpp/include'     -fpic  -g -O2 -ffile-prefix-map=/build/reproducible-path/r-base-4.5.0=. -fstack-protector-strong -fstack-clash-protection -Wformat -Werror=format-security -fcf-protection -Wdate-time -D_FORTIFY_SOURCE=2  -c NNI.c -o NNI.o
g++ -std=gnu++17 -I"/usr/share/R/include" -DNDEBUG  -I'/home/thc1006/R/library/Rcpp/include'     -fpic  -g -O2 -ffile-prefix-map=/build/reproducible-path/r-base-4.5.0=. -fstack-protector-strong -fstack-clash-protection -Wformat -Werror=format-security -fcf-protection -Wdate-time -D_FORTIFY_SOURCE=2   -c RcppExports.cpp -o RcppExports.o
gcc -std=gnu23 -I"/usr/share/R/include" -DNDEBUG  -I'/home/thc1006/R/library/Rcpp/include'     -fpic  -g -O2 -ffile-prefix-map=/build/reproducible-path/r-base-4.5.0=. -fstack-protector-strong -fstack-clash-protection -Wformat -Werror=format-security -fcf-protection -Wdate-time -D_FORTIFY_SOURCE=2  -c SPR.c -o SPR.o
gcc -std=gnu23 -I"/usr/share/R/include" -DNDEBUG  -I'/home/thc1006/R/library/Rcpp/include'     -fpic  -g -O2 -ffile-prefix-map=/build/reproducible-path/r-base-4.5.0=. -fstack-protector-strong -fstack-clash-protection -Wformat -Werror=format-security -fcf-protection -Wdate-time -D_FORTIFY_SOURCE=2  -c additive.c -o additive.o
gcc -std=gnu23 -I"/usr/share/R/include" -DNDEBUG  -I'/home/thc1006/R/library/Rcpp/include'     -fpic  -g -O2 -ffile-prefix-map=/build/reproducible-path/r-base-4.5.0=. -fstack-protector-strong -fstack-clash-protection -Wformat -Werror=format-security -fcf-protection -Wdate-time -D_FORTIFY_SOURCE=2  -c ape.c -o ape.o
gcc -std=gnu23 -I"/usr/share/R/include" -DNDEBUG  -I'/home/thc1006/R/library/Rcpp/include'     -fpic  -g -O2 -ffile-prefix-map=/build/reproducible-path/r-base-4.5.0=. -fstack-protector-strong -fstack-clash-protection -Wformat -Werror=format-security -fcf-protection -Wdate-time -D_FORTIFY_SOURCE=2  -c bNNI.c -o bNNI.o
gcc -std=gnu23 -I"/usr/share/R/include" -DNDEBUG  -I'/home/thc1006/R/library/Rcpp/include'     -fpic  -g -O2 -ffile-prefix-map=/build/reproducible-path/r-base-4.5.0=. -fstack-protector-strong -fstack-clash-protection -Wformat -Werror=format-security -fcf-protection -Wdate-time -D_FORTIFY_SOURCE=2  -c bionjs.c -o bionjs.o
gcc -std=gnu23 -I"/usr/share/R/include" -DNDEBUG  -I'/home/thc1006/R/library/Rcpp/include'     -fpic  -g -O2 -ffile-prefix-map=/build/reproducible-path/r-base-4.5.0=. -fstack-protector-strong -fstack-clash-protection -Wformat -Werror=format-security -fcf-protection -Wdate-time -D_FORTIFY_SOURCE=2  -c bipartition.c -o bipartition.o
gcc -std=gnu23 -I"/usr/share/R/include" -DNDEBUG  -I'/home/thc1006/R/library/Rcpp/include'     -fpic  -g -O2 -ffile-prefix-map=/build/reproducible-path/r-base-4.5.0=. -fstack-protector-strong -fstack-clash-protection -Wformat -Werror=format-security -fcf-protection -Wdate-time -D_FORTIFY_SOURCE=2  -c bitsplits.c -o bitsplits.o
gcc -std=gnu23 -I"/usr/share/R/include" -DNDEBUG  -I'/home/thc1006/R/library/Rcpp/include'     -fpic  -g -O2 -ffile-prefix-map=/build/reproducible-path/r-base-4.5.0=. -fstack-protector-strong -fstack-clash-protection -Wformat -Werror=format-security -fcf-protection -Wdate-time -D_FORTIFY_SOURCE=2  -c delta_plot.c -o delta_plot.o
gcc -std=gnu23 -I"/usr/share/R/include" -DNDEBUG  -I'/home/thc1006/R/library/Rcpp/include'     -fpic  -g -O2 -ffile-prefix-map=/build/reproducible-path/r-base-4.5.0=. -fstack-protector-strong -fstack-clash-protection -Wformat -Werror=format-security -fcf-protection -Wdate-time -D_FORTIFY_SOURCE=2  -c dist_dna.c -o dist_dna.o
gcc -std=gnu23 -I"/usr/share/R/include" -DNDEBUG  -I'/home/thc1006/R/library/Rcpp/include'     -fpic  -g -O2 -ffile-prefix-map=/build/reproducible-path/r-base-4.5.0=. -fstack-protector-strong -fstack-clash-protection -Wformat -Werror=format-security -fcf-protection -Wdate-time -D_FORTIFY_SOURCE=2  -c dist_nodes.c -o dist_nodes.o
gcc -std=gnu23 -I"/usr/share/R/include" -DNDEBUG  -I'/home/thc1006/R/library/Rcpp/include'     -fpic  -g -O2 -ffile-prefix-map=/build/reproducible-path/r-base-4.5.0=. -fstack-protector-strong -fstack-clash-protection -Wformat -Werror=format-security -fcf-protection -Wdate-time -D_FORTIFY_SOURCE=2  -c ewLasso.c -o ewLasso.o
gcc -std=gnu23 -I"/usr/share/R/include" -DNDEBUG  -I'/home/thc1006/R/library/Rcpp/include'     -fpic  -g -O2 -ffile-prefix-map=/build/reproducible-path/r-base-4.5.0=. -fstack-protector-strong -fstack-clash-protection -Wformat -Werror=format-security -fcf-protection -Wdate-time -D_FORTIFY_SOURCE=2  -c heap.c -o heap.o
gcc -std=gnu23 -I"/usr/share/R/include" -DNDEBUG  -I'/home/thc1006/R/library/Rcpp/include'     -fpic  -g -O2 -ffile-prefix-map=/build/reproducible-path/r-base-4.5.0=. -fstack-protector-strong -fstack-clash-protection -Wformat -Werror=format-security -fcf-protection -Wdate-time -D_FORTIFY_SOURCE=2  -c mat_expo.c -o mat_expo.o
gcc -std=gnu23 -I"/usr/share/R/include" -DNDEBUG  -I'/home/thc1006/R/library/Rcpp/include'     -fpic  -g -O2 -ffile-prefix-map=/build/reproducible-path/r-base-4.5.0=. -fstack-protector-strong -fstack-clash-protection -Wformat -Werror=format-security -fcf-protection -Wdate-time -D_FORTIFY_SOURCE=2  -c me.c -o me.o
gcc -std=gnu23 -I"/usr/share/R/include" -DNDEBUG  -I'/home/thc1006/R/library/Rcpp/include'     -fpic  -g -O2 -ffile-prefix-map=/build/reproducible-path/r-base-4.5.0=. -fstack-protector-strong -fstack-clash-protection -Wformat -Werror=format-security -fcf-protection -Wdate-time -D_FORTIFY_SOURCE=2  -c me_balanced.c -o me_balanced.o
gcc -std=gnu23 -I"/usr/share/R/include" -DNDEBUG  -I'/home/thc1006/R/library/Rcpp/include'     -fpic  -g -O2 -ffile-prefix-map=/build/reproducible-path/r-base-4.5.0=. -fstack-protector-strong -fstack-clash-protection -Wformat -Werror=format-security -fcf-protection -Wdate-time -D_FORTIFY_SOURCE=2  -c me_ols.c -o me_ols.o
gcc -std=gnu23 -I"/usr/share/R/include" -DNDEBUG  -I'/home/thc1006/R/library/Rcpp/include'     -fpic  -g -O2 -ffile-prefix-map=/build/reproducible-path/r-base-4.5.0=. -fstack-protector-strong -fstack-clash-protection -Wformat -Werror=format-security -fcf-protection -Wdate-time -D_FORTIFY_SOURCE=2  -c mvr.c -o mvr.o
gcc -std=gnu23 -I"/usr/share/R/include" -DNDEBUG  -I'/home/thc1006/R/library/Rcpp/include'     -fpic  -g -O2 -ffile-prefix-map=/build/reproducible-path/r-base-4.5.0=. -fstack-protector-strong -fstack-clash-protection -Wformat -Werror=format-security -fcf-protection -Wdate-time -D_FORTIFY_SOURCE=2  -c mvrs.c -o mvrs.o
gcc -std=gnu23 -I"/usr/share/R/include" -DNDEBUG  -I'/home/thc1006/R/library/Rcpp/include'     -fpic  -g -O2 -ffile-prefix-map=/build/reproducible-path/r-base-4.5.0=. -fstack-protector-strong -fstack-clash-protection -Wformat -Werror=format-security -fcf-protection -Wdate-time -D_FORTIFY_SOURCE=2  -c nj.c -o nj.o
gcc -std=gnu23 -I"/usr/share/R/include" -DNDEBUG  -I'/home/thc1006/R/library/Rcpp/include'     -fpic  -g -O2 -ffile-prefix-map=/build/reproducible-path/r-base-4.5.0=. -fstack-protector-strong -fstack-clash-protection -Wformat -Werror=format-security -fcf-protection -Wdate-time -D_FORTIFY_SOURCE=2  -c njs.c -o njs.o
gcc -std=gnu23 -I"/usr/share/R/include" -DNDEBUG  -I'/home/thc1006/R/library/Rcpp/include'     -fpic  -g -O2 -ffile-prefix-map=/build/reproducible-path/r-base-4.5.0=. -fstack-protector-strong -fstack-clash-protection -Wformat -Werror=format-security -fcf-protection -Wdate-time -D_FORTIFY_SOURCE=2  -c pic.c -o pic.o
gcc -std=gnu23 -I"/usr/share/R/include" -DNDEBUG  -I'/home/thc1006/R/library/Rcpp/include'     -fpic  -g -O2 -ffile-prefix-map=/build/reproducible-path/r-base-4.5.0=. -fstack-protector-strong -fstack-clash-protection -Wformat -Werror=format-security -fcf-protection -Wdate-time -D_FORTIFY_SOURCE=2  -c plot_phylo.c -o plot_phylo.o
g++ -std=gnu++17 -I"/usr/share/R/include" -DNDEBUG  -I'/home/thc1006/R/library/Rcpp/include'     -fpic  -g -O2 -ffile-prefix-map=/build/reproducible-path/r-base-4.5.0=. -fstack-protector-strong -fstack-clash-protection -Wformat -Werror=format-security -fcf-protection -Wdate-time -D_FORTIFY_SOURCE=2   -c prop_part.cpp -o prop_part.o
gcc -std=gnu23 -I"/usr/share/R/include" -DNDEBUG  -I'/home/thc1006/R/library/Rcpp/include'     -fpic  -g -O2 -ffile-prefix-map=/build/reproducible-path/r-base-4.5.0=. -fstack-protector-strong -fstack-clash-protection -Wformat -Werror=format-security -fcf-protection -Wdate-time -D_FORTIFY_SOURCE=2  -c rTrait.c -o rTrait.o
gcc -std=gnu23 -I"/usr/share/R/include" -DNDEBUG  -I'/home/thc1006/R/library/Rcpp/include'     -fpic  -g -O2 -ffile-prefix-map=/build/reproducible-path/r-base-4.5.0=. -fstack-protector-strong -fstack-clash-protection -Wformat -Werror=format-security -fcf-protection -Wdate-time -D_FORTIFY_SOURCE=2  -c read_dna.c -o read_dna.o
g++ -std=gnu++17 -I"/usr/share/R/include" -DNDEBUG  -I'/home/thc1006/R/library/Rcpp/include'     -fpic  -g -O2 -ffile-prefix-map=/build/reproducible-path/r-base-4.5.0=. -fstack-protector-strong -fstack-clash-protection -Wformat -Werror=format-security -fcf-protection -Wdate-time -D_FORTIFY_SOURCE=2   -c reorder_Rcpp.cpp -o reorder_Rcpp.o
gcc -std=gnu23 -I"/usr/share/R/include" -DNDEBUG  -I'/home/thc1006/R/library/Rcpp/include'     -fpic  -g -O2 -ffile-prefix-map=/build/reproducible-path/r-base-4.5.0=. -fstack-protector-strong -fstack-clash-protection -Wformat -Werror=format-security -fcf-protection -Wdate-time -D_FORTIFY_SOURCE=2  -c reorder_phylo.c -o reorder_phylo.o
gcc -std=gnu23 -I"/usr/share/R/include" -DNDEBUG  -I'/home/thc1006/R/library/Rcpp/include'     -fpic  -g -O2 -ffile-prefix-map=/build/reproducible-path/r-base-4.5.0=. -fstack-protector-strong -fstack-clash-protection -Wformat -Werror=format-security -fcf-protection -Wdate-time -D_FORTIFY_SOURCE=2  -c treePop.c -o treePop.o
gcc -std=gnu23 -I"/usr/share/R/include" -DNDEBUG  -I'/home/thc1006/R/library/Rcpp/include'     -fpic  -g -O2 -ffile-prefix-map=/build/reproducible-path/r-base-4.5.0=. -fstack-protector-strong -fstack-clash-protection -Wformat -Werror=format-security -fcf-protection -Wdate-time -D_FORTIFY_SOURCE=2  -c tree_build.c -o tree_build.o
gcc -std=gnu23 -I"/usr/share/R/include" -DNDEBUG  -I'/home/thc1006/R/library/Rcpp/include'     -fpic  -g -O2 -ffile-prefix-map=/build/reproducible-path/r-base-4.5.0=. -fstack-protector-strong -fstack-clash-protection -Wformat -Werror=format-security -fcf-protection -Wdate-time -D_FORTIFY_SOURCE=2  -c tree_phylo.c -o tree_phylo.o
gcc -std=gnu23 -I"/usr/share/R/include" -DNDEBUG  -I'/home/thc1006/R/library/Rcpp/include'     -fpic  -g -O2 -ffile-prefix-map=/build/reproducible-path/r-base-4.5.0=. -fstack-protector-strong -fstack-clash-protection -Wformat -Werror=format-security -fcf-protection -Wdate-time -D_FORTIFY_SOURCE=2  -c triangMtd.c -o triangMtd.o
gcc -std=gnu23 -I"/usr/share/R/include" -DNDEBUG  -I'/home/thc1006/R/library/Rcpp/include'     -fpic  -g -O2 -ffile-prefix-map=/build/reproducible-path/r-base-4.5.0=. -fstack-protector-strong -fstack-clash-protection -Wformat -Werror=format-security -fcf-protection -Wdate-time -D_FORTIFY_SOURCE=2  -c triangMtds.c -o triangMtds.o
gcc -std=gnu23 -I"/usr/share/R/include" -DNDEBUG  -I'/home/thc1006/R/library/Rcpp/include'     -fpic  -g -O2 -ffile-prefix-map=/build/reproducible-path/r-base-4.5.0=. -fstack-protector-strong -fstack-clash-protection -Wformat -Werror=format-security -fcf-protection -Wdate-time -D_FORTIFY_SOURCE=2  -c ultrametric.c -o ultrametric.o
g++ -std=gnu++17 -shared -L/usr/lib/R/lib -Wl,-z,relro -o ape.so BIONJ.o NNI.o RcppExports.o SPR.o additive.o ape.o bNNI.o bionjs.o bipartition.o bitsplits.o delta_plot.o dist_dna.o dist_nodes.o ewLasso.o heap.o mat_expo.o me.o me_balanced.o me_ols.o mvr.o mvrs.o nj.o njs.o pic.o plot_phylo.o prop_part.o rTrait.o read_dna.o reorder_Rcpp.o reorder_phylo.o treePop.o tree_build.o tree_phylo.o triangMtd.o triangMtds.o ultrametric.o -llapack -lblas -lgfortran -lm -lquadmath -L/usr/lib/R/lib -lR
installing to /home/thc1006/R/library/00LOCK-ape/00new/ape/libs
** R
** data
** inst
** byte-compile and prepare package for lazy loading
** help
*** installing help indices
** building package indices
** installing vignettes
** testing if installed package can be loaded from temporary location
** checking absolute paths in shared objects and dynamic libraries
** testing if installed package can be loaded from final location
** testing if installed package keeps a record of temporary installation path
* DONE (ape)
* installing *source* package ‘R.methodsS3’ ...
** this is package ‘R.methodsS3’ version ‘1.8.2’
** package ‘R.methodsS3’ successfully unpacked and MD5 sums checked
** using staged installation
** R
** inst
** byte-compile and prepare package for lazy loading
** help
*** installing help indices
** building package indices
** testing if installed package can be loaded from temporary location
** testing if installed package can be loaded from final location
** testing if installed package keeps a record of temporary installation path
* DONE (R.methodsS3)
* installing *source* package ‘ggnewscale’ ...
** this is package ‘ggnewscale’ version ‘0.5.2’
** package ‘ggnewscale’ successfully unpacked and MD5 sums checked
** using staged installation
** R
** byte-compile and prepare package for lazy loading
