System has 32 CPU cores available

================================================================================
PARALLEL PARTIAL CORRELATION v3 - WITH TIMER2.0 IMMUNE CONFOUNDERS
Using 32 CPU cores for acceleration
================================================================================

[LOAD] Loading expression data...
  Expression: 1635 samples x 41498 variables

[LOAD] Loading TIMER2.0 immune scores...
  TIMER2.0: 1635 samples with immune scores

[MERGE] Combining expression and immune data...
  Common samples: 0

[CONFOUNDERS] Preparing confounder matrix...
  Available confounders: 11/11
  Confounders ready: 11 variables

[ANALYZE] Calculating partial correlations (parallel mode)...
  Analyzing 5 gene pairs
  Each pair: 1,000 bootstrap iterations
  Total computational load: 5000 = 5,000 iterations
  Parallelization: 32 cores


--- CMTM6 vs STUB1 ---
  [SKIP] Genes not found in expression matrix

--- CMTM6 vs SQSTM1 ---
  [SKIP] Genes not found in expression matrix

--- STUB1 vs SQSTM1 ---
  [SKIP] Genes not found in expression matrix

--- HIP1R vs SQSTM1 ---
  [SKIP] Genes not found in expression matrix

--- HIP1R vs STUB1 ---
  [SKIP] Genes not found in expression matrix

[PERFORMANCE] Total analysis time: 0.0s
Traceback (most recent call last):
  File "/home/thc1006/dev/p62-pdl1-llps-starter/scripts/excellence_upgrade/stage3_v3_timer2_confounders_parallel.py", line 330, in <module>
    print(f"  Average per gene pair: {overall_elapsed/len(results):.1f}s")
                                      ~~~~~~~~~~~~~~~^~~~~~~~~~~~~
ZeroDivisionError: float division by zero
