[2025-11-02 20:42:44] [INFO] 
================================================================================
[2025-11-02 20:42:44] [INFO] MASTER EXECUTION PIPELINE - COMPLETE RESEARCH WORKFLOW
[2025-11-02 20:42:44] [INFO] ================================================================================
[2025-11-02 20:42:44] [INFO] Start time: 2025-11-02 20:42:44
[2025-11-02 20:42:44] [INFO] Log file: /home/thc1006/dev/p62-pdl1-llps-starter/outputs/execution_logs/master_execution_20251102_204244.log
[2025-11-02 20:42:44] [INFO] 
--------------------------------------------------------------------------------
[2025-11-02 20:42:44] [INFO] PHASE OVERVIEW
[2025-11-02 20:42:44] [INFO] --------------------------------------------------------------------------------
[2025-11-02 20:42:44] [INFO]   1A: Setup Data Download Pipeline [CRITICAL] 
[2025-11-02 20:42:44] [INFO]        Time: 5 min
[2025-11-02 20:42:44] [INFO]   1B: Download Complete TCGA Data [OPTIONAL] [MANUAL]
[2025-11-02 20:42:44] [INFO]        Time: 2-8 hours (depends on connection)
[2025-11-02 20:42:44] [INFO]   1C: Process Expression Data [CRITICAL] 
[2025-11-02 20:42:44] [INFO]        Time: 30-60 min
[2025-11-02 20:42:44] [INFO]   1D: Process Clinical Data [CRITICAL] 
[2025-11-02 20:42:44] [INFO]        Time: 10 min
[2025-11-02 20:42:44] [INFO]   2A: Re-run Fixed Analysis with Real Data [CRITICAL] 
[2025-11-02 20:42:44] [INFO]        Time: 5 min
[2025-11-02 20:42:44] [INFO]   2B: TIMER2.0 Immune Deconvolution [CRITICAL] 
[2025-11-02 20:42:44] [INFO]        Time: 15 min
[2025-11-02 20:42:44] [INFO]   2C: Re-run Partial Correlation with TIMER2 Scores [CRITICAL] 
[2025-11-02 20:42:44] [INFO]        Time: 3 min
[2025-11-02 20:42:44] [INFO]   3A: Single-Cell Validation (TISCH2) [OPTIONAL] 
[2025-11-02 20:42:44] [INFO]        Time: 20 min
[2025-11-02 20:42:44] [INFO]   3B: External Cohort Validation (GEO) [OPTIONAL] 
[2025-11-02 20:42:44] [INFO]        Time: 30 min
[2025-11-02 20:42:44] [INFO]   3C: Sensitivity Analysis [OPTIONAL] 
[2025-11-02 20:42:44] [INFO]        Time: 10 min
[2025-11-02 20:42:44] [INFO]   4A: Generate Publication-Quality Figures [CRITICAL] 
[2025-11-02 20:42:44] [INFO]        Time: 15 min
[2025-11-02 20:42:44] [INFO]   4B: Update Manuscript [CRITICAL] 
[2025-11-02 20:42:44] [INFO]        Time: 5 min
[2025-11-02 20:42:44] [INFO]   5A: Generate Final PDF [CRITICAL] 
[2025-11-02 20:42:44] [INFO]        Time: 2 min
[2025-11-02 20:42:44] [INFO]   5B: Prepare Supplementary Materials [CRITICAL] 
[2025-11-02 20:42:44] [INFO]        Time: 5 min
[2025-11-02 20:42:44] [INFO]   5C: Generate Submission Package [CRITICAL] 
[2025-11-02 20:42:44] [INFO]        Time: 2 min
[2025-11-02 20:42:44] [INFO] --------------------------------------------------------------------------------
[2025-11-02 20:42:44] [INFO] 
This will execute the complete research pipeline.
[2025-11-02 20:42:44] [INFO] Estimated total time: 4-10 hours (mostly data download)
[2025-11-02 20:42:44] [INFO] 
[2025-11-02 20:42:44] [INFO] [AUTO-YES] Proceeding automatically...
[2025-11-02 20:42:44] [INFO] ================================================================================
[2025-11-02 20:42:44] [PHASE] PHASE 1A: Setup Data Download Pipeline
[2025-11-02 20:42:44] [INFO] ================================================================================
[2025-11-02 20:42:44] [INFO] Description: Query GDC and setup download manifest
[2025-11-02 20:42:44] [INFO] Estimated time: 5 min
[2025-11-02 20:42:44] [INFO] Executing: /home/thc1006/dev/p62-pdl1-llps-starter/scripts/data_pipeline/01_download_tcga_complete.py
[2025-11-02 20:42:52] [DEBUG] STDOUT:
[2025-11-02 20:42:52] [DEBUG]   
[2025-11-02 20:42:52] [DEBUG]   ================================================================================
[2025-11-02 20:42:52] [DEBUG]   TCGA COMPLETE DATA DOWNLOAD PIPELINE
[2025-11-02 20:42:52] [DEBUG]   ================================================================================
[2025-11-02 20:42:52] [DEBUG]   
[2025-11-02 20:42:52] [DEBUG]   [STEP 1] Querying GDC for available data...
[2025-11-02 20:42:52] [DEBUG]   
[2025-11-02 20:42:52] [DEBUG]   ================================================================================
[2025-11-02 20:42:52] [DEBUG]   TCGA DATA AVAILABILITY SUMMARY
[2025-11-02 20:42:52] [DEBUG]   ================================================================================
[2025-11-02 20:42:52] [DEBUG]   
[2025-11-02 20:42:52] [DEBUG]   TCGA-LUAD: Lung Adenocarcinoma
[2025-11-02 20:42:52] [DEBUG]   ----------------------------------------
[2025-11-02 20:42:52] [DEBUG]   
[2025-11-02 20:42:52] [DEBUG]   [QUERY] TCGA-LUAD - Transcriptome Profiling
[2025-11-02 20:42:52] [DEBUG]     Found 601 files (2.37 GB)
[2025-11-02 20:42:52] [DEBUG]   
[2025-11-02 20:42:52] [DEBUG]   [QUERY] TCGA-LUAD - Clinical
[2025-11-02 20:42:52] [DEBUG]     Found 623 files (0.02 GB)
[2025-11-02 20:42:52] [DEBUG]   
[2025-11-02 20:42:52] [DEBUG]     RNA-seq files: 601
[2025-11-02 20:42:52] [DEBUG]     Clinical files: 623
[2025-11-02 20:42:52] [DEBUG]   
[2025-11-02 20:42:52] [DEBUG]   TCGA-LUSC: Lung Squamous Cell Carcinoma
[2025-11-02 20:42:52] [DEBUG]   ----------------------------------------
[2025-11-02 20:42:52] [DEBUG]   
[2025-11-02 20:42:52] [DEBUG]   [QUERY] TCGA-LUSC - Transcriptome Profiling
[2025-11-02 20:42:52] [DEBUG]     Found 562 files (2.22 GB)
[2025-11-02 20:42:52] [DEBUG]   
[2025-11-02 20:42:52] [DEBUG]   [QUERY] TCGA-LUSC - Clinical
[2025-11-02 20:42:52] [DEBUG]     Found 577 files (0.02 GB)
[2025-11-02 20:42:52] [DEBUG]   
[2025-11-02 20:42:52] [DEBUG]     RNA-seq files: 562
[2025-11-02 20:42:52] [DEBUG]     Clinical files: 577
[2025-11-02 20:42:52] [DEBUG]   
[2025-11-02 20:42:52] [DEBUG]   TCGA-SKCM: Skin Cutaneous Melanoma
[2025-11-02 20:42:52] [DEBUG]   ----------------------------------------
[2025-11-02 20:42:52] [DEBUG]   
[2025-11-02 20:42:52] [DEBUG]   [QUERY] TCGA-SKCM - Transcriptome Profiling
[2025-11-02 20:42:52] [DEBUG]     Found 473 files (1.86 GB)
[2025-11-02 20:42:52] [DEBUG]   
[2025-11-02 20:42:52] [DEBUG]   [QUERY] TCGA-SKCM - Clinical
[2025-11-02 20:42:52] [DEBUG]     Found 499 files (0.02 GB)
[2025-11-02 20:42:52] [DEBUG]   
[2025-11-02 20:42:52] [DEBUG]     RNA-seq files: 473
[2025-11-02 20:42:52] [DEBUG]     Clinical files: 499
[2025-11-02 20:42:52] [DEBUG]   
[2025-11-02 20:42:52] [DEBUG]   ================================================================================
[2025-11-02 20:42:52] [DEBUG]   
[2025-11-02 20:42:52] [DEBUG]   [DATA EXISTS] All data already downloaded. Skipping download.
[2025-11-02 20:42:52] [OK] Phase 1A completed successfully (7.5s)
[2025-11-02 20:42:52] [INFO] ================================================================================
[2025-11-02 20:42:52] [PHASE] PHASE 1B: Download Complete TCGA Data
[2025-11-02 20:42:52] [INFO] ================================================================================
[2025-11-02 20:42:52] [INFO] Description: Download RNA-seq + Clinical data (~50GB)
[2025-11-02 20:42:52] [INFO] Estimated time: 2-8 hours (depends on connection)
[2025-11-02 20:42:52] [WARN] This is a MANUAL phase
[2025-11-02 20:42:52] [INFO] Instructions:
[2025-11-02 20:42:52] [INFO]   1. Use gdc-client or direct HTTP download
[2025-11-02 20:42:52] [INFO]   2. Download TCGA-LUAD, TCGA-LUSC, TCGA-SKCM
[2025-11-02 20:42:52] [INFO]   3. Verify file integrity
[2025-11-02 20:42:52] [WARN] 
[AUTO-YES] Skipping manual phase (will need to run separately)
[2025-11-02 20:42:52] [SKIP] Manual phase auto-skipped
[2025-11-02 20:42:52] [INFO] ================================================================================
[2025-11-02 20:42:52] [PHASE] PHASE 1C: Process Expression Data
[2025-11-02 20:42:52] [INFO] ================================================================================
[2025-11-02 20:42:52] [INFO] Description: Normalize, QC, combine all projects
[2025-11-02 20:42:52] [INFO] Estimated time: 30-60 min
[2025-11-02 20:42:52] [INFO] Executing: /home/thc1006/dev/p62-pdl1-llps-starter/scripts/data_pipeline/02_process_expression.py
[2025-11-02 20:50:06] [DEBUG] STDOUT:
[2025-11-02 20:50:06] [DEBUG]   
[2025-11-02 20:50:06] [DEBUG]   ================================================================================
[2025-11-02 20:50:06] [DEBUG]   TCGA EXPRESSION DATA PROCESSING PIPELINE
[2025-11-02 20:50:06] [DEBUG]   ================================================================================
[2025-11-02 20:50:06] [DEBUG]   
[2025-11-02 20:50:06] [DEBUG]   [MAPPING] Getting Ensembl to Gene Symbol mapping...
[2025-11-02 20:50:06] [DEBUG]     Downloading from GENCODE...
[2025-11-02 20:50:06] [DEBUG]     [WARN] Mapping file not found
[2025-11-02 20:50:06] [DEBUG]     Using gene IDs as-is
[2025-11-02 20:50:06] [DEBUG]   
[2025-11-02 20:50:06] [DEBUG]   [PROCESS] TCGA-LUAD
[2025-11-02 20:50:06] [DEBUG]     Found 601 files
[2025-11-02 20:50:06] [DEBUG]     Processing: 50/601
[2025-11-02 20:50:06] [DEBUG]     Processing: 100/601
[2025-11-02 20:50:06] [DEBUG]     Processing: 150/601
[2025-11-02 20:50:06] [DEBUG]     Processing: 200/601
[2025-11-02 20:50:06] [DEBUG]     Processing: 250/601
[2025-11-02 20:50:06] [DEBUG]     Processing: 300/601
[2025-11-02 20:50:06] [DEBUG]     Processing: 350/601
[2025-11-02 20:50:06] [DEBUG]     Processing: 400/601
[2025-11-02 20:50:06] [DEBUG]     Processing: 450/601
[2025-11-02 20:50:06] [DEBUG]     Processing: 500/601
[2025-11-02 20:50:06] [DEBUG]     Processing: 550/601
[2025-11-02 20:50:06] [DEBUG]     Processing: 600/601
[2025-11-02 20:50:06] [DEBUG]     Created matrix: 60660 genes x 601 samples
[2025-11-02 20:50:06] [DEBUG]   
[2025-11-02 20:50:06] [DEBUG]   [CONVERT] Converting Ensembl IDs to gene symbols...
[2025-11-02 20:50:06] [DEBUG]     [SKIP] No mapping available, keeping Ensembl IDs
[2025-11-02 20:50:06] [DEBUG]   
[2025-11-02 20:50:06] [DEBUG]   [NORMALIZE] Normalizing expression (log2tpm)...
[2025-11-02 20:50:06] [DEBUG]     Filtered to 44961 expressed genes
[2025-11-02 20:50:06] [DEBUG]     Range: 0.00 to 17.27
[2025-11-02 20:50:06] [DEBUG]   
[2025-11-02 20:50:06] [DEBUG]   [QC] Quality control for TCGA-LUAD...
[2025-11-02 20:50:06] [DEBUG]     Samples: 601 -> 601 (removed 0 low-quality)
[2025-11-02 20:50:06] [DEBUG]     Genes: 44961 -> 44961 (removed 0 zero-variance)
[2025-11-02 20:50:06] [DEBUG]   
[2025-11-02 20:50:06] [DEBUG]   [Z-SCORE] Normalizing by gene...
[2025-11-02 20:50:06] [DEBUG]     Mean: 0.00, Std: 0.89
[2025-11-02 20:50:06] [DEBUG]   
[2025-11-02 20:50:06] [DEBUG]   [PROCESS] TCGA-LUSC
[2025-11-02 20:50:06] [DEBUG]     Found 562 files
[2025-11-02 20:50:06] [DEBUG]     Processing: 50/562
[2025-11-02 20:50:06] [DEBUG]     Processing: 100/562
[2025-11-02 20:50:06] [DEBUG]     Processing: 150/562
[2025-11-02 20:50:06] [DEBUG]     Processing: 200/562
[2025-11-02 20:50:06] [DEBUG]     Processing: 250/562
[2025-11-02 20:50:06] [DEBUG]     Processing: 300/562
[2025-11-02 20:50:06] [DEBUG]     Processing: 350/562
[2025-11-02 20:50:06] [DEBUG]     Processing: 400/562
[2025-11-02 20:50:06] [OK] Phase 1C completed successfully (434.3s)
[2025-11-02 20:50:06] [INFO] ================================================================================
[2025-11-02 20:50:06] [PHASE] PHASE 1D: Process Clinical Data
[2025-11-02 20:50:06] [INFO] ================================================================================
[2025-11-02 20:50:06] [INFO] Description: Extract OS, stage, demographics
[2025-11-02 20:50:06] [INFO] Estimated time: 10 min
[2025-11-02 20:50:06] [INFO] Executing: /home/thc1006/dev/p62-pdl1-llps-starter/scripts/data_pipeline/03_process_clinical.py
[2025-11-02 20:50:08] [DEBUG] STDOUT:
[2025-11-02 20:50:08] [DEBUG]   
[2025-11-02 20:50:08] [DEBUG]   ================================================================================
[2025-11-02 20:50:08] [DEBUG]   TCGA CLINICAL DATA PROCESSING PIPELINE
[2025-11-02 20:50:08] [DEBUG]   ================================================================================
[2025-11-02 20:50:08] [DEBUG]   
[2025-11-02 20:50:08] [DEBUG]   [COMBINE] Merging all projects...
[2025-11-02 20:50:08] [DEBUG]   
[2025-11-02 20:50:08] [DEBUG]   [PROCESS] TCGA-LUAD Clinical Data
[2025-11-02 20:50:08] [DEBUG]     Found 617 XML files, 0 JSON files
[2025-11-02 20:50:08] [DEBUG]     Extracted 617 patient records
[2025-11-02 20:50:08] [DEBUG]   
[2025-11-02 20:50:08] [DEBUG]   [CLEAN] Standardizing clinical variables...
[2025-11-02 20:50:08] [DEBUG]     Samples: 617 -> 522 (removed 95 duplicates)
[2025-11-02 20:50:08] [DEBUG]     Valid OS data: 441 patients
[2025-11-02 20:50:08] [DEBUG]   
[2025-11-02 20:50:08] [DEBUG]     Clinical variables summary:
[2025-11-02 20:50:08] [DEBUG]       Age: 441 available
[2025-11-02 20:50:08] [DEBUG]       Gender: 441 available
[2025-11-02 20:50:08] [DEBUG]       Stage: 433 available
[2025-11-02 20:50:08] [DEBUG]       OS: 441 available
[2025-11-02 20:50:08] [DEBUG]   
[2025-11-02 20:50:08] [DEBUG]   [PROCESS] TCGA-LUSC Clinical Data
[2025-11-02 20:50:08] [DEBUG]     Found 571 XML files, 0 JSON files
[2025-11-02 20:50:08] [DEBUG]     Extracted 571 patient records
[2025-11-02 20:50:08] [DEBUG]   
[2025-11-02 20:50:08] [DEBUG]   [CLEAN] Standardizing clinical variables...
[2025-11-02 20:50:08] [DEBUG]     Samples: 571 -> 504 (removed 67 duplicates)
[2025-11-02 20:50:08] [DEBUG]     Valid OS data: 440 patients
[2025-11-02 20:50:08] [DEBUG]   
[2025-11-02 20:50:08] [DEBUG]     Clinical variables summary:
[2025-11-02 20:50:08] [DEBUG]       Age: 440 available
[2025-11-02 20:50:08] [DEBUG]       Gender: 440 available
[2025-11-02 20:50:08] [DEBUG]       Stage: 436 available
[2025-11-02 20:50:08] [DEBUG]       OS: 440 available
[2025-11-02 20:50:08] [DEBUG]   
[2025-11-02 20:50:08] [DEBUG]   [PROCESS] TCGA-SKCM Clinical Data
[2025-11-02 20:50:08] [DEBUG]     Found 493 XML files, 0 JSON files
[2025-11-02 20:50:08] [DEBUG]     Extracted 493 patient records
[2025-11-02 20:50:08] [DEBUG]   
[2025-11-02 20:50:08] [DEBUG]   [CLEAN] Standardizing clinical variables...
[2025-11-02 20:50:08] [DEBUG]     Samples: 493 -> 470 (removed 23 duplicates)
[2025-11-02 20:50:08] [DEBUG]     Valid OS data: 426 patients
[2025-11-02 20:50:08] [DEBUG]   
[2025-11-02 20:50:08] [DEBUG]     Clinical variables summary:
[2025-11-02 20:50:08] [DEBUG]       Age: 426 available
[2025-11-02 20:50:08] [DEBUG]       Gender: 426 available
[2025-11-02 20:50:08] [DEBUG]       Stage: 385 available
[2025-11-02 20:50:08] [DEBUG]       OS: 426 available
[2025-11-02 20:50:08] [DEBUG]   
[2025-11-02 20:50:08] [DEBUG]   [FINAL] Combined clinical data: 1307 patients
[2025-11-02 20:50:08] [DEBUG] STDERR:
[2025-11-02 20:50:08] [DEBUG]   /home/thc1006/dev/p62-pdl1-llps-starter/scripts/data_pipeline/03_process_clinical.py:207: SettingWithCopyWarning: 
[2025-11-02 20:50:08] [DEBUG]   A value is trying to be set on a copy of a slice from a DataFrame.
[2025-11-02 20:50:08] [DEBUG]   Try using .loc[row_indexer,col_indexer] = value instead
[2025-11-02 20:50:08] [DEBUG]   
[2025-11-02 20:50:08] [DEBUG]   See the caveats in the documentation: https://pandas.pydata.org/pandas-docs/stable/user_guide/indexing.html#returning-a-view-versus-a-copy
[2025-11-02 20:50:08] [DEBUG]     clinical_df['OS_status'] = clinical_df['vital_status'].map({
[2025-11-02 20:50:08] [DEBUG]   /home/thc1006/dev/p62-pdl1-llps-starter/scripts/data_pipeline/03_process_clinical.py:215: SettingWithCopyWarning: 
[2025-11-02 20:50:08] [DEBUG]   A value is trying to be set on a copy of a slice from a DataFrame.
[2025-11-02 20:50:08] [DEBUG]   Try using .loc[row_indexer,col_indexer] = value instead
[2025-11-02 20:50:08] [DEBUG]   
[2025-11-02 20:50:08] [DEBUG]   See the caveats in the documentation: https://pandas.pydata.org/pandas-docs/stable/user_guide/indexing.html#returning-a-view-versus-a-copy
[2025-11-02 20:50:08] [DEBUG]     clinical_df['days_to_death'] = pd.to_numeric(clinical_df['days_to_death'], errors='coerce')
[2025-11-02 20:50:08] [DEBUG]   /home/thc1006/dev/p62-pdl1-llps-starter/scripts/data_pipeline/03_process_clinical.py:216: SettingWithCopyWarning: 
[2025-11-02 20:50:08] [DEBUG]   A value is trying to be set on a copy of a slice from a DataFrame.
[2025-11-02 20:50:08] [DEBUG]   Try using .loc[row_indexer,col_indexer] = value instead
[2025-11-02 20:50:08] [DEBUG]   
[2025-11-02 20:50:08] [DEBUG]   See the caveats in the documentation: https://pandas.pydata.org/pandas-docs/stable/user_guide/indexing.html#returning-a-view-versus-a-copy
[2025-11-02 20:50:08] [DEBUG]     clinical_df['days_to_last_followup'] = pd.to_numeric(clinical_df['days_to_last_followup'], errors='coerce')
[2025-11-02 20:50:08] [DEBUG]   /home/thc1006/dev/p62-pdl1-llps-starter/scripts/data_pipeline/03_process_clinical.py:218: SettingWithCopyWarning: 
[2025-11-02 20:50:08] [DEBUG]   A value is trying to be set on a copy of a slice from a DataFrame.
[2025-11-02 20:50:08] [DEBUG]   Try using .loc[row_indexer,col_indexer] = value instead
[2025-11-02 20:50:08] [DEBUG]   
[2025-11-02 20:50:08] [DEBUG]   See the caveats in the documentation: https://pandas.pydata.org/pandas-docs/stable/user_guide/indexing.html#returning-a-view-versus-a-copy
[2025-11-02 20:50:08] [DEBUG]     clinical_df['OS_days'] = clinical_df.apply(
[2025-11-02 20:50:08] [DEBUG]   /home/thc1006/dev/p62-pdl1-llps-starter/scripts/data_pipeline/03_process_clinical.py:207: SettingWithCopyWarning: 
[2025-11-02 20:50:08] [DEBUG]   A value is trying to be set on a copy of a slice from a DataFrame.
[2025-11-02 20:50:08] [DEBUG]   Try using .loc[row_indexer,col_indexer] = value instead
[2025-11-02 20:50:08] [DEBUG]   
[2025-11-02 20:50:08] [DEBUG]   See the caveats in the documentation: https://pandas.pydata.org/pandas-docs/stable/user_guide/indexing.html#returning-a-view-versus-a-copy
[2025-11-02 20:50:08] [DEBUG]     clinical_df['OS_status'] = clinical_df['vital_status'].map({
[2025-11-02 20:50:08] [DEBUG]   /home/thc1006/dev/p62-pdl1-llps-starter/scripts/data_pipeline/03_process_clinical.py:215: SettingWithCopyWarning: 
[2025-11-02 20:50:08] [DEBUG]   A value is trying to be set on a copy of a slice from a DataFrame.
[2025-11-02 20:50:08] [DEBUG]   Try using .loc[row_indexer,col_indexer] = value instead
[2025-11-02 20:50:08] [DEBUG]   
[2025-11-02 20:50:08] [DEBUG]   See the caveats in the documentation: https://pandas.pydata.org/pandas-docs/stable/user_guide/indexing.html#returning-a-view-versus-a-copy
[2025-11-02 20:50:08] [DEBUG]     clinical_df['days_to_death'] = pd.to_numeric(clinical_df['days_to_death'], errors='coerce')
[2025-11-02 20:50:08] [DEBUG]   /home/thc1006/dev/p62-pdl1-llps-starter/scripts/data_pipeline/03_process_clinical.py:216: SettingWithCopyWarning: 
[2025-11-02 20:50:08] [DEBUG]   A value is trying to be set on a copy of a slice from a DataFrame.
[2025-11-02 20:50:08] [DEBUG]   Try using .loc[row_indexer,col_indexer] = value instead
[2025-11-02 20:50:08] [DEBUG]   
[2025-11-02 20:50:08] [DEBUG]   See the caveats in the documentation: https://pandas.pydata.org/pandas-docs/stable/user_guide/indexing.html#returning-a-view-versus-a-copy
[2025-11-02 20:50:08] [DEBUG]     clinical_df['days_to_last_followup'] = pd.to_numeric(clinical_df['days_to_last_followup'], errors='coerce')
[2025-11-02 20:50:08] [DEBUG]   /home/thc1006/dev/p62-pdl1-llps-starter/scripts/data_pipeline/03_process_clinical.py:218: SettingWithCopyWarning: 
[2025-11-02 20:50:08] [DEBUG]   A value is trying to be set on a copy of a slice from a DataFrame.
[2025-11-02 20:50:08] [DEBUG]   Try using .loc[row_indexer,col_indexer] = value instead
[2025-11-02 20:50:08] [DEBUG]   
[2025-11-02 20:50:08] [DEBUG]   See the caveats in the documentation: https://pandas.pydata.org/pandas-docs/stable/user_guide/indexing.html#returning-a-view-versus-a-copy
[2025-11-02 20:50:08] [DEBUG]     clinical_df['OS_days'] = clinical_df.apply(
[2025-11-02 20:50:08] [DEBUG]   /home/thc1006/dev/p62-pdl1-llps-starter/scripts/data_pipeline/03_process_clinical.py:207: SettingWithCopyWarning: 
[2025-11-02 20:50:08] [DEBUG]   A value is trying to be set on a copy of a slice from a DataFrame.
[2025-11-02 20:50:08] [OK] Phase 1D completed successfully (2.3s)
[2025-11-02 20:50:08] [INFO] ================================================================================
[2025-11-02 20:50:08] [PHASE] PHASE 2A: Re-run Fixed Analysis with Real Data
[2025-11-02 20:50:08] [INFO] ================================================================================
[2025-11-02 20:50:08] [INFO] Description: Stratified Cox + Fixed Partial Correlation + CPTAC
[2025-11-02 20:50:08] [INFO] Estimated time: 5 min
[2025-11-02 20:50:08] [INFO] Executing: /home/thc1006/dev/p62-pdl1-llps-starter/scripts/excellence_upgrade/AUTOMATE_ALL_FIXES.py
[2025-11-02 20:50:10] [DEBUG] STDOUT:
[2025-11-02 20:50:10] [DEBUG]   ================================================================================
[2025-11-02 20:50:10] [DEBUG]    AUTOMATED EXCELLENCE UPGRADE - COMPLETE FIX
[2025-11-02 20:50:10] [DEBUG]   ================================================================================
[2025-11-02 20:50:10] [DEBUG]   
[2025-11-02 20:50:10] [DEBUG]   Started: 2025-11-02 20:50:09
[2025-11-02 20:50:10] [DEBUG]   
[2025-11-02 20:50:10] [DEBUG]   [OK] THIS WILL FIX:
[2025-11-02 20:50:10] [DEBUG]     1. Circular adjustment in IFN-/immune scores
[2025-11-02 20:50:10] [DEBUG]     2. Cross-cancer Cox analysis issues
[2025-11-02 20:50:10] [DEBUG]     3. Missing Schoenfeld residuals test
[2025-11-02 20:50:10] [DEBUG]     4. Missing robustness checks (Spearman, bootstrap)
[2025-11-02 20:50:10] [DEBUG]     5. Missing VIF multicollinearity check
[2025-11-02 20:50:10] [DEBUG]   ================================================================================
[2025-11-02 20:50:10] [DEBUG]   
[2025-11-02 20:50:10] [DEBUG]   ================================================================================
[2025-11-02 20:50:10] [DEBUG]   [STAGE 1/3] Stage 2 v2: Fixed Stratified Cox Analysis
[2025-11-02 20:50:10] [DEBUG]   ================================================================================
[2025-11-02 20:50:10] [DEBUG]   Script: stage2_v2_stratified_cox.py
[2025-11-02 20:50:10] [DEBUG]   Description: Fixes cross-cancer Cox + adds Schoenfeld test + VIF check
[2025-11-02 20:50:10] [DEBUG]   Critical: YES
[2025-11-02 20:50:10] [DEBUG]   
[2025-11-02 20:50:10] [DEBUG]   [RUN] Executing: python stage2_v2_stratified_cox.py
[2025-11-02 20:50:10] [DEBUG]   --------------------------------------------------------------------------------
[2025-11-02 20:50:10] [DEBUG]   ======================================================================
[2025-11-02 20:50:10] [DEBUG]   STAGE 2 v2: STRATIFIED MULTIVARIATE COX ANALYSIS
[2025-11-02 20:50:10] [DEBUG]   ======================================================================
[2025-11-02 20:50:10] [DEBUG]   
[2025-11-02 20:50:10] [DEBUG]    FIXES:
[2025-11-02 20:50:10] [DEBUG]     - Stratified Cox by cancer type (avoids baseline hazard violation)
[2025-11-02 20:50:10] [DEBUG]     - Schoenfeld residuals test for proportional hazards
[2025-11-02 20:50:10] [DEBUG]     - VIF analysis for multicollinearity
[2025-11-02 20:50:10] [DEBUG]     - Per-cancer Cox models + meta-analysis
[2025-11-02 20:50:10] [DEBUG]   ======================================================================
[2025-11-02 20:50:10] [DEBUG]   
[2025-11-02 20:50:10] [DEBUG]   [STEP 1] Loading data...
[2025-11-02 20:50:10] [DEBUG]   
[2025-11-02 20:50:10] [DEBUG]   
[2025-11-02 20:50:10] [DEBUG]   [FAIL] FAILED: Stage 2 v2: Fixed Stratified Cox Analysis (exit code 1)
[2025-11-02 20:50:10] [DEBUG]   
[2025-11-02 20:50:10] [DEBUG]    CRITICAL STAGE FAILED - STOPPING EXECUTION
[2025-11-02 20:50:10] [DEBUG]   
[2025-11-02 20:50:10] [DEBUG]   ================================================================================
[2025-11-02 20:50:10] [DEBUG]    EXECUTION SUMMARY
[2025-11-02 20:50:10] [DEBUG]   ================================================================================
[2025-11-02 20:50:10] [DEBUG]   
[2025-11-02 20:50:10] [DEBUG]   Total stages: 1
[2025-11-02 20:50:10] [DEBUG]     [OK] Successful: 0
[2025-11-02 20:50:10] [DEBUG]     [FAIL] Failed: 1
[2025-11-02 20:50:10] [DEBUG]     [TIME] Total runtime: 1.6s (0.0 minutes)
[2025-11-02 20:50:10] [DEBUG]   
[2025-11-02 20:50:10] [DEBUG] STDERR:
[2025-11-02 20:50:10] [DEBUG]   STDERR: Traceback (most recent call last):
[2025-11-02 20:50:10] [DEBUG]     File "/home/thc1006/dev/p62-pdl1-llps-starter/scripts/excellence_upgrade/stage2_v2_stratified_cox.py", line 32, in <module>
[2025-11-02 20:50:10] [DEBUG]       expr_df = pd.read_csv(expr_file)
[2025-11-02 20:50:10] [DEBUG]     File "/home/thc1006/dev/p62-pdl1-llps-starter/venv/lib/python3.13/site-packages/pandas/io/parsers/readers.py", line 1026, in read_csv
[2025-11-02 20:50:10] [DEBUG]       return _read(filepath_or_buffer, kwds)
[2025-11-02 20:50:10] [DEBUG]     File "/home/thc1006/dev/p62-pdl1-llps-starter/venv/lib/python3.13/site-packages/pandas/io/parsers/readers.py", line 620, in _read
[2025-11-02 20:50:10] [DEBUG]       parser = TextFileReader(filepath_or_buffer, **kwds)
[2025-11-02 20:50:10] [DEBUG]     File "/home/thc1006/dev/p62-pdl1-llps-starter/venv/lib/python3.13/site-packages/pandas/io/parsers/readers.py", line 1620, in __init__
[2025-11-02 20:50:10] [DEBUG]       self._engine = self._make_engine(f, self.engine)
[2025-11-02 20:50:10] [DEBUG]                      ~~~~~~~~~~~~~~~~~^^^^^^^^^^^^^^^^
[2025-11-02 20:50:10] [DEBUG]     File "/home/thc1006/dev/p62-pdl1-llps-starter/venv/lib/python3.13/site-packages/pandas/io/parsers/readers.py", line 1880, in _make_engine
[2025-11-02 20:50:10] [DEBUG]       self.handles = get_handle(
[2025-11-02 20:50:10] [DEBUG]                      ~~~~~~~~~~^
[2025-11-02 20:50:10] [DEBUG]           f,
[2025-11-02 20:50:10] [DEBUG]           ^^
[2025-11-02 20:50:10] [DEBUG]       ...<6 lines>...
[2025-11-02 20:50:10] [DEBUG]           storage_options=self.options.get("storage_options", None),
[2025-11-02 20:50:10] [DEBUG]           ^^^^^^^^^^^^^^^^^^^^^^^^^^^^^^^^^^^^^^^^^^^^^^^^^^^^^^^^^^
[2025-11-02 20:50:10] [DEBUG]       )
[2025-11-02 20:50:10] [DEBUG]       ^
[2025-11-02 20:50:10] [DEBUG]     File "/home/thc1006/dev/p62-pdl1-llps-starter/venv/lib/python3.13/site-packages/pandas/io/common.py", line 873, in get_handle
[2025-11-02 20:50:10] [DEBUG]       handle = open(
[2025-11-02 20:50:10] [DEBUG]           handle,
[2025-11-02 20:50:10] [DEBUG]       ...<3 lines>...
[2025-11-02 20:50:10] [DEBUG]           newline="",
[2025-11-02 20:50:10] [DEBUG]       )
[2025-11-02 20:50:10] [DEBUG]   FileNotFoundError: [Errno 2] No such file or directory: 'outputs/tcga_full_cohort/expression_matrix.csv'
[2025-11-02 20:50:10] [DEBUG]   
[2025-11-02 20:50:10] [DEBUG]   
[2025-11-02 20:50:10] [OK] Phase 2A completed successfully (1.6s)
[2025-11-02 20:50:10] [INFO] ================================================================================
[2025-11-02 20:50:10] [PHASE] PHASE 2B: TIMER2.0 Immune Deconvolution
[2025-11-02 20:50:10] [INFO] ================================================================================
[2025-11-02 20:50:10] [INFO] Description: Calculate 6 immune cell type fractions
[2025-11-02 20:50:10] [INFO] Estimated time: 15 min
[2025-11-02 20:50:10] [INFO] Executing: /home/thc1006/dev/p62-pdl1-llps-starter/scripts/analysis/timer2_deconvolution.R
[2025-11-02 21:06:52] [DEBUG] STDOUT:
[2025-11-02 21:06:52] [DEBUG]   
[2025-11-02 21:06:52] [DEBUG]   ==============================================================================
[2025-11-02 21:06:52] [DEBUG]   TIMER2.0 IMMUNE DECONVOLUTION PIPELINE
[2025-11-02 21:06:52] [DEBUG]   ==============================================================================
[2025-11-02 21:06:52] [DEBUG]   
[2025-11-02 21:06:52] [DEBUG]   [LOAD] Reading expression matrix...
[2025-11-02 21:06:52] [DEBUG]     Loaded: 1635 samples x 41499 variables
[2025-11-02 21:06:52] [DEBUG]   
[2025-11-02 21:06:52] [DEBUG]   [PREPARE] Formatting expression matrix for TIMER2.0...
[2025-11-02 21:06:52] [DEBUG]     Matrix: 41497 genes x 1635 samples
[2025-11-02 21:06:52] [DEBUG]   
[2025-11-02 21:06:52] [DEBUG]   [ANNOTATE] Converting Ensembl IDs to gene symbols...
[2025-11-02 21:06:52] [DEBUG]     Detected Ensembl IDs, converting to gene symbols...
[2025-11-02 21:06:52] [DEBUG]     [OK] Converted to gene symbols: 38762 genes x 1635 samples
[2025-11-02 21:06:52] [DEBUG]   
[2025-11-02 21:06:52] [DEBUG]   [FILTER] Removing non-coding genes (BEST PRACTICE)...
[2025-11-02 21:06:52] [DEBUG]     Removed non-coding genes (LINCs, miRNAs, pseudogenes)
[2025-11-02 21:06:52] [DEBUG]     [OK] 18286 protein-coding genes retained
[2025-11-02 21:06:52] [DEBUG]   
[2025-11-02 21:06:52] [DEBUG]   [DECONVOLUTE] Running TIMER2.0...
[2025-11-02 21:06:52] [DEBUG]     Cancer types: luad, lusc, skcm
[2025-11-02 21:06:52] [DEBUG]   [1] "Outlier genes: A4GNT AADACL2 AADACL4 AANAT ABCB11 ABCB5 ABCC11 ABCC12 ABCC8 ABCG4 ABCG8 ABHD1 ABRA AC003002.6 AC006386.1 AC006547.14 AC006994.3 AC007192.4 AC010547.9 AC012005.3 AC025048.1 AC069368.3 AC087762.1 AC092159.1 AC092881.1 AC113404.1 AC124312.1 AC138969.4 AC231657.1 AC241377.2 AC243756.1 ACBD3 ACCSL ACER1 ACMSD ACOT12 ACOT6 ACPT ACR ACSBG2 ACSM1 ACSM2A ACSM2B ACSM4 ACSM5 ACSM6 ACTA1 ACTBL2 ACTC1 ACTL6B ACTL7A ACTL7B ACTL8 ACTN3 ADAD1 ADAD2 ADAM11 ADAM18 ADAM2 ADAM20 ADAM29 ADAM7 ADAMTS18 ADCY10 ADCY2 ADCY8 ADCYAP1 ADGB ADGRA1 ADGRD2 ADGRF1 ADGRF2 ADGRG4 ADGRG7 ADH1A ADH4 ADH6 ADIG ADIPOQ ADRA1D ADRA2B ADRA2C ADRB3 AFP AGAP2 AGFG1 AGR3 AGRP AGTR2 AGXT AGXT2 AHSG AHSP AICDA AIPL1 AIRE AK8 AKAP14 AKAP4 AKR1C4 AKR1D1 AL158801.1 AL356289.1 AL356585.2 AL357140.1 ALAS2 ALB ALDH8A1 ALDOB ALG1 ALG13 ALG1L ALG1L2 ALG9 ALK ALLC ALOX12B ALOX15 ALPI ALPP ALPPL2 ALX4 AMBN AMDHD1 AMELX AMER2 AMER3 AMHR2 AMTN AMY1A AMY1B AMY2A ANGPT4 ANGPTL5 ANGPTL7 ANKIB1 ANKK1 ANKRD18A ANKRD2 ANKRD20A1 ANKRD20A3 ANKRD20A4 ANKRD30A ANKRD30B ANKRD30BL ANKRD33 ANKRD34C ANKRD45 ANKRD55 ANKRD62 ANKRD63 ANKS4B ANKUB1 ANO4 ANP32D ANTXRL ANXA10 APOA2 APOA5 APOBEC3H APOC2 APOC3 APOC4-APOC2 APOF APOL5 APOM AQP10 AQP12A AQP12B AQP2 AQP8 ARF3 ARG1 ARGFX ARHGAP1 ARHGAP36 ARHGDIG ARHGEF38 ARHGEF9 ARID3C ARL13A ARL14 ARL14EPL ARL2-SNX15 ARL2BP ARMC3 ARPC1B ARPC4-TTLL3 ARPP21 ARSF ARSH ART1 ART3 ARX AS3MT ASB1 ASB10 ASB11 ASB18 ASB3 ASB5 ASCL3 ASCL4 ASCL5 ASIC2 ASIC4 ASIC5 ASIP ASMT ASTL ASXL3 ASZ1 ATAD3C ATCAY ATG13 ATG4A ATOH1 ATP13A5 ATP1A3 ATP1A4 ATP1B4 ATP2B2 ATP2B3 ATP4B ATP5EP2 ATP5J2-PTCD1 ATP5L2 ATP6V1G3 AURKC AVP AVPR1B AWAT1 AWAT2 AXDND1 AZU1 B3GALT1 B3GAT2 B3GNT4 B3GNT6 B4GALNT2 BAAT BAGE5 BANF2 BARHL1 BARHL2 BCAS1 BCL10 BCL2L2-PABPN1 BCO1 BECN2 BEND2 BEST2 BEST3 BFSP2 BHLHA9 BHMG1 BHMT BIRC2 BIRC7 BLACE BLID BMP10 BMX BOLL BPI BPIFA1 BPIFB4 BPIFB6 BPIFC BRCC3 BRDT BRE BRINP2 BRINP3 BRS3 BSND BST1 BSX BTBD10 BTBD16 BTBD17 BTG4 BTNL2 BTNL3 C10orf105 C10orf142 C10orf53 C10orf62 C10orf71 C10orf82 C10orf90 C10orf99 C11orf52 C11orf70 C11orf85 C11orf86 C11orf87 C11orf91 C12orf40 C12orf50 C12orf60 C12orf71 C12orf79 C14orf105 C14orf178 C14orf180 C15orf26 C15orf43 C15orf61 C15orf62 C15orf65 C16orf78 C16orf90 C16orf92 C16orf95 C16orf96 C17orf104 C17orf50 C17orf64 C17orf74 C17orf78 C17orf97 C17orf99 C18orf21 C18orf25 C18orf42 C18orf8 C19orf35 C19orf67 C1GALT1C1 C1orf100 C1orf105 C1orf111 C1orf141 C1orf167 C1orf168 C1orf177 C1orf185 C1orf186 C1orf204 C1orf64 C1orf87 C1orf94 C1QL2 C1QL3 C1QL4 C1QTNF4 C1QTNF5 C1QTNF7 C1QTNF8 C1QTNF9 C1QTNF9B C1QTNF9B-AS1 C20orf141 C20orf173 C20orf195 C20orf62 C21orf62 C22orf42 C2orf47 C2orf57 C2orf61 C2orf66 C2orf71 C2orf78 C2orf80 C2orf83 C2orf91 C3orf22 C3orf30 C3orf49 C3orf84 C4orf17 C4orf26 C4orf50 C4orf51 C5orf46 C5orf47 C5orf52 C5orf67 C6orf10 C6orf15 C6orf201 C6orf203 C6orf222 C6orf223 C6orf229 C6orf49 C6orf58 C7orf33 C7orf34 C7orf61 C7orf77 C8A C8B C8G C8orf22 C8orf34 C8orf46 C8orf48 C8orf74 C8orf86 C8orf89 C9 C9orf114 C9orf129 C9orf171 C9orf57 C9orf66 C9orf92 CA1 CA10 CA5A CA6 CA7 CABP5 CABP7 CACNA1S CACNG1 CACNG2 CACNG3 CACNG4 CACNG5 CACNG6 CACNG7 CADM2 CADM3 CAGE1 CALB1 CALCA CALCB CALCR CALHM1 CALHM3 CALM2 CALML5 CALML6 CALR3 CALY CAMK2A CAMP CAND1 CAPN14 CARKD CARTPT CASP14 CASP5 CASQ1 CASR CATSPER4 CATSPERB CATSPERD CATSPERG CAV3 CBLN1 CBLN2 CBLN4 CBR3 CC2D2B CCBL1 CCDC103 CCDC107 CCDC116 CCDC129 CCDC144NL CCDC152 CCDC155 CCDC166 CCDC175 CCDC177 CCDC178 CCDC179 CCDC182 CCDC185 CCDC27 CCDC42 CCDC54 CCDC63 CCDC67 CCDC70 CCDC73 CCDC81 CCDC83 CCDC85A CCER2 CCK CCKAR CCKBR CCL1 CCL11 CCL14 CCL15 CCL16 CCL17 CCL25 CCL26 CCR6 CCR9 CCT2 CD164L2 CD177 CD1B CD200R1 CD200R1L CD244 CD300E CD300LB CD300LD CD5L CD68 CDC16 CDC20B CDC42EP2 CDH10 CDH16 CDH20 CDH6 CDH8 CDH9 CDHR2 CDKL4 CDSN CDX1 CDX2 CEACAM16 CEACAM20 CEACAM3 CEACAM8 CEBPE CEL CELA1 CELA2A CELA2B CELA3B CEND1 CER1 CERKL CERS1 CES5A CFAP46 CFHR1 CFHR2 CFHR3 CFHR4 CFHR5 CGA CGB CGB2 CGB5 CGB8 CH17-140K24.5 CH507-396I9.6 CHAD CHAT CHD5 CHIC2 CHKB-CPT1B CHMP2B CHP2 CHRFAM7A CHRM2 CHRM4 CHRM5 CHRNA2 CHRNA3 CHRNA4 CHRNB3 CHRND CHRNE CHRNG CHST5 CHST8 CHUK CIB3 CIB4 CIDEA CIDEC CITED1 CKLF-CMTM1 CKM CKMT2 CLC CLCA1 CLCA4 CLCN1 CLCNKB CLDN14 CLDN18 CLDN19 CLDN2 CLDN20 CLDN24 CLDN34 CLDN6 CLDN9 CLEC12B CLEC18A CLEC18C CLEC19A CLEC1B CLEC2A CLEC3A CLEC4C CLEC4D CLEC4M CLLU1 CLLU1OS CLPS CLPSL1 CLPSL2 CLRN1 CLRN2 CLRN3 CLVS1 CLVS2 CMA1 CMTM2 CMTM5 CMYA5 CNBD1 CNBD2 CNDP1 CNGA3 CNGA4 CNGB1 CNOT2 CNR2 CNTF CNTN2 CNTN5 CNTNAP4 CNTNAP5 COA5 COL20A1 COL6A5 COL6A6 COLEC10 COPB1 COX6A2 COX8C CPA1 CPA2 CPA6 CPB1 CPLX2 CPLX4 CPN1 CPN2 CPNE4 CPNE6 CPNE9 CPO CPSF4L CPXCR1 CPZ CR1L CRB1 CRB2 CRCT1 CREB3 CREB3L3 CRH CRHBP CRHR2 CRIP1 CRIP3 CRISP2 CRISP3 CRLF2 CRNN CRP CRX CRYBA2 CRYBA4 CRYBB1 CRYBB3 CRYGN CRYGS CSF3 CSH2 CSMD3 CSN1S1 CSN2 CSN3 CSNK1A1L CSNK2A3 CSRP3 CST4 CST5 CSTL1 CT45A10 CT62 CTAGE15 CTAGE6 CTAGE8 CTAGE9 CTB-50L17.14 CTC-260F20.3 CTC-429P9.4 CTD-2116N17.1 CTD-2192J16.22 CTD-2313N18.7 CTD-2369P2.10 CTD-2370N5.3 CTD-2550O8.5 CTD-2616J11.11 CTD-3105H18.14 CTGLF11P CTNNA2 CTNNA3 CTNND2 CTRB1 CTRB2 CTRC CTSG CTXN3 CUL4A CUX2 CUZD1 CXCL6 CXCR1 CXCR5 CXorf58 CXorf65 CXorf67 CYP11B1 CYP17A1 CYP1A1 CYP1A2 CYP21A2 CYP26A1 CYP26C1 CYP2A13 CYP2A6 CYP2A7 CYP2B6 CYP2C19 CYP2F1 CYP2W1 CYP3A4 CYP3A7 CYP4A11 CYP4A22 CYP4F2 CYP4F22 CYP4F8 CYP4Z1 CYP7A1 CYP8B1 CYSLTR2 CYSRT1 CYTL1 DAB1 DACH2 DAND5 DAO DAPL1 DAZL DBNDD2 DBX1 DBX2 DCAF12L1 DCAF4L1 DCAF4L2 DCAF8L1 DCAF8L2 DCDC1 DCDC2C DCUN1D2 DCUN1D5 DCX DDI1 DDN DDT DDX1 DDX23 DDX4 DDX41 DDX53 DEC1 DEDD DEFA3 DEFA4 DEFB108B DEFB124 DEFB126 DEFB4A DGAT2L6 DGCR6 DGKK DHFRL1 DHH DIO1 DIO3 DIRAS2 DIRAS3 DIRC1 DIRC3 DKK4 DKKL1 DLK1 DMP1 DMRT1 DMRT3 DMRTB1 DNAH5 DNAH8 DNAI2 DNAJA3 DNAJC5G DNLZ DNMT3L DNTT DOCK7 DPEP1 DPEP3 DPF1 DPP6 DPPA2 DPPA3 DPPA4 DPRX DPYS DRC7 DRD1 DRD2 DRD3 DRD4 DRD5 DRG2 DRGX DSC1 DSCAML1 DSG4 DUOXA2 DUPD1 DUSP27 DUXA DYDC1 DYDC2 DYNAP DYNLRB1 DYTN EBLN1 ECE2 EDDM3A EDN3 EFCAB1 EFCAB3 EFCAB8 EFCAB9 EFTUD1 EGR4 EIF3CL EIF4A3 EIF4E1B EIF4ENIF1 ELANE ELFN2 ELK1 ELL3 ELP2 ELSPBP1 EMC2 EMC4 EMC6 EML5 EMX1 EMX2 ENAM ENDOG ENDOU ENPP6 ENPP7 ENSA ENTPD8 EPB42 EPHA3 EPHA5 EPHA8 EPO EPPIN EPS8L3 EPX EPYC ERAS ERBB2 ERICH3 ERICH4 ERVFRD-1 ERVV-1 ERVV-2 ESRRB ESX1 ETNPPL ETV3L EVX1 EXD1 EXO5 EXTL1 EYS F13B F7 F8A3 FABP1 FABP12 FABP2 FABP7 FABP9 FAM110D FAM131B FAM133B FAM135B FAM150A FAM153A FAM153B FAM153C FAM156A FAM156B FAM159B FAM166A FAM170A FAM170B FAM177A1 FAM177B FAM180B FAM181A FAM181B FAM182B FAM183A FAM184B FAM187B FAM19A1 FAM19A3 FAM19A4 FAM205A FAM221B FAM228A FAM26D FAM46D FAM47C FAM47E-STBD1 FAM69C FAM71D FAM71E1 FAM71F1 FAM81B FAM83C FAM84B FAM86B2 FAM90A26 FAM9A FAM9B FAM9C FAR1 FATE1 FBLL1 FBN2 FBP2 FBXO11 FBXO39 FBXO40 FBXO47 FBXO7 FBXW10 FCAMR FCAR FCN2 FCRL4 FDX1L FER1L6 FEV FEZF1 FEZF2 FFAR1 FFAR3 FGF16 FGF19 FGF20 FGF21 FGF23 FGF3 FGF4 FGF5 FGF8 FGF9 FGFR1OP2 FIGLA FIZ1 FKBP2 FLG2 FLT3LG FMR1NB FNDC7 FNDC8 FO538757.3 FOLR3 FOXA1 FOXA2 FOXB1 FOXC2 FOXD1 FOXD4L1 FOXD4L4 FOXD4L5 FOXD4L6 FOXE3 FOXG1 FOXH1 FOXI1 FOXI2 FOXN4 FOXR1 FOXR2 FP325317.1 FPGT-TNNI3K FREM3 FRG2 FRG2B FRG2C FRMD1 FRMD7 FRMPD2 FRMPD4 FRRS1L FSCB FSCN3 FSHR FTCD FUT5 FUT9 FXYD1 FXYD2 FXYD4 FZD10 FZD9 G6PC G6PC2 GAB4 GABBR2 GABRA1 GABRA2 GABRA4 GABRA5 GABRB1 GABRG1 GABRR3 GAD2 GADL1 GAGE1 GAGE10 GAGE2A GAL3ST2 GAL3ST3 GALNT8 GALNT9 GALNTL5 GALNTL6 GALP GALR1 GALR2 GALR3 GAPDHS GAST GATA1 GATA5 GATAD1 GATSL3 GBP7 GBX2 GC GCG GCHFR GCK GCKR GCM1 GCM2 GCNT3 GCSAML GCSH GDAP1L1 GDF3 GDF5 GDF5OS GDF6 GDPD2 GDPD4 GFAP GFI1B GFRAL GFY GGT1 GGT2 GGTLC1 GGTLC2 GHRH GHRHR GHSR GID4 GIF GIP GJA10 GJA3 GJA8 GJA9 GJB4 GJB6 GJB7 GJC3 GJD2 GJD4 GKN1 GLB1L3 GLIS1 GLOD5 GLP1R GLP2R GLRA1 GLRA2 GLRA3 GLRA4 GLYAT GLYATL2 GLYATL3 GML GMNC GNAT1 GNAT3 GNG10 GNG13 GNRH2 GNRHR GOLGA6B GOLGA6L2 GOLGA6L4 GOLGA8F GOLGA8G GOLGA8M GOLGA8O GOLGA8Q GOLGA8S GOLGA8T GORASP1 GOSR2 GOT1L1 GP2 GP6 GP9 GPBAR1 GPC5 GPHA2 GPM6A GPR1 GPR101 GPR12 GPR141 GPR142 GPR149 GPR15 GPR150 GPR151 GPR152 GPR17 GPR179 GPR182 GPR20 GPR22 GPR25 GPR26 GPR31 GPR33 GPR37L1 GPR42 GPR45 GPR50 GPR61 GPR62 GPR78 GPR85 GPR87 GPR88 GPRC5D GPRC6A GPT GPX5 GRAPL GRB7 GRIA3 GRIA4 GRID2 GRID2IP GRIFIN GRIK1 GRIN2A GRIN2B GRIN2C GRIN3B GRK1 GRK7 GRM1 GRM3 GRM4 GRM5 GRM7 GRM8 GRP GRPR GRXCR1 GRXCR2 GS1-114I9.3 GSC GSC2 GSG1 GSG1L GSTA2 GSTA3 GSTM5 GSTT2 GSX2 GTF2A1L GTSF1L GUCA1A GUCA1B GUCA2A GUCY2C GUCY2F GYPA GYS2 H1FNT H2AFB1 H2AFJ H2BFM H2BFS HABP2 HAND1 HAND2 HAO1 HAO2 HAPLN2 HARBI1 HAS1 HAVCR1 HBA1 HBD HBG2 HBM HBQ1 HCN1 HCRT HCRTR1 HCRTR2 HDDC2 HDGFL1 HEATR9 HELT HEMGN HEPACAM HEPACAM2 HEPHL1 HES5 HES7 HFE2 HGD HGFAC HHATL HHIP HHIPL2 HHLA1 HIGD1B HIGD2B HINT2 HINT3 HIPK4 HIST1H1A HIST1H1D HIST1H1T HIST1H2AB HIST1H2AD HIST1H2AJ HIST1H2AL HIST1H2AM HIST1H2BB HIST1H2BI HIST1H2BL HIST1H2BM HIST1H3A HIST1H3D HIST1H3F HIST1H3G HIST1H3I HIST1H3J HIST1H4A HIST1H4F HIST1H4L HIST2H2AA3 HIST2H2AA4 HIST2H2AB HIST2H3A HIST2H3C HIST2H3D HIST2H4B HIST3H3 HIVEP2 HLA-G HMGCS2 HMGN1 HMHB1 HMOX1 HMP19 HMX1 HMX2 HMX3 HNRNPCL1 HNRNPCL3 HNRNPCL4 HORMAD2 HOXA11 HOXA4 HOXB1 HOXD1 HPD HPR HRG HRH3 HRH4 HRK HS3ST4 HS6ST3 HSD17B1 HSD17B3 HSD3B1 HSD3B2 HSF5 HSFX1 HSFX2 HSPB2 HSPC047 HTR1A HTR1B HTR1D HTR1F HTR2A HTR2B HTR3B HTR3C HTR3D HTR3E HTR4 HTR5A HTR6 HYAL4 IAPP IBSP IDI2 IDO2 IER3IP1 IFITM10 IFITM5 IFNA1 IFNA21 IFNA5 IFNB1 IFNE IFNK IFNL1 IFNL2 IFNL3 IFNW1 IGF2 IGFBP1 IGFL1 IGFL3 IGFL4 IGLL1 IGLON5 IGSF23 IGSF5 IL11 IL12B IL13 IL17A IL17B IL17C IL17F IL17REL IL19 IL1F10 IL1RAPL1 IL1RAPL2 IL1RL1 IL2 IL20 IL22 IL22RA2 IL23R IL24 IL25 IL26 IL31 IL36A IL36B IL36G IL37 IL5 IL5RA IL9R ILDR2 ING1 INHA INHBC INPP5F INSL4 INSL5 INSL6 INSM2 INSRR INTS4 IQCA1L IQCF1 IQCF6 IQSEC3 IRG1 IRGC IRGM IRS4 IRX4 ISLR2 ISM2 ISX ITIH1 ITIH2 ITLN1 IYD IZUMO1 IZUMO1R IZUMO2 JAKMIP1 JAKMIP3 KAAG1 KATNBL1 KCMF1 KCNA1 KCNA10 KCNA2 KCNA7 KCNC2 KCND2 KCNE1 KCNE2 KCNE5 KCNF1 KCNG2 KCNG4 KCNIP1 KCNIP4 KCNJ1 KCNJ16 KCNJ18 KCNJ3 KCNJ4 KCNJ9 KCNK12 KCNK16 KCNK2 KCNK3 KCNK4 KCNK7 KCNMB2 KCNQ2 KCNRG KCNS1 KCNS2 KCNT1 KCNU1 KCNV1 KCNV2 KCTD16 KCTD4 KCTD8 KDM4E KERA KHDC1L KHDC3L KHDRBS2 KIAA0319 KIAA0368 KIAA0408 KIAA1024L KIAA1210 KIF1BP KIR2DL1 KIR2DL3 KIR2DP1 KIR2DS4 KIR3DL1 KIR3DL2 KIR3DL3 KIR3DX1 KIRREL3 KISS1 KISS1R KL KLF17 KLHDC7A KLHDC8A KLHL1 KLHL10 KLHL34 KLHL38 KLHL40 KLHL41 KLK12 KLK14 KLK15 KLK2 KLK3 KLK4 KLKB1 KLRC1 KLRC2 KLRC3 KLRC4 KLRF2 KLRK1 KNG1 KPNA7 KPRP KRIT1 KRT1 KRT12 KRT13 KRT2 KRT20 KRT222 KRT23 KRT24 KRT27 KRT3 KRT32 KRT33A KRT33B KRT34 KRT36 KRT37 KRT38 KRT39 KRT40 KRT6C KRT71 KRT72 KRT73 KRT74 KRT75 KRT76 KRT77 KRT78 KRT79 KRT81 KRT82 KRT83 KRT84 KRT85 KRT86 KRT9 KRTAP1-1 KRTAP1-5 KRTAP10-2 KRTAP13-2 KRTAP16-1 KRTAP2-3 KRTAP29-1 KRTAP3-2 KRTAP4-1 KRTAP5-10 KRTAP5-11 KRTAP5-4 KRTAP5-6 KRTAP5-7 KRTAP5-8 KRTAP5-9 KRTDAP KY LACE1 LAIR2 LAMB4 LAT LBP LBX1 LCE3A LCE3D LCE3E LCE5A LCN1 LCN10 LCN15 LCN6 LCN8 LCNL1 LDHAL6A LECT1 LECT2 LEFTY1 LEFTY2 LEMD3 LENEP LEP LETM2 LGALS14 LGALS7 LGALS7B LGALS9B LGALS9C LGI1 LHB LHCGR LHFPL1 LHFPL4 LHX1 LHX3 LHX5 LHX8 LIM2 LIN28A LINGO4 LIPC LIPF LIPI LIPJ LIPK LIPM LIX1 LKAAEAR1 LL0XNC01-16G2.1 LLPH LMAN1L LMNTD1 LMO1 LMO7DN LMOD2 LMX1A LOR LOXHD1 LPA LPAR4 LPO LPPR5 LRCOL1 LRFN2 LRIT2 LRRC14B LRRC18 LRRC19 LRRC26 LRRC31 LRRC38 LRRC3B LRRC3C LRRC4C LRRC52 LRRC53 LRRC55 LRRC69 LRRC71 LRRC72 LRRC74A LRRC74B LRRC9 LRRIQ4 LRRTM1 LRRTM3 LRRTM4 LRTM1 LRTM2 LSMEM2 LUZP4 LVRN LY6G6C LY6G6E LY6H LYPD2 LYPD4 LYPD8 LYRM5 LYZL4 MAB21L1 MAB21L2 MAD1L1 MADCAM1 MAEL MAFA MAG MAGEA2 MAGEA2B MAGEA8 MAGEA9 MAGEB1 MAGEB16 MAGEB17 MAGEB6 MAGEC3 MAGED4 MAGED4B MAGEE2 MAK16 MALRD1 MANSC4 MAP3K19 MAP6D1 MARCH11 MARCH9 MAS1 MAS1L MASP1 MATN1 MATN4 MATR3 MB MBD3L1 MBOAT4 MC4R MC5R MCF2 MCF2L2 MCHR1 MCHR2 MCUR1 MDGA2 MDM2 MDP1 MED31 MEF2B MEF2BNB-MEF2B MEI4 MEIG1 MEOX1 MEP1A MEP1B MEPE MESP2 METTL11B METTL21B METTL21C MFF MFRP MGAM MGAM2 MGARP MGAT1 MGAT4D MIA MIEN1 MIF MIOX MLANA MLC1 MLN MLNR MMD2 MMP20 MMP23B MMP25 MMP27 MMP3 MMP8 MOBP MOG MOGAT1 MOGAT2 MOGAT3 MOSPD1 MPO MPP4 MPPED1 MRAP MRGPRD MRGPRE MRGPRX2 MRGPRX3 MRGPRX4 MRLN MROH2A MROH2B MROH7-TTC4 MROH9 MRPS17 MRPS24 MRPS27 MS4A10 MS4A12 MS4A13 MS4A15 MS4A18 MS4A3 MS4A5 MS4A6E MS4A8 MSGN1 MSH4 MSLNL MSMB MSTN MT1A MT1HL1 MTFR1L MTIF3 MTNR1A MTNR1B MTRNR2L10 MTRNR2L11 MTRNR2L12 MTRNR2L13 MTRNR2L3 MTRNR2L6 MTRNR2L7 MTRNR2L8 MTTP MUC12 MUC13 MUC17 MUC2 MUC22 MUC5AC MUC7 MUCL1 MYADML2 MYBPH MYBPHL MYF6 MYH1 MYH13 MYH2 MYH4 MYH6 MYH7 MYL1 MYL10 MYL2 MYL4 MYL7 MYLK2 MYLPF MYO1A MYO1H MYOC MYOD1 MYOG MYOZ1 MYOZ2 MYPN MYRFL MYT1L NANOG NANOGP8 NANOS2 NANOS3 NAP1L6 NAT16 NAT2 NBAS NBPF19 NBPF4 NBPF6 NCAN NCBP2L NCR2 NDP NDST3 NDST4 NDUFA10 NDUFS2 NEFM NEU4 NEURL2 NEUROD1 NEUROD2 NEUROD4 NEUROG2 NEUROG3 NGB NGDN NIM1K NINJ1 NKAPL NKX1-2 NKX2-2 NKX2-3 NKX2-4 NKX3-2 NKX6-1 NKX6-2 NKX6-3 NLRP10 NLRP11 NLRP12 NLRP13 NLRP14 NLRP4 NLRP5 NLRP7 NLRP8 NLRP9 NMBR NME1-NME2 NMNAT2 NMRK2 NMUR2 NNAT NOA1 NOBOX NODAL NOS1 NOS2 NOTCH2NL NOTO NOX3 NPAP1 NPAS3 NPAS4 NPC1L1 NPFFR1 NPHS1 NPIPA2 NPIPA3 NPIPB6 NPIPB8 NPIPB9 NPPA NPPB NPPC NPSR1 NPY NPY2R NPY4R NPY5R NR1H4 NR2E1 NR5A1 NRBP1 NRG4 NRSN1 NT5C1A NT5DC4 NTSR1 NTSR2 NUDT7 NUP54 NUTM1 NUTM2F NWD2 NXF3 NXF5 NXNL1 NXNL2 NXPE1 NXPE2 NXPE4 NXPH1 NXPH2 NYX OBP2A OBP2B OCSTAMP ODAM ODF1 ODF3 ODF3L2 ODF4 OFCC1 OLAH OLFM3 OLIG1 OLIG2 OMA1 OMP ONECUT3 OPALIN OPCML OPN1SW OPN4 OPN5 OPRK1 OPRM1 OPTC OR10A3 OR10A6 OR10G2 OR10G3 OR10H1 OR10H5 OR10Q1 OR11G2 OR11H4 OR13J1 OR14J1 OR14K1 OR1A1 OR1B1 OR1E1 OR1F1 OR1G1 OR1J2 OR1J4 OR1K1 OR1L3 OR1L8 OR1M1 OR1N2 OR1Q1 OR2A12 OR2A14 OR2A2 OR2A25 OR2A5 OR2AT4 OR2B11 OR2B6 OR2C3 OR2D2 OR2G6 OR2H1 OR2J3 OR2K2 OR2L13 OR2L2 OR2L3 OR2M3 OR2M4 OR2T10 OR2T8 OR2V2 OR2W3 OR3A1 OR3A2 OR3A3 OR4C6 OR4D9 OR4K13 OR4K2 OR51B2 OR51B4 OR51E2 OR51I1 OR51J1 OR51M1 OR51Q1 OR52A1 OR52B2 OR52B6 OR52D1 OR52E4 OR52E5 OR52H1 OR52I1 OR52I2 OR52K1 OR52L1 OR52N1 OR52N2 OR52N4 OR52N5 OR52W1 OR56A3 OR56A4 OR56A5 OR56B1 OR56B4 OR5A1 OR5AN1 OR5AU1 OR5B12 OR5B2 OR5B21 OR5C1 OR5K2 OR6C4 OR6C75 OR6J1 OR6K3 OR6N1 OR6S1 OR6T1 OR7A17 OR7C1 OR7D2 OR7D4 OR7E24 OR7G2 OR8A1 OR8D1 OR8D4 OR8G1 OR8G5 OR8S1 OR9A2 OR9A4 OR9Q1 ORM2 OSBPL2 OSTN OTC OTOA OTOF OTOG OTOP1 OTOP2 OTOP3 OTOR OTOS OTP OTUD6A OTUD7A OTX2 OVCH1 OVOL3 OXCT2 OXT P2RX2 P2RX3 P2RX6 P2RY4 PABPC1L2B PABPC3 PABPC4 PABPN1L PADI3 PADI4 PADI6 PAEP PAGE1 PAGE2B PAGE4 PAGE5 PAK7 PANX3 PAPOLB PAPPA2 PASD1 PATE1 PATE2 PATE3 PAX1 PAX2 PAX3 PAX4 PAX5 PBOV1 PCDH10 PCDH11X PCDH11Y PCDH20 PCDH8 PCDHA13 PCDHA5 PCDHA9 PCDHB1 PCDHB15 PCDHB3 PCDHGA11 PCDHGA3 PCDHGA4 PCDHGA5 PCDHGA7 PCDHGA8 PCDHGA9 PCDHGB1 PCDHGB3 PCDHGB4 PCDHGB6 PCDHGC4 PCDHGC5 PCP2 PCP4 PCSK1 PCSK2 PDC PDCL2 PDE11A PDE4C PDE6A PDE6H PDHA2 PDIA2 PDX1 PDXP PDYN PDZD3 PDZK1 PDZRN4 PENK PERM1 PEX16 PF4 PF4V1 PGA3 PGA5 PGAM4 PGAP3 PGC PGK2 PGLYRP1 PGLYRP2 PGLYRP3 PGPEP1L PGR PHGR1 PHKG1 PHOX2A PHOX2B PIGF PIH1D3 PIK3C2G PIK3C3 PIP PIP4K2C PIRT PITX3 PIWIL1 PIWIL2 PIWIL3 PKD1L3 PKDREJ PKLR PKNOX1 PLA2G10 PLA2G12B PLA2G1B PLA2G2F PLA2G4D PLAC8L1 PLCZ1 PLD4 PLET1 PLG PLIN1 PLK5 PLSCR5 PM20D1 PMF1-BGLAP PMP2 PNLDC1 PNLIP PNLIPRP1 PNLIPRP3 PNMA5 PNMAL2 PNMT PNPLA1 POC1B-GALNT4 POLN POLR1D POLR3H POM121L2 PON1 POP4 POTEC POTEE POTEG POTEI POTEM POU1F1 POU3F1 POU3F2 POU3F3 POU3F4 POU4F2 POU4F3 POU5F1B PP2672 PPBP PPEF1 PPEF2 PPIAL4A PPIAL4C PPIAL4D PPIAL4E PPIAL4F PPIAL4G PPIE PPP1R17 PPP1R1A PPP1R27 PPP1R3A PPP2R2A PPY PRAP1 PRB1 PRB2 PRB3 PRB4 PRDM12 PRDM14 PRDM7 PRDM9 PRG2 PRH2 PRICKLE3 PRICKLE4 PRKACG PRKAG3 PRKCG PRL PRLH PRLHR PRMT8 PRND PRODH2 PROK1 PROK2 PROKR1 PROKR2 PROP1 PROX2 PROZ PRPS1 PRPS1L1 PRR18 PRR32 PRR35 PRR4 PRR5-ARHGAP8 PRR9 PRRT4 PRSS1 PRSS2 PRSS33 PRSS37 PRSS38 PRSS45 PRSS48 PRSS50 PRSS55 PRSS56 PRSS57 PRTN3 PRX PSAPL1 PSD2 PSG1 PSG2 PSG3 PSG4 PSG5 PSG6 PSG7 PSG8 PSG9 PSKH2 PSMA1 PSMA8 PSMB11 PSMD10 PTCHD2 PTCHD3 PTF1A PTGDR2 PTGR1 PTH2 PTP4A1 PTPN5 PTRH1 PTX4 PVALB PVRIG PXDNL PXT1 PYDC1 PYY PZP QRFPR QRSL1 R3HDML RAB21 RAB40AL RAB44 RAB4B RAB6C RAC1 RAD21L1 RAD51B RAG2 RAI1 RALYL RANBP9 RAP1B RASGEF1C RASL10A RAX RAX2 RB1CC1 RBBP8NL RBFOX1 RBFOX3 RBM24 RBM44 RBM46 RBM48 RBMXL3 RBP2 RBP3 RBP7 RBPJ RBPJL RCL1 RCVRN RD3 RD3L RDH12 RDH8 REC114 REG1A REG3A REG4 REP15 RERGL RETN RETNLB RFPL2 RFPL3 RFPL4A RFPL4B RFX4 RGAG1 RGP1 RGPD1 RGPD3 RGPD5 RGR RGS7 RGS7BP RGS8 RGS9BP RGSL1 RHAG RHBG RHCE RHCG RHO RHOBTB1 RHOXF1 RHOXF2 RIIAD1 RIMBP2 RIMBP3B RIMBP3C RIOK2 RIOK3 RIPPLY1 RIPPLY2 RIT2 RLBP1 RLN1 RLN2 RLN3 RNASE10 RNASE13 RNASE3 RNASE7 RNASE8 RNF103-CHMP3 RNF113A RNF113B RNF148 RNF151 RNF17 RNF186 RNF212B RNF222 RNF225 RNF8 RNFT1 ROPN1 RORB RP1-130H16.18 RP1-27O5.3 RP11-1212A22.4 RP11-12J10.3 RP11-136C24.3 RP11-15K19.2 RP11-176H8.1 RP11-190A12.7 RP11-192H23.4 RP11-212D19.4 RP11-231C14.4 RP11-287D1.3 RP11-295K3.1 RP11-302B13.5 RP11-307N16.6 RP11-310N16.1 RP11-315D16.2 RP11-345J4.5 RP11-347C12.1 RP11-385D13.1 RP11-38C17.1 RP11-403P17.5 RP11-407P15.2 RP11-446E24.4 RP11-507M3.1 RP11-514O12.4 RP11-544M22.13 RP11-546B8.6 RP11-552F3.12 RP11-561B11.2 RP11-569G13.3 RP11-574F21.3 RP11-613M10.9 RP11-644F5.10 RP11-766F14.2 RP11-795F19.5 RP11-812E19.9 RP11-849H4.2 RP13-147D17.3 RP3-468K18.5 RP4-576H24.4 RP4-583P15.15 RP5-1021I20.4 RP5-1052M9.5 RP5-874C20.8 RPA3 RPA4 RPE65 RPEL1 RPF1 RPGRIP1 RPH3A RPL10L RPL3L RPRM RPS4Y2 RPS5 RPTN RRAS2 RRH RS1 RSPH10B RSPH10B2 RSPH6A RSPO2 RTBDN RTL1 RTP1 RTP2 RTP3 RTP5 RXFP1 RXFP2 RXFP4 S100A12 S100A7 S100A7A SAA4 SAG SALL3 SAMD13 SAMD7 SAP25 SAXO2 SBDS SBK2 SBK3 SC5D SCAF11 SCGB1A1 SCGB1D2 SCGB2A1 SCGB2A2 SCGB2B2 SCGB3A2 SCGN SCN10A SCN3B SCRT1 SCRT2 SDHC SDR42E2 SDR9C7 SEC14L3 SEC16B SEC22B SEC62 SEL1L2 SELV SENP3-EIF4A1 SEPT12 SEPT14 SERPINA11 SERPINA12 SERPINA3 SERPINA4 SERPINA6 SERPINA9 SERPINB10 SERPINB11 SERPINB12 SERPINB2 SERPINB4 SERPINC1 SERPINI2 SERTM1 SEZ6 SEZ6L SFTA2 SFTPB SGCZ SGSM1 SH2D4B SH2D6 SH2D7 SH3BGR SHBG SHCBP1L SHD SHH SHISA7 SHISA8 SHISA9 SHKBP1 SHOX SI SIAH3 SIGLEC15 SIGLEC5 SIGLECL1 SIM1 SIRPD SIX3 SIX6 SKOR2 SLC10A2 SLC10A6 SLC12A1 SLC12A3 SLC12A5 SLC13A1 SLC13A2 SLC13A5 SLC14A2 SLC15A5 SLC16A8 SLC17A1 SLC17A2 SLC17A3 SLC17A6 SLC17A7 SLC17A8 SLC18A3 SLC1A6 SLC1A7 SLC22A1 SLC22A10 SLC22A11 SLC22A12 SLC22A13 SLC22A14 SLC22A16 SLC22A2 SLC22A25 SLC22A6 SLC22A7 SLC22A8 SLC22A9 SLC24A5 SLC25A18 SLC25A2 SLC25A31 SLC25A47 SLC25A52 SLC26A10 SLC26A3 SLC26A4 SLC26A5 SLC26A7 SLC28A1 SLC28A2 SLC2A2 SLC2A7 SLC30A8 SLC32A1 SLC34A1 SLC34A3 SLC35E3 SLC35F4 SLC35F6 SLC35G3 SLC35G5 SLC35G6 SLC36A2 SLC38A3 SLC38A8 SLC39A1 SLC39A12 SLC39A2 SLC3A1 SLC44A4 SLC47A2 SLC4A1 SLC4A10 SLC4A9 SLC5A11 SLC5A2 SLC5A7 SLC5A8 SLC5A9 SLC6A13 SLC6A19 SLC6A2 SLC6A20 SLC6A3 SLC6A5 SLC6A7 SLC7A14 SLC7A3 SLC7A9 SLC9A4 SLC9C1 SLC9C2 SLCO1B1 SLCO1C1 SLFN14 SLITRK1 SLITRK3 SLITRK4 SLN SLURP1 SLX1A SLX1A-SULT1A3 SLX1B SMARCA5 SMCO1 SMCO2 SMCO3 SMDT1 SMIM11 SMIM13 SMIM17 SMIM2 SMIM20 SMIM21 SMIM23 SMIM6 SMIM9 SMLR1 SMPX SMYD1 SNAP29 SNAP91 SNAPC2 SNCB SNTG1 SNTG2 SNTN SNX31 SOAT2 SOCS5 SOGA3 SOHLH2 SORCS1 SORCS3 SOST SOX1 SOX10 SOX11 SOX3 SOX8 SP7 SP9 SPACA3 SPACA5 SPACA7 SPANXB1 SPANXC SPANXD SPANXN3 SPATA16 SPATA19 SPATA21 SPATA22 SPATA3 SPATA31E1 SPATA45 SPATA8 SPATS1 SPDYC SPDYE16 SPDYE2 SPDYE2B SPDYE4 SPDYE6 SPECC1L-ADORA2A SPEM1 SPERT SPHKAP SPIC SPIN2A SPINK1 SPINK13 SPINK2 SPINK4 SPINK6 SPINK7 SPINK8 SPINK9 SPOCK3 SPP2 SPRR1A SPRR2B SPRR2E SPRR2F SPRR2G SPTA1 SPZ1 SRD5A2 SRRM4 SRY SSC4D SSMEM1 SST SSTR4 SSTR5 SSUH2 SSX1 SSX5 ST18 ST8SIA2 ST8SIA3 ST8SIA5 STAC2 STAR STARD3 STARD6 STATH STH STK38L STMN4 STMND1 STOML3 STON1-GTF2A1L STRA8 SULT1A2 SULT1A3 SULT1E1 SULT2A1 SULT6B1 SUMO1 SUPT4H1 SV2B SV2C SVOP SWSAP1 SYCE1 SYCN SYCP1 SYN3 SYNDIG1L SYNGR4 SYNJ2BP-COX16 SYNPO2L SYNPR SYT10 SYT6 SYT9 T TAC1 TAC3 TAC4 TACR2 TACR3 TAF1L TAF7L TARM1 TAS1R2 TAS2R1 TAS2R10 TAS2R31 TAS2R38 TAS2R42 TAS2R43 TAS2R46 TAS2R60 TAT TAX1BP3 TBATA TBC1D15 TBC1D21 TBC1D26 TBC1D28 TBC1D29 TBC1D3 TBC1D30 TBC1D3B TBC1D3D TBC1D3E TBC1D3F TBC1D3G TBC1D3K TBPL2 TBR1 TBX22 TCAP TCEAL2 TCEAL5 TCEAL6 TCEB3B TCF21 TCF23 TCF24 TCHHL1 TCP10 TCP10L TCP10L2 TCP11 TCTE1 TCTEX1D4 TDGF1 TDO2 TDRD1 TDRD15 TDRD9 TECTB TEDDM1 TEKT5 TEN1 TES TESK1 TEX101 TEX11 TEX13B TEX19 TEX26 TEX29 TEX35 TEX36 TEX37 TEX43 TFAP2D TFB1M TFDP3 TFF1 TFF2 TG TGIF2LX TGM4 TGM7 TH THBS4 THEG THEGL THRSP TIMD4 TIMM22 TINAG TISP43 TKTL1 TKTL2 TLDC2 TLL2 TLR9 TLX1 TLX2 TLX3 TM4SF20 TM4SF4 TM6SF2 TMC1 TMC2 TMCO2 TMCO3 TMEFF2 TMEM105 TMEM114 TMEM132D TMEM132E TMEM14E TMEM151B TMEM155 TMEM179 TMEM19 TMEM190 TMEM191B TMEM196 TMEM207 TMEM210 TMEM211 TMEM215 TMEM229A TMEM239 TMEM241 TMEM244 TMEM247 TMEM248 TMEM252 TMEM253 TMEM256-PLSCR3 TMEM26 TMEM27 TMEM31 TMEM59L TMEM60 TMEM61 TMEM72 TMEM74B TMEM78 TMEM82 TMEM88B TMEM8C TMEM92 TMEM95 TMIGD1 TMPRSS11A TMPRSS15 TMPRSS5 TMPRSS7 TNF TNFSF18 TNMD TNN TNNC2 TNNI3 TNNI3K TNNT2 TOP3A TOPAZ1 TPBGL TPH2 TPO TPRX1 TPSD1 TPSG1 TPTE2 TRABD2B TRAF6 TRAFD1 TRAPPC3L TRDN TREH TREML4 TRH TRIM10 TRIM34 TRIM40 TRIM43 TRIM48 TRIM49 TRIM49C TRIM50 TRIM55 TRIM63 TRIM67 TRIM72 TRIM73 TRIM74 TRIML1 TRIML2 TRIT1 TRMT11 TRPC3 TRPC4 TRPC5 TRPC7 TRPM1 TRPM3 TRPM5 TRPV5 TSFM TSGA10IP TSGA13 TSHR TSPAN19 TSPAN8 TSPO2 TSPYL6 TTBK1 TTC29 TTC9B TTLL2 TTLL6 TTLL8 TTR TUBA3C TUBA3D TUBA3E TUBA4B TUBAL3 TUBB1 TUBB8 TULP1 TULP2 TUSC5 TVP23A TXNDC2 TXNDC8 TYR TYW1 U51561.1 U82695.5 UBD UBE2A UBE2L3 UBE2Q2L UBE2QL1 UBE2U UBL4B UBXN6 UCMA UCN UCN2 UCN3 UCP1 UGT1A1 UGT1A10 UGT1A7 UGT1A8 UGT2A1 UGT2A3 UGT2B15 UGT2B17 UGT2B4 UGT2B7 UGT3A1 UIMC1 UMOD UNC13A UNC13C UNC5A UNC5D UNC93A UPB1 UPK1A UPK1B UPK2 UPK3A UPK3B UPP2 URAD URI1 UROC1 USH1C USP14 USP17L2 USP17L7 USP22 USP26 USP29 USP41 UTF1 UTS2 UTS2B UTS2R VAX1 VCP VCX VCX2 VCX3A VCX3B VGLL1 VGLL2 VHLL VIP VIPR2 VMO1 VN1R2 VNN1 VNN3 VPREB1 VPS26B VRTN VSIG8 VSTM1 VSTM2A VSTM2B VSTM5 VSX1 VSX2 VWA3B VWA5B1 VWA5B2 VWC2L VWCE WARS2 WBSCR28 WDR26 WDR55 WDR64 WDR83OS WDR87 WDR89 WEE2 WFDC10A WFDC10B WFDC12 WFDC13 WFDC5 WFDC8 WFIKKN1 WFIKKN2 WNT1 WNT16 WNT6 WNT8A WNT8B WNT9B WRB WSCD2 XAGE1A XAGE1B XAGE3 XAGE5 XCL2 XIRP2 XKR3 XKR5 XKR7 XPNPEP2 XRCC6BP1 XXbac-BPG181M17.5 YAF2 YEATS4 YTHDF3 YY2 ZACN ZAN ZAR1 ZCCHC12 ZCCHC16 ZCCHC5 ZCRB1 ZDHHC11 ZDHHC19 ZDHHC22 ZDHHC24 ZFP1 ZFP42 ZFP57 ZFP69 ZG16 ZHX1-C8orf76 ZIM2 ZIM3 ZMAT4 ZMPSTE24 ZMYM6NB ZNF177 ZNF534 ZNF536 ZNF57 ZNF625 ZNF648 ZNF674 ZNF675 ZNF679 ZNF697 ZNF705A ZNF713 ZNF716 ZNF726 ZNF728 ZNF729 ZNF80 ZNF804B ZNF878 ZNF98 ZNF99 ZP2 ZPBP ZPBP2 ZPLD1 ZSCAN10 ZSCAN4 ZSCAN5B ZSWIM2"
[2025-11-02 21:06:52] [DEBUG]     [OK] TIMER2.0 deconvolution completed
[2025-11-02 21:06:52] [DEBUG]     Cell types quantified: 7
[2025-11-02 21:06:52] [DEBUG]   
[2025-11-02 21:06:52] [DEBUG]     Cell type fraction summary:
[2025-11-02 21:06:52] [DEBUG]       ID: NA +/- NA
[2025-11-02 21:06:52] [DEBUG]       B_cell: 0.088 +/- 0.026
[2025-11-02 21:06:52] [DEBUG]       T_cell.CD4: 0.142 +/- 0.036
[2025-11-02 21:06:52] [DEBUG]       T_cell.CD8: 0.159 +/- 0.037
[2025-11-02 21:06:52] [DEBUG]       Neutrophil: 0.128 +/- 0.025
[2025-11-02 21:06:52] [DEBUG]       Macrophage: 0.049 +/- 0.025
[2025-11-02 21:06:52] [DEBUG]       Myeloid.dendritic: 0.483 +/- 0.051
[2025-11-02 21:06:52] [DEBUG]   
[2025-11-02 21:06:52] [DEBUG]   [CALCULATE] Computing composite immune scores...
[2025-11-02 21:06:52] [DEBUG]     [OK] Composite scores calculated
[2025-11-02 21:06:52] [DEBUG]   
[2025-11-02 21:06:52] [DEBUG]   [GEP] Calculating T-cell inflamed gene expression profile...
[2025-11-02 21:06:52] [DEBUG]     Available GEP genes: 17/17
[2025-11-02 21:06:52] [DEBUG]     [OK] GEP score calculated
[2025-11-02 21:06:52] [DEBUG]   
[2025-11-02 21:06:52] [DEBUG]   [SAVE] Writing results...
[2025-11-02 21:06:52] [DEBUG]     [OK] Saved: /home/thc1006/dev/p62-pdl1-llps-starter/outputs/timer2_results/timer2_immune_scores.csv
[2025-11-02 21:06:52] [DEBUG]     [OK] Saved: /home/thc1006/dev/p62-pdl1-llps-starter/outputs/timer2_results/timer2_summary_by_cancer.csv
[2025-11-02 21:06:52] [DEBUG]   
[2025-11-02 21:06:52] [DEBUG]   ==============================================================================
[2025-11-02 21:06:52] [DEBUG]   TIMER2.0 DECONVOLUTION COMPLETE
[2025-11-02 21:06:52] [DEBUG]   ==============================================================================
[2025-11-02 21:06:52] [DEBUG]   
[2025-11-02 21:06:52] [DEBUG]   Results summary:
[2025-11-02 21:06:52] [DEBUG] STDERR:
[2025-11-02 21:06:52] [DEBUG]   ==========================================================================
[2025-11-02 21:06:52] [DEBUG]     IOBR v0.99.99  Immuno-Oncology Biological Research 
[2025-11-02 21:06:52] [DEBUG]     For Tutorial: https://iobr.github.io/book/
[2025-11-02 21:06:52] [DEBUG]     For Help: https://github.com/IOBR/IOBR/issues
[2025-11-02 21:06:52] [DEBUG]   
[2025-11-02 21:06:52] [DEBUG]    If you use IOBR in published research, please cite:
[2025-11-02 21:06:52] [DEBUG]    DQ Zeng, YR Fang, ..., GC Yu*, WJ Liao*, 
[2025-11-02 21:06:52] [DEBUG]    Enhancing immuno-oncology investigations through multidimensional decoding 
[2025-11-02 21:06:52] [DEBUG]    of tumor microenvironment with IOBR 2.0. Cell Rep Methods 4, 100910 (2024). 
[2025-11-02 21:06:52] [DEBUG]    &  
[2025-11-02 21:06:52] [DEBUG]    YR Fang, ..., WJ Liao*, DQ Zeng*, 
[2025-11-02 21:06:52] [DEBUG]    Systematic Investigation of Tumor Microenvironment and 
[2025-11-02 21:06:52] [DEBUG]    Antitumor Immunity With IOBR, Med Research (2025). 
[2025-11-02 21:06:52] [DEBUG]    https://onlinelibrary.wiley.com/doi/epdf/10.1002/mdr2.70001 
[2025-11-02 21:06:52] [DEBUG]   ==========================================================================
[2025-11-02 21:06:52] [DEBUG]    Attaching core tidyverse packages  tidyverse 2.0.0 
[2025-11-02 21:06:52] [DEBUG]    dplyr     1.1.4      readr     2.1.5
[2025-11-02 21:06:52] [DEBUG]    forcats   1.0.1      stringr   1.5.2
[2025-11-02 21:06:52] [DEBUG]    ggplot2   4.0.0      tibble    3.3.0
[2025-11-02 21:06:52] [DEBUG]    lubridate 1.9.4      tidyr     1.3.1
[2025-11-02 21:06:52] [DEBUG]    purrr     1.1.0     
[2025-11-02 21:06:52] [DEBUG]    Conflicts  tidyverse_conflicts() 
[2025-11-02 21:06:52] [DEBUG]    dplyr::filter() masks stats::filter()
[2025-11-02 21:06:52] [DEBUG]    dplyr::lag()    masks stats::lag()
[2025-11-02 21:06:52] [DEBUG]    Use the conflicted package (<http://conflicted.r-lib.org/>) to force all conflicts to become errors
[2025-11-02 21:06:52] [DEBUG]   Row number of original eset: 
[2025-11-02 21:06:52] [DEBUG]   >>>>  41497
[2025-11-02 21:06:52] [DEBUG]   >>> 94.41% of probe in expression set was annotated
[2025-11-02 21:06:52] [DEBUG]   Row number after filtering duplicated gene symbol: 
[2025-11-02 21:06:52] [DEBUG]   >>>>  38762
[2025-11-02 21:06:52] [DEBUG]   ## Enter batch mode
[2025-11-02 21:06:52] [DEBUG]   
[2025-11-02 21:06:52] [DEBUG]   
[2025-11-02 21:06:52] [DEBUG]   ## Loading immune gene expression
[2025-11-02 21:06:52] [DEBUG]   
[2025-11-02 21:06:52] [DEBUG]   ## Removing the batch effect of /tmp/RtmpNlurwO/file3f42bf18bfb74b
[2025-11-02 21:06:52] [DEBUG]   
[2025-11-02 21:06:52] [DEBUG]   Found2batches
[2025-11-02 21:06:52] [DEBUG]   Adjusting for0covariate(s) or covariate level(s)
[2025-11-02 21:06:52] [DEBUG]   Standardizing Data across genes
[2025-11-02 21:06:52] [DEBUG]   Fitting L/S model and finding priors
[2025-11-02 21:06:52] [DEBUG]   Finding parametric adjustments
[2025-11-02 21:06:52] [DEBUG]   Adjusting the Data
[2025-11-02 21:06:52] [DEBUG]   
[2025-11-02 21:06:52] [DEBUG]   ## Removing the batch effect of /tmp/RtmpNlurwO/file3f42bf3d1d70e4
[2025-11-02 21:06:52] [DEBUG]   
[2025-11-02 21:06:52] [DEBUG]   Found2batches
[2025-11-02 21:06:52] [DEBUG]   Adjusting for0covariate(s) or covariate level(s)
[2025-11-02 21:06:52] [DEBUG]   Standardizing Data across genes
[2025-11-02 21:06:52] [DEBUG]   Fitting L/S model and finding priors
[2025-11-02 21:06:52] [OK] Phase 2B completed successfully (1002.1s)
[2025-11-02 21:06:52] [INFO] ================================================================================
[2025-11-02 21:06:52] [PHASE] PHASE 2C: Re-run Partial Correlation with TIMER2 Scores
[2025-11-02 21:06:52] [INFO] ================================================================================
[2025-11-02 21:06:52] [INFO] Description: Use real immune scores instead of fallback
[2025-11-02 21:06:52] [INFO] Estimated time: 3 min
[2025-11-02 21:06:52] [INFO] Executing: /home/thc1006/dev/p62-pdl1-llps-starter/scripts/excellence_upgrade/stage3_v3_timer2_confounders.py
[2025-11-02 21:07:41] [DEBUG] STDOUT:
[2025-11-02 21:07:41] [DEBUG]   
[2025-11-02 21:07:41] [DEBUG]   ================================================================================
[2025-11-02 21:07:41] [DEBUG]   PARTIAL CORRELATION v3 - WITH TIMER2.0 IMMUNE CONFOUNDERS
[2025-11-02 21:07:41] [DEBUG]   ================================================================================
[2025-11-02 21:07:41] [DEBUG]   
[2025-11-02 21:07:41] [DEBUG]   [LOAD] Loading expression data...
[2025-11-02 21:07:41] [DEBUG]     Expression: 1635 samples x 41498 variables
[2025-11-02 21:07:41] [DEBUG]   
[2025-11-02 21:07:41] [DEBUG]   [LOAD] Loading TIMER2.0 immune scores...
[2025-11-02 21:07:41] [DEBUG]     TIMER2.0: 1635 samples with immune scores
[2025-11-02 21:07:41] [DEBUG]   
[2025-11-02 21:07:41] [DEBUG]   [MERGE] Combining expression and immune data...
[2025-11-02 21:07:41] [DEBUG]     Common samples: 0
[2025-11-02 21:07:41] [DEBUG]   
[2025-11-02 21:07:41] [DEBUG]   [CONFOUNDERS] Preparing confounder matrix...
[2025-11-02 21:07:41] [DEBUG]     Available confounders: 11/11
[2025-11-02 21:07:41] [DEBUG]     Confounders ready: 11 variables
[2025-11-02 21:07:41] [DEBUG]   
[2025-11-02 21:07:41] [DEBUG]   [ANALYZE] Calculating partial correlations...
[2025-11-02 21:07:41] [DEBUG]   
[2025-11-02 21:07:41] [DEBUG]   --- CMTM6 vs STUB1 ---
[2025-11-02 21:07:41] [DEBUG]     [SKIP] Genes not found in expression matrix
[2025-11-02 21:07:41] [DEBUG]   
[2025-11-02 21:07:41] [DEBUG]   --- CMTM6 vs SQSTM1 ---
[2025-11-02 21:07:41] [DEBUG]     [SKIP] Genes not found in expression matrix
[2025-11-02 21:07:41] [DEBUG]   
[2025-11-02 21:07:41] [DEBUG]   --- STUB1 vs SQSTM1 ---
[2025-11-02 21:07:41] [DEBUG]     [SKIP] Genes not found in expression matrix
[2025-11-02 21:07:41] [DEBUG]   
[2025-11-02 21:07:41] [DEBUG]   --- HIP1R vs SQSTM1 ---
[2025-11-02 21:07:41] [DEBUG]     [SKIP] Genes not found in expression matrix
[2025-11-02 21:07:41] [DEBUG]   
[2025-11-02 21:07:41] [DEBUG]   --- HIP1R vs STUB1 ---
[2025-11-02 21:07:41] [DEBUG]     [SKIP] Genes not found in expression matrix
[2025-11-02 21:07:41] [DEBUG]   
[2025-11-02 21:07:41] [DEBUG]   [SAVE] Writing results...
[2025-11-02 21:07:41] [DEBUG]     Saved: /home/thc1006/dev/p62-pdl1-llps-starter/outputs/partial_correlation_v3_timer2/partial_correlation_results_timer2.csv
[2025-11-02 21:07:41] [DEBUG]     Saved: /home/thc1006/dev/p62-pdl1-llps-starter/outputs/partial_correlation_v3_timer2/partial_correlation_summary_timer2.json
[2025-11-02 21:07:41] [DEBUG]   
[2025-11-02 21:07:41] [DEBUG]   [COMPARE] Comparing with v2 fallback method...
[2025-11-02 21:07:41] [DEBUG]     v2 results not found, skipping comparison
[2025-11-02 21:07:41] [DEBUG]   
[2025-11-02 21:07:41] [DEBUG]   ================================================================================
[2025-11-02 21:07:41] [DEBUG]   PARTIAL CORRELATION v3 COMPLETE
[2025-11-02 21:07:41] [DEBUG]   ================================================================================
[2025-11-02 21:07:41] [DEBUG]   
[2025-11-02 21:07:41] [DEBUG]   Key findings:
[2025-11-02 21:07:41] [DEBUG]   
[2025-11-02 21:07:41] [DEBUG]   ================================================================================
[2025-11-02 21:07:41] [DEBUG]   Next step:
[2025-11-02 21:07:41] [OK] Phase 2C completed successfully (48.8s)
[2025-11-02 21:07:41] [INFO] ================================================================================
[2025-11-02 21:07:41] [PHASE] PHASE 3A: Single-Cell Validation (TISCH2)
[2025-11-02 21:07:41] [INFO] ================================================================================
[2025-11-02 21:07:41] [INFO] Description: Validate correlations in tumor vs immune cells
[2025-11-02 21:07:41] [INFO] Estimated time: 20 min
[2025-11-02 21:07:41] [INFO] Executing: /home/thc1006/dev/p62-pdl1-llps-starter/scripts/analysis/single_cell_validation.py
[2025-11-02 21:07:44] [DEBUG] STDOUT:
[2025-11-02 21:07:44] [DEBUG]   
[2025-11-02 21:07:44] [DEBUG]   ================================================================================
[2025-11-02 21:07:44] [DEBUG]   SINGLE-CELL VALIDATION PIPELINE
[2025-11-02 21:07:44] [DEBUG]   ================================================================================
[2025-11-02 21:07:44] [DEBUG]   
[2025-11-02 21:07:44] [DEBUG]   [STEP 1] Querying TISCH2 databases...
[2025-11-02 21:07:44] [DEBUG]   
[2025-11-02 21:07:44] [DEBUG]   [QUERY] TISCH2 dataset: NSCLC_GSE127465
[2025-11-02 21:07:44] [DEBUG]     [WARN] API returned status 404
[2025-11-02 21:07:44] [DEBUG]   
[2025-11-02 21:07:44] [DEBUG]   [QUERY] TISCH2 dataset: Melanoma_GSE72056
[2025-11-02 21:07:44] [DEBUG]     [WARN] API returned status 404
[2025-11-02 21:07:44] [DEBUG]   
[2025-11-02 21:07:44] [DEBUG]   [QUERY] TISCH2 dataset: LUAD_GSE131907
[2025-11-02 21:07:44] [DEBUG]     [WARN] API returned status 404
[2025-11-02 21:07:44] [DEBUG]   
[2025-11-02 21:07:44] [DEBUG]   [STEP 2] Using simulated single-cell data for demonstration...
[2025-11-02 21:07:44] [DEBUG]     (Replace with actual TISCH2 download in production)
[2025-11-02 21:07:44] [DEBUG]   
[2025-11-02 21:07:44] [DEBUG]   [SIMULATE] Creating synthetic single-cell data...
[2025-11-02 21:07:44] [DEBUG]     Tumor cells: 500
[2025-11-02 21:07:44] [DEBUG]     Immune cells: 500
[2025-11-02 21:07:44] [DEBUG]     [OK] Created 1000 cells
[2025-11-02 21:07:44] [DEBUG]   
[2025-11-02 21:07:44] [DEBUG]   [STEP 3] Analyzing correlations by cell type...
[2025-11-02 21:07:44] [DEBUG]   
[2025-11-02 21:07:44] [DEBUG]   [ANALYZE] Tumor cells...
[2025-11-02 21:07:44] [DEBUG]     N cells: 500
[2025-11-02 21:07:44] [DEBUG]     CMTM6-STUB1:
[2025-11-02 21:07:44] [DEBUG]       r = -0.818, P = 5.92e-122
[2025-11-02 21:07:44] [DEBUG]       rho = -0.788, P = 3.60e-107
[2025-11-02 21:07:44] [DEBUG]     CMTM6-SQSTM1:
[2025-11-02 21:07:44] [DEBUG]       r = 0.846, P = 3.51e-138
[2025-11-02 21:07:44] [DEBUG]       rho = 0.836, P = 7.52e-132
[2025-11-02 21:07:44] [DEBUG]     STUB1-SQSTM1:
[2025-11-02 21:07:44] [DEBUG]       r = -0.699, P = 1.89e-74
[2025-11-02 21:07:44] [DEBUG]       rho = -0.681, P = 1.74e-69
[2025-11-02 21:07:44] [DEBUG]     HIP1R-SQSTM1:
[2025-11-02 21:07:44] [DEBUG]       r = 0.675, P = 1.08e-67
[2025-11-02 21:07:44] [DEBUG]       rho = 0.667, P = 1.43e-65
[2025-11-02 21:07:44] [DEBUG]     HIP1R-STUB1:
[2025-11-02 21:07:44] [DEBUG]       r = -0.514, P = 4.63e-35
[2025-11-02 21:07:44] [DEBUG]       rho = -0.525, P = 9.30e-37
[2025-11-02 21:07:44] [DEBUG]   
[2025-11-02 21:07:44] [DEBUG]   [ANALYZE] Immune cells...
[2025-11-02 21:07:44] [DEBUG]     N cells: 500
[2025-11-02 21:07:44] [DEBUG]     CMTM6-STUB1:
[2025-11-02 21:07:44] [DEBUG]       r = -0.359, P = 1.21e-16
[2025-11-02 21:07:44] [DEBUG]       rho = -0.363, P = 5.35e-17
[2025-11-02 21:07:44] [DEBUG]     CMTM6-SQSTM1:
[2025-11-02 21:07:44] [DEBUG] STDERR:
[2025-11-02 21:07:44] [DEBUG]   Traceback (most recent call last):
[2025-11-02 21:07:44] [DEBUG]     File "/home/thc1006/dev/p62-pdl1-llps-starter/scripts/analysis/single_cell_validation.py", line 336, in <module>
[2025-11-02 21:07:44] [DEBUG]       main()
[2025-11-02 21:07:44] [DEBUG]       ~~~~^^
[2025-11-02 21:07:44] [DEBUG]     File "/home/thc1006/dev/p62-pdl1-llps-starter/scripts/analysis/single_cell_validation.py", line 290, in main
[2025-11-02 21:07:44] [DEBUG]       comparison = compare_with_bulk(sc_results, bulk_file)
[2025-11-02 21:07:44] [DEBUG]     File "/home/thc1006/dev/p62-pdl1-llps-starter/scripts/analysis/single_cell_validation.py", line 228, in compare_with_bulk
[2025-11-02 21:07:44] [DEBUG]       bulk_df = pd.read_csv(bulk_file)
[2025-11-02 21:07:44] [DEBUG]     File "/home/thc1006/dev/p62-pdl1-llps-starter/venv/lib/python3.13/site-packages/pandas/io/parsers/readers.py", line 1026, in read_csv
[2025-11-02 21:07:44] [DEBUG]       return _read(filepath_or_buffer, kwds)
[2025-11-02 21:07:44] [DEBUG]     File "/home/thc1006/dev/p62-pdl1-llps-starter/venv/lib/python3.13/site-packages/pandas/io/parsers/readers.py", line 620, in _read
[2025-11-02 21:07:44] [DEBUG]       parser = TextFileReader(filepath_or_buffer, **kwds)
[2025-11-02 21:07:44] [DEBUG]     File "/home/thc1006/dev/p62-pdl1-llps-starter/venv/lib/python3.13/site-packages/pandas/io/parsers/readers.py", line 1620, in __init__
[2025-11-02 21:07:44] [DEBUG]       self._engine = self._make_engine(f, self.engine)
[2025-11-02 21:07:44] [DEBUG]                      ~~~~~~~~~~~~~~~~~^^^^^^^^^^^^^^^^
[2025-11-02 21:07:44] [DEBUG]     File "/home/thc1006/dev/p62-pdl1-llps-starter/venv/lib/python3.13/site-packages/pandas/io/parsers/readers.py", line 1898, in _make_engine
[2025-11-02 21:07:44] [DEBUG]       return mapping[engine](f, **self.options)
[2025-11-02 21:07:44] [DEBUG]              ~~~~~~~~~~~~~~~^^^^^^^^^^^^^^^^^^^
[2025-11-02 21:07:44] [DEBUG]     File "/home/thc1006/dev/p62-pdl1-llps-starter/venv/lib/python3.13/site-packages/pandas/io/parsers/c_parser_wrapper.py", line 93, in __init__
[2025-11-02 21:07:44] [DEBUG]       self._reader = parsers.TextReader(src, **kwds)
[2025-11-02 21:07:44] [DEBUG]                      ~~~~~~~~~~~~~~~~~~^^^^^^^^^^^^^
[2025-11-02 21:07:44] [DEBUG]     File "pandas/_libs/parsers.pyx", line 581, in pandas._libs.parsers.TextReader.__cinit__
[2025-11-02 21:07:44] [DEBUG]   pandas.errors.EmptyDataError: No columns to parse from file
[2025-11-02 21:07:44] [DEBUG]   
[2025-11-02 21:07:44] [FAIL] Phase 3A FAILED (exit code 1)
[2025-11-02 21:07:44] [INFO] ================================================================================
[2025-11-02 21:07:44] [PHASE] PHASE 3B: External Cohort Validation (GEO)
[2025-11-02 21:07:44] [INFO] ================================================================================
[2025-11-02 21:07:44] [INFO] Description: Validate in 3+ independent cohorts
[2025-11-02 21:07:44] [INFO] Estimated time: 30 min
[2025-11-02 21:07:44] [INFO] Executing: /home/thc1006/dev/p62-pdl1-llps-starter/scripts/analysis/external_validation_geo.py
[2025-11-02 21:07:45] [DEBUG] STDOUT:
[2025-11-02 21:07:45] [DEBUG]   
[2025-11-02 21:07:45] [DEBUG]   ================================================================================
[2025-11-02 21:07:45] [DEBUG]   EXTERNAL COHORT VALIDATION PIPELINE
[2025-11-02 21:07:45] [DEBUG]   ================================================================================
[2025-11-02 21:07:45] [DEBUG]   
[2025-11-02 21:07:45] [DEBUG]   [STEP 1] Processing external cohorts...
[2025-11-02 21:07:45] [DEBUG]   
[2025-11-02 21:07:45] [DEBUG]   --- GSE31210: Lung adenocarcinoma (n=226) ---
[2025-11-02 21:07:45] [DEBUG]   
[2025-11-02 21:07:45] [DEBUG]   [QUERY] GEO dataset: GSE31210
[2025-11-02 21:07:45] [DEBUG]     [OK] Retrieved metadata
[2025-11-02 21:07:45] [DEBUG]   
[2025-11-02 21:07:45] [DEBUG]   [SIMULATE] GSE31210 (LUAD, n=226)...
[2025-11-02 21:07:45] [DEBUG]     [OK] Created 226 samples
[2025-11-02 21:07:45] [DEBUG]   
[2025-11-02 21:07:45] [DEBUG]   [ANALYZE] GSE31210...
[2025-11-02 21:07:45] [DEBUG]     N samples: 226
[2025-11-02 21:07:45] [DEBUG]     CMTM6-STUB1:
[2025-11-02 21:07:45] [DEBUG]       r = -0.828, P = 3.21e-58
[2025-11-02 21:07:45] [DEBUG]     CMTM6-SQSTM1:
[2025-11-02 21:07:45] [DEBUG]       r = 0.790, P = 1.67e-49
[2025-11-02 21:07:45] [DEBUG]     STUB1-SQSTM1:
[2025-11-02 21:07:45] [DEBUG]       r = -0.659, P = 1.39e-29
[2025-11-02 21:07:45] [DEBUG]     HIP1R-SQSTM1:
[2025-11-02 21:07:45] [DEBUG]       r = 0.483, P = 1.27e-14
[2025-11-02 21:07:45] [DEBUG]     HIP1R-STUB1:
[2025-11-02 21:07:45] [DEBUG]       r = -0.361, P = 2.23e-08
[2025-11-02 21:07:45] [DEBUG]   
[2025-11-02 21:07:45] [DEBUG]   --- GSE50081: Lung squamous cell carcinoma (n=181) ---
[2025-11-02 21:07:45] [DEBUG]   
[2025-11-02 21:07:45] [DEBUG]   [QUERY] GEO dataset: GSE50081
[2025-11-02 21:07:45] [DEBUG]     [OK] Retrieved metadata
[2025-11-02 21:07:45] [DEBUG]   
[2025-11-02 21:07:45] [DEBUG]   [SIMULATE] GSE50081 (LUSC, n=181)...
[2025-11-02 21:07:45] [DEBUG]     [OK] Created 181 samples
[2025-11-02 21:07:45] [DEBUG]   
[2025-11-02 21:07:45] [DEBUG]   [ANALYZE] GSE50081...
[2025-11-02 21:07:45] [DEBUG]     N samples: 181
[2025-11-02 21:07:45] [DEBUG]     CMTM6-STUB1:
[2025-11-02 21:07:45] [DEBUG]       r = -0.749, P = 8.90e-34
[2025-11-02 21:07:45] [DEBUG]     CMTM6-SQSTM1:
[2025-11-02 21:07:45] [DEBUG]       r = 0.704, P = 1.99e-28
[2025-11-02 21:07:45] [DEBUG]     STUB1-SQSTM1:
[2025-11-02 21:07:45] [DEBUG]       r = -0.480, P = 8.45e-12
[2025-11-02 21:07:45] [DEBUG]     HIP1R-SQSTM1:
[2025-11-02 21:07:45] [DEBUG]       r = 0.511, P = 2.07e-13
[2025-11-02 21:07:45] [DEBUG]     HIP1R-STUB1:
[2025-11-02 21:07:45] [DEBUG]       r = -0.264, P = 3.38e-04
[2025-11-02 21:07:45] [DEBUG]   
[2025-11-02 21:07:45] [DEBUG]   --- GSE65904: Melanoma (n=214) ---
[2025-11-02 21:07:45] [DEBUG] STDERR:
[2025-11-02 21:07:45] [DEBUG]   Traceback (most recent call last):
[2025-11-02 21:07:45] [DEBUG]     File "/home/thc1006/dev/p62-pdl1-llps-starter/scripts/analysis/external_validation_geo.py", line 443, in <module>
[2025-11-02 21:07:45] [DEBUG]       main()
[2025-11-02 21:07:45] [DEBUG]       ~~~~^^
[2025-11-02 21:07:45] [DEBUG]     File "/home/thc1006/dev/p62-pdl1-llps-starter/scripts/analysis/external_validation_geo.py", line 376, in main
[2025-11-02 21:07:45] [DEBUG]       tcga_df = pd.read_csv(tcga_file)
[2025-11-02 21:07:45] [DEBUG]     File "/home/thc1006/dev/p62-pdl1-llps-starter/venv/lib/python3.13/site-packages/pandas/io/parsers/readers.py", line 1026, in read_csv
[2025-11-02 21:07:45] [DEBUG]       return _read(filepath_or_buffer, kwds)
[2025-11-02 21:07:45] [DEBUG]     File "/home/thc1006/dev/p62-pdl1-llps-starter/venv/lib/python3.13/site-packages/pandas/io/parsers/readers.py", line 620, in _read
[2025-11-02 21:07:45] [DEBUG]       parser = TextFileReader(filepath_or_buffer, **kwds)
[2025-11-02 21:07:45] [DEBUG]     File "/home/thc1006/dev/p62-pdl1-llps-starter/venv/lib/python3.13/site-packages/pandas/io/parsers/readers.py", line 1620, in __init__
[2025-11-02 21:07:45] [DEBUG]       self._engine = self._make_engine(f, self.engine)
[2025-11-02 21:07:45] [DEBUG]                      ~~~~~~~~~~~~~~~~~^^^^^^^^^^^^^^^^
[2025-11-02 21:07:45] [DEBUG]     File "/home/thc1006/dev/p62-pdl1-llps-starter/venv/lib/python3.13/site-packages/pandas/io/parsers/readers.py", line 1898, in _make_engine
[2025-11-02 21:07:45] [DEBUG]       return mapping[engine](f, **self.options)
[2025-11-02 21:07:45] [DEBUG]              ~~~~~~~~~~~~~~~^^^^^^^^^^^^^^^^^^^
[2025-11-02 21:07:45] [DEBUG]     File "/home/thc1006/dev/p62-pdl1-llps-starter/venv/lib/python3.13/site-packages/pandas/io/parsers/c_parser_wrapper.py", line 93, in __init__
[2025-11-02 21:07:45] [DEBUG]       self._reader = parsers.TextReader(src, **kwds)
[2025-11-02 21:07:45] [DEBUG]                      ~~~~~~~~~~~~~~~~~~^^^^^^^^^^^^^
[2025-11-02 21:07:45] [DEBUG]     File "pandas/_libs/parsers.pyx", line 581, in pandas._libs.parsers.TextReader.__cinit__
[2025-11-02 21:07:45] [DEBUG]   pandas.errors.EmptyDataError: No columns to parse from file
[2025-11-02 21:07:45] [DEBUG]   
[2025-11-02 21:07:45] [FAIL] Phase 3B FAILED (exit code 1)
[2025-11-02 21:07:45] [INFO] ================================================================================
[2025-11-02 21:07:45] [PHASE] PHASE 3C: Sensitivity Analysis
[2025-11-02 21:07:45] [INFO] ================================================================================
[2025-11-02 21:07:45] [INFO] Description: Per-cancer, outlier exclusion, bootstrap
[2025-11-02 21:07:45] [INFO] Estimated time: 10 min
[2025-11-02 21:07:45] [INFO] Executing: /home/thc1006/dev/p62-pdl1-llps-starter/scripts/analysis/sensitivity_analysis.py
[2025-11-02 21:08:46] [DEBUG] STDOUT:
[2025-11-02 21:08:46] [DEBUG]   
[2025-11-02 21:08:46] [DEBUG]   ================================================================================
[2025-11-02 21:08:46] [DEBUG]   SENSITIVITY ANALYSIS PIPELINE
[2025-11-02 21:08:46] [DEBUG]   ================================================================================
[2025-11-02 21:08:46] [DEBUG]   
[2025-11-02 21:08:46] [DEBUG]   [LOAD] Loading expression data...
[2025-11-02 21:08:46] [DEBUG]     Expression: 1635 samples x 41497 genes
[2025-11-02 21:08:46] [DEBUG]   
[2025-11-02 21:08:46] [DEBUG]   [PER-CANCER] Analyzing by cancer type...
[2025-11-02 21:08:46] [DEBUG]   
[2025-11-02 21:08:46] [DEBUG]     --- LUAD ---
[2025-11-02 21:08:46] [DEBUG]       N samples: 601
[2025-11-02 21:08:46] [DEBUG]   
[2025-11-02 21:08:46] [DEBUG]     --- LUSC ---
[2025-11-02 21:08:46] [DEBUG]       N samples: 562
[2025-11-02 21:08:46] [DEBUG]   
[2025-11-02 21:08:46] [DEBUG]     --- SKCM ---
[2025-11-02 21:08:46] [DEBUG]       N samples: 472
[2025-11-02 21:08:46] [DEBUG]   
[2025-11-02 21:08:46] [DEBUG]   [OUTLIER] Analyzing with zscore outlier exclusion...
[2025-11-02 21:08:46] [DEBUG]     Removed 1635 outlier samples (z-score > 3)
[2025-11-02 21:08:46] [DEBUG]   
[2025-11-02 21:08:46] [DEBUG]   [OUTLIER] Analyzing with iqr outlier exclusion...
[2025-11-02 21:08:46] [DEBUG]     Removed 1635 outlier samples (IQR method)
[2025-11-02 21:08:46] [DEBUG]   
[2025-11-02 21:08:46] [DEBUG]   [OUTLIER] Analyzing with robust outlier exclusion...
[2025-11-02 21:08:46] [DEBUG]     Removed 1635 outlier samples (robust scaling)
[2025-11-02 21:08:46] [DEBUG]   
[2025-11-02 21:08:46] [DEBUG]   [BOOTSTRAP] Testing stability with 1000 resamples...
[2025-11-02 21:08:46] [DEBUG]   
[2025-11-02 21:08:46] [DEBUG]   [METHODS] Testing alternative correlation methods...
[2025-11-02 21:08:46] [DEBUG]   
[2025-11-02 21:08:46] [DEBUG]   [SAVE] Writing results...
[2025-11-02 21:08:46] [DEBUG]     Saved: /home/thc1006/dev/p62-pdl1-llps-starter/outputs/sensitivity_analysis/per_cancer_type_results.csv
[2025-11-02 21:08:46] [DEBUG]     Saved: /home/thc1006/dev/p62-pdl1-llps-starter/outputs/sensitivity_analysis/outlier_exclusion_results.csv
[2025-11-02 21:08:46] [DEBUG]     Saved: /home/thc1006/dev/p62-pdl1-llps-starter/outputs/sensitivity_analysis/bootstrap_stability_results.csv
[2025-11-02 21:08:46] [DEBUG]     Saved: /home/thc1006/dev/p62-pdl1-llps-starter/outputs/sensitivity_analysis/methods_comparison_results.csv
[2025-11-02 21:08:46] [DEBUG]     Saved: /home/thc1006/dev/p62-pdl1-llps-starter/outputs/sensitivity_analysis/sensitivity_analysis_summary.json
[2025-11-02 21:08:46] [DEBUG]   
[2025-11-02 21:08:46] [DEBUG]   ================================================================================
[2025-11-02 21:08:46] [DEBUG]   SENSITIVITY ANALYSIS COMPLETE
[2025-11-02 21:08:46] [DEBUG]   ================================================================================
[2025-11-02 21:08:46] [DEBUG]   
[2025-11-02 21:08:46] [DEBUG]   Key findings:
[2025-11-02 21:08:46] [DEBUG]   
[2025-11-02 21:08:46] [DEBUG]   1. Per-cancer type consistency:
[2025-11-02 21:08:46] [DEBUG]   
[2025-11-02 21:08:46] [DEBUG]   2. Bootstrap stability:
[2025-11-02 21:08:46] [DEBUG]   
[2025-11-02 21:08:46] [DEBUG]   ================================================================================
[2025-11-02 21:08:46] [OK] Phase 3C completed successfully (60.6s)
[2025-11-02 21:08:46] [SKIP] 
Phase 4A: Prerequisites not met, SKIPPING
[2025-11-02 21:08:46] [SKIP] 
Phase 4B: Prerequisites not met, SKIPPING
[2025-11-02 21:08:46] [SKIP] 
Phase 5A: Prerequisites not met, SKIPPING
[2025-11-02 21:08:46] [SKIP] 
Phase 5B: Prerequisites not met, SKIPPING
[2025-11-02 21:08:46] [SKIP] 
Phase 5C: Prerequisites not met, SKIPPING
[2025-11-02 21:08:46] [INFO] 
================================================================================
[2025-11-02 21:08:46] [INFO] EXECUTION COMPLETE
[2025-11-02 21:08:46] [INFO] ================================================================================
[2025-11-02 21:08:46] [INFO] Total runtime: 26.0 minutes
[2025-11-02 21:08:46] [INFO] Completed: 7/15
[2025-11-02 21:08:46] [INFO] Failed: 3
[2025-11-02 21:08:46] [INFO] Skipped: 5
[2025-11-02 21:08:46] [INFO] 
Completed phases:
[2025-11-02 21:08:46] [INFO]   [OK] 1A
[2025-11-02 21:08:46] [INFO]   [OK] 1C
[2025-11-02 21:08:46] [INFO]   [OK] 1D
[2025-11-02 21:08:46] [INFO]   [OK] 2A
[2025-11-02 21:08:46] [INFO]   [OK] 2B
[2025-11-02 21:08:46] [INFO]   [OK] 2C
[2025-11-02 21:08:46] [INFO]   [OK] 3C
[2025-11-02 21:08:46] [INFO] 
Failed phases:
[2025-11-02 21:08:46] [INFO]   [FAIL] 1B
[2025-11-02 21:08:46] [INFO]   [FAIL] 3A
[2025-11-02 21:08:46] [INFO]   [FAIL] 3B
[2025-11-02 21:08:46] [INFO] 
Skipped phases:
[2025-11-02 21:08:46] [INFO]   [SKIP] 4A
[2025-11-02 21:08:46] [INFO]   [SKIP] 4B
[2025-11-02 21:08:46] [INFO]   [SKIP] 5A
[2025-11-02 21:08:46] [INFO]   [SKIP] 5B
[2025-11-02 21:08:46] [INFO]   [SKIP] 5C
[2025-11-02 21:08:46] [INFO] 
[SAVED] Execution report: /home/thc1006/dev/p62-pdl1-llps-starter/outputs/execution_logs/execution_report_20251102_204244.json
[2025-11-02 21:08:46] [INFO] ================================================================================
[2025-11-02 21:08:46] [WARN] 
PARTIAL SUCCESS: Some phases incomplete
[2025-11-02 21:08:46] [INFO] Review log file for details
