======================================================================
STAGE 4: CPTAC PROTEIN-LEVEL VALIDATION
======================================================================

[STEP 1] Loading CPTAC proteomics data...
  CPTAC data not found. Attempting to download...

  DATA DOWNLOAD INSTRUCTIONS:
  1. Go to: https://proteomic.datacommons.cancer.gov/pdc/
  2. Search for: CPTAC-3 LUAD
  3. Download: Protein abundance data (log2-ratio)
  4. Repeat for: CPTAC-3 LUSC
  5. Merge both files and save to: data/cptac_proteomics.csv

  Required columns:
    - sample_id
    - CD274, CMTM6, STUB1, SQSTM1, HIP1R (protein abundance)
    - cancer_type (LUAD/LUSC)

  WARNING: Using simulated CPTAC data for demonstration!
  MUST be replaced with real CPTAC data before publication!

  Generating realistic CPTAC simulation...
Traceback (most recent call last):
  File "/home/thc1006/dev/p62-pdl1-llps-starter/scripts/excellence_upgrade/stage4_cptac_validation.py", line 140, in <module>
    cptac_df = load_cptac_data()
  File "/home/thc1006/dev/p62-pdl1-llps-starter/scripts/excellence_upgrade/stage4_cptac_validation.py", line 59, in load_cptac_data
    return generate_cptac_simulation()
  File "/home/thc1006/dev/p62-pdl1-llps-starter/scripts/excellence_upgrade/stage4_cptac_validation.py", line 70, in generate_cptac_simulation
    mrna_df = pd.read_csv(mrna_file)
  File "/home/thc1006/dev/p62-pdl1-llps-starter/venv/lib/python3.13/site-packages/pandas/io/parsers/readers.py", line 1026, in read_csv
    return _read(filepath_or_buffer, kwds)
  File "/home/thc1006/dev/p62-pdl1-llps-starter/venv/lib/python3.13/site-packages/pandas/io/parsers/readers.py", line 620, in _read
    parser = TextFileReader(filepath_or_buffer, **kwds)
  File "/home/thc1006/dev/p62-pdl1-llps-starter/venv/lib/python3.13/site-packages/pandas/io/parsers/readers.py", line 1620, in __init__
    self._engine = self._make_engine(f, self.engine)
                   ~~~~~~~~~~~~~~~~~^^^^^^^^^^^^^^^^
  File "/home/thc1006/dev/p62-pdl1-llps-starter/venv/lib/python3.13/site-packages/pandas/io/parsers/readers.py", line 1880, in _make_engine
    self.handles = get_handle(
                   ~~~~~~~~~~^
        f,
        ^^
    ...<6 lines>...
        storage_options=self.options.get("storage_options", None),
        ^^^^^^^^^^^^^^^^^^^^^^^^^^^^^^^^^^^^^^^^^^^^^^^^^^^^^^^^^^
    )
    ^
  File "/home/thc1006/dev/p62-pdl1-llps-starter/venv/lib/python3.13/site-packages/pandas/io/common.py", line 873, in get_handle
    handle = open(
        handle,
    ...<3 lines>...
        newline="",
    )
FileNotFoundError: [Errno 2] No such file or directory: 'outputs/tcga_full_cohort/expression_matrix.csv'
