'getOption("repos")' replaces Bioconductor standard repositories, see
'help("repositories", package = "BiocManager")' for details.
Replacement repositories:
    CRAN: https://cloud.r-project.org
Bioconductor version 3.22 (BiocManager 1.30.26), R 4.5.0 (2025-04-11)
Installing package(s) 'sva'
also installing the dependencies ‘genefilter’, ‘edgeR’

trying URL 'https://bioconductor.org/packages/3.22/bioc/src/contrib/genefilter_1.92.0.tar.gz'
trying URL 'https://bioconductor.org/packages/3.22/bioc/src/contrib/edgeR_4.8.0.tar.gz'
trying URL 'https://bioconductor.org/packages/3.22/bioc/src/contrib/sva_3.58.0.tar.gz'
* installing *source* package ‘genefilter’ ...
** this is package ‘genefilter’ version ‘1.92.0’
** package ‘genefilter’ successfully unpacked and MD5 sums checked
** using staged installation
** libs
using C compiler: ‘gcc (Debian 14.2.0-19) 14.2.0’
using Fortran compiler: ‘GNU Fortran (Debian 14.2.0-19) 14.2.0’
using C++ compiler: ‘g++ (Debian 14.2.0-19) 14.2.0’
g++ -std=gnu++17 -I"/usr/share/R/include" -DNDEBUG       -fpic  -g -O2 -ffile-prefix-map=/build/reproducible-path/r-base-4.5.0=. -fstack-protector-strong -fstack-clash-protection -Wformat -Werror=format-security -fcf-protection -Wdate-time -D_FORTIFY_SOURCE=2   -c half_range_mode.cpp -o half_range_mode.o
half_range_mode.cpp: In function ‘double half_range_mode(double*, double*, double, int)’:
half_range_mode.cpp:100:60: warning: format ‘%i’ expects argument of type ‘int’, but argument 5 has type ‘std::vector<int>::size_type’ {aka ‘long unsigned int’} [-Wformat=]
  100 |     if (diag) Rprintf( "N = %i, N'' = %i, w = %.4f, |J| = %i\n", N, N_double_prime, w, J.size() );
      |                                                           ~^                           ~~~~~~~~
      |                                                            |                                 |
      |                                                            int                               std::vector<int>::size_type {aka long unsigned int}
      |                                                           %li
gcc -std=gnu23 -I"/usr/share/R/include" -DNDEBUG       -fpic  -g -O2 -ffile-prefix-map=/build/reproducible-path/r-base-4.5.0=. -fstack-protector-strong -fstack-clash-protection -Wformat -Werror=format-security -fcf-protection -Wdate-time -D_FORTIFY_SOURCE=2  -c init.c -o init.o
gcc -std=gnu23 -I"/usr/share/R/include" -DNDEBUG       -fpic  -g -O2 -ffile-prefix-map=/build/reproducible-path/r-base-4.5.0=. -fstack-protector-strong -fstack-clash-protection -Wformat -Werror=format-security -fcf-protection -Wdate-time -D_FORTIFY_SOURCE=2  -c nd.c -o nd.o
gcc -std=gnu23 -I"/usr/share/R/include" -DNDEBUG       -fpic  -g -O2 -ffile-prefix-map=/build/reproducible-path/r-base-4.5.0=. -fstack-protector-strong -fstack-clash-protection -Wformat -Werror=format-security -fcf-protection -Wdate-time -D_FORTIFY_SOURCE=2  -c pAUC.c -o pAUC.o
gcc -std=gnu23 -I"/usr/share/R/include" -DNDEBUG       -fpic  -g -O2 -ffile-prefix-map=/build/reproducible-path/r-base-4.5.0=. -fstack-protector-strong -fstack-clash-protection -Wformat -Werror=format-security -fcf-protection -Wdate-time -D_FORTIFY_SOURCE=2  -c rowPAUCs.c -o rowPAUCs.o
gcc -std=gnu23 -I"/usr/share/R/include" -DNDEBUG       -fpic  -g -O2 -ffile-prefix-map=/build/reproducible-path/r-base-4.5.0=. -fstack-protector-strong -fstack-clash-protection -Wformat -Werror=format-security -fcf-protection -Wdate-time -D_FORTIFY_SOURCE=2  -c rowttests.c -o rowttests.o
gfortran  -fpic  -g -O2 -ffile-prefix-map=/build/reproducible-path/r-base-4.5.0=. -fstack-protector-strong -fstack-clash-protection -fcf-protection  -c ttest.f -o ttest.o
g++ -std=gnu++17 -shared -L/usr/lib/R/lib -Wl,-z,relro -o genefilter.so half_range_mode.o init.o nd.o pAUC.o rowPAUCs.o rowttests.o ttest.o -lgfortran -lm -lquadmath -L/usr/lib/R/lib -lR
installing to /home/thc1006/R/library/00LOCK-genefilter/00new/genefilter/libs
** R
** data
*** moving datasets to lazyload DB
** inst
** byte-compile and prepare package for lazy loading
** help
*** installing help indices
** building package indices
** installing vignettes
** testing if installed package can be loaded from temporary location
** checking absolute paths in shared objects and dynamic libraries
** testing if installed package can be loaded from final location
** testing if installed package keeps a record of temporary installation path
* DONE (genefilter)
* installing *source* package ‘edgeR’ ...
** this is package ‘edgeR’ version ‘4.8.0’
** package ‘edgeR’ successfully unpacked and MD5 sums checked
** using staged installation
** libs
using C compiler: ‘gcc (Debian 14.2.0-19) 14.2.0’
gcc -std=gnu23 -I"/usr/share/R/include" -DNDEBUG       -fpic  -g -O2 -ffile-prefix-map=/build/reproducible-path/r-base-4.5.0=. -fstack-protector-strong -fstack-clash-protection -Wformat -Werror=format-security -fcf-protection -Wdate-time -D_FORTIFY_SOURCE=2  -c R_exports.c -o R_exports.o
gcc -std=gnu23 -I"/usr/share/R/include" -DNDEBUG       -fpic  -g -O2 -ffile-prefix-map=/build/reproducible-path/r-base-4.5.0=. -fstack-protector-strong -fstack-clash-protection -Wformat -Werror=format-security -fcf-protection -Wdate-time -D_FORTIFY_SOURCE=2  -c R_process_hairpin_reads.c -o R_process_hairpin_reads.o
gcc -std=gnu23 -I"/usr/share/R/include" -DNDEBUG       -fpic  -g -O2 -ffile-prefix-map=/build/reproducible-path/r-base-4.5.0=. -fstack-protector-strong -fstack-clash-protection -Wformat -Werror=format-security -fcf-protection -Wdate-time -D_FORTIFY_SOURCE=2  -c add_prior_count.c -o add_prior_count.o
gcc -std=gnu23 -I"/usr/share/R/include" -DNDEBUG       -fpic  -g -O2 -ffile-prefix-map=/build/reproducible-path/r-base-4.5.0=. -fstack-protector-strong -fstack-clash-protection -Wformat -Werror=format-security -fcf-protection -Wdate-time -D_FORTIFY_SOURCE=2  -c clowess.c -o clowess.o
gcc -std=gnu23 -I"/usr/share/R/include" -DNDEBUG       -fpic  -g -O2 -ffile-prefix-map=/build/reproducible-path/r-base-4.5.0=. -fstack-protector-strong -fstack-clash-protection -Wformat -Werror=format-security -fcf-protection -Wdate-time -D_FORTIFY_SOURCE=2  -c compute_apl.c -o compute_apl.o
gcc -std=gnu23 -I"/usr/share/R/include" -DNDEBUG       -fpic  -g -O2 -ffile-prefix-map=/build/reproducible-path/r-base-4.5.0=. -fstack-protector-strong -fstack-clash-protection -Wformat -Werror=format-security -fcf-protection -Wdate-time -D_FORTIFY_SOURCE=2  -c compute_cpm.c -o compute_cpm.o
gcc -std=gnu23 -I"/usr/share/R/include" -DNDEBUG       -fpic  -g -O2 -ffile-prefix-map=/build/reproducible-path/r-base-4.5.0=. -fstack-protector-strong -fstack-clash-protection -Wformat -Werror=format-security -fcf-protection -Wdate-time -D_FORTIFY_SOURCE=2  -c compute_nbdev.c -o compute_nbdev.o
gcc -std=gnu23 -I"/usr/share/R/include" -DNDEBUG       -fpic  -g -O2 -ffile-prefix-map=/build/reproducible-path/r-base-4.5.0=. -fstack-protector-strong -fstack-clash-protection -Wformat -Werror=format-security -fcf-protection -Wdate-time -D_FORTIFY_SOURCE=2  -c exact_test_by_dev.c -o exact_test_by_dev.o
gcc -std=gnu23 -I"/usr/share/R/include" -DNDEBUG       -fpic  -g -O2 -ffile-prefix-map=/build/reproducible-path/r-base-4.5.0=. -fstack-protector-strong -fstack-clash-protection -Wformat -Werror=format-security -fcf-protection -Wdate-time -D_FORTIFY_SOURCE=2  -c fmm_spline.c -o fmm_spline.o
gcc -std=gnu23 -I"/usr/share/R/include" -DNDEBUG       -fpic  -g -O2 -ffile-prefix-map=/build/reproducible-path/r-base-4.5.0=. -fstack-protector-strong -fstack-clash-protection -Wformat -Werror=format-security -fcf-protection -Wdate-time -D_FORTIFY_SOURCE=2  -c glm.c -o glm.o
gcc -std=gnu23 -I"/usr/share/R/include" -DNDEBUG       -fpic  -g -O2 -ffile-prefix-map=/build/reproducible-path/r-base-4.5.0=. -fstack-protector-strong -fstack-clash-protection -Wformat -Werror=format-security -fcf-protection -Wdate-time -D_FORTIFY_SOURCE=2  -c good_turing.c -o good_turing.o
gcc -std=gnu23 -I"/usr/share/R/include" -DNDEBUG       -fpic  -g -O2 -ffile-prefix-map=/build/reproducible-path/r-base-4.5.0=. -fstack-protector-strong -fstack-clash-protection -Wformat -Werror=format-security -fcf-protection -Wdate-time -D_FORTIFY_SOURCE=2  -c init.c -o init.o
gcc -std=gnu23 -I"/usr/share/R/include" -DNDEBUG       -fpic  -g -O2 -ffile-prefix-map=/build/reproducible-path/r-base-4.5.0=. -fstack-protector-strong -fstack-clash-protection -Wformat -Werror=format-security -fcf-protection -Wdate-time -D_FORTIFY_SOURCE=2  -c interpolator.c -o interpolator.o
gcc -std=gnu23 -I"/usr/share/R/include" -DNDEBUG       -fpic  -g -O2 -ffile-prefix-map=/build/reproducible-path/r-base-4.5.0=. -fstack-protector-strong -fstack-clash-protection -Wformat -Werror=format-security -fcf-protection -Wdate-time -D_FORTIFY_SOURCE=2  -c loess_by_col.c -o loess_by_col.o
gcc -std=gnu23 -I"/usr/share/R/include" -DNDEBUG       -fpic  -g -O2 -ffile-prefix-map=/build/reproducible-path/r-base-4.5.0=. -fstack-protector-strong -fstack-clash-protection -Wformat -Werror=format-security -fcf-protection -Wdate-time -D_FORTIFY_SOURCE=2  -c object.c -o object.o
gcc -std=gnu23 -I"/usr/share/R/include" -DNDEBUG       -fpic  -g -O2 -ffile-prefix-map=/build/reproducible-path/r-base-4.5.0=. -fstack-protector-strong -fstack-clash-protection -Wformat -Werror=format-security -fcf-protection -Wdate-time -D_FORTIFY_SOURCE=2  -c ql_glm.c -o ql_glm.o
gcc -std=gnu23 -I"/usr/share/R/include" -DNDEBUG       -fpic  -g -O2 -ffile-prefix-map=/build/reproducible-path/r-base-4.5.0=. -fstack-protector-strong -fstack-clash-protection -Wformat -Werror=format-security -fcf-protection -Wdate-time -D_FORTIFY_SOURCE=2  -c ql_weights.c -o ql_weights.o
gcc -std=gnu23 -shared -L/usr/lib/R/lib -Wl,-z,relro -o edgeR.so R_exports.o R_process_hairpin_reads.o add_prior_count.o clowess.o compute_apl.o compute_cpm.o compute_nbdev.o exact_test_by_dev.o fmm_spline.o glm.o good_turing.o init.o interpolator.o loess_by_col.o object.o ql_glm.o ql_weights.o -llapack -lblas -lgfortran -lm -lquadmath -L/usr/lib/R/lib -lR
installing to /home/thc1006/R/library/00LOCK-edgeR/00new/edgeR/libs
** R
** inst
** byte-compile and prepare package for lazy loading
** help
*** installing help indices
** building package indices
** installing vignettes
** testing if installed package can be loaded from temporary location
** checking absolute paths in shared objects and dynamic libraries
** testing if installed package can be loaded from final location
** testing if installed package keeps a record of temporary installation path
* DONE (edgeR)
* installing *source* package ‘sva’ ...
** this is package ‘sva’ version ‘3.58.0’
** package ‘sva’ successfully unpacked and MD5 sums checked
** using staged installation
** libs
using C compiler: ‘gcc (Debian 14.2.0-19) 14.2.0’
gcc -std=gnu23 -I"/usr/share/R/include" -DNDEBUG       -fpic  -g -O2 -ffile-prefix-map=/build/reproducible-path/r-base-4.5.0=. -fstack-protector-strong -fstack-clash-protection -Wformat -Werror=format-security -fcf-protection -Wdate-time -D_FORTIFY_SOURCE=2  -c sva.c -o sva.o
gcc -std=gnu23 -shared -L/usr/lib/R/lib -Wl,-z,relro -o sva.so sva.o -L/usr/lib/R/lib -lR
installing to /home/thc1006/R/library/00LOCK-sva/00new/sva/libs
** R
** inst
** byte-compile and prepare package for lazy loading
** help
*** installing help indices
** building package indices
** installing vignettes
** testing if installed package can be loaded from temporary location
** checking absolute paths in shared objects and dynamic libraries
** testing if installed package can be loaded from final location
** testing if installed package keeps a record of temporary installation path
* DONE (sva)

The downloaded source packages are in
	‘/tmp/Rtmpku4RDb/downloaded_packages’
Loading required package: mgcv
Loading required package: nlme
This is mgcv 1.9-3. For overview type 'help("mgcv-package")'.
Loading required package: genefilter
Loading required package: BiocParallel
sva version: 3.58.0 
