Installing package into ‘/home/thc1006/R/library’
(as ‘lib’ is unspecified)
trying URL 'https://cloud.r-project.org/src/contrib/ggnewscale_0.5.2.tar.gz'
Content type 'application/x-gzip' length 415315 bytes (405 KB)
==================================================
downloaded 405 KB

* installing *source* package ‘ggnewscale’ ...
** this is package ‘ggnewscale’ version ‘0.5.2’
** package ‘ggnewscale’ successfully unpacked and MD5 sums checked
** using staged installation
** R
** byte-compile and prepare package for lazy loading
** help
*** installing help indices
*** copying figures
** building package indices
** testing if installed package can be loaded from temporary location
** testing if installed package can be loaded from final location
** testing if installed package keeps a record of temporary installation path
* DONE (ggnewscale)

The downloaded source packages are in
	‘/tmp/Rtmpu3MVWg/downloaded_packages’
'getOption("repos")' replaces Bioconductor standard repositories, see
'help("repositories", package = "BiocManager")' for details.
Replacement repositories:
    CRAN: https://cloud.r-project.org/
Bioconductor version 3.22 (BiocManager 1.30.26), R 4.5.0 (2025-04-11)
Installing package(s) 'enrichplot'
trying URL 'https://bioconductor.org/packages/3.22/bioc/src/contrib/enrichplot_1.30.0.tar.gz'
Content type 'application/x-gzip' length 100630 bytes (98 KB)
==================================================
downloaded 98 KB

* installing *source* package ‘enrichplot’ ...
** this is package ‘enrichplot’ version ‘1.30.0’
** package ‘enrichplot’ successfully unpacked and MD5 sums checked
** using staged installation
** R
** inst
** byte-compile and prepare package for lazy loading
** help
*** installing help indices
** building package indices
** installing vignettes
** testing if installed package can be loaded from temporary location
** testing if installed package can be loaded from final location
** testing if installed package keeps a record of temporary installation path
* DONE (enrichplot)

The downloaded source packages are in
	‘/tmp/Rtmpu3MVWg/downloaded_packages’
'getOption("repos")' replaces Bioconductor standard repositories, see
'help("repositories", package = "BiocManager")' for details.
Replacement repositories:
    CRAN: https://cloud.r-project.org/
Bioconductor version 3.22 (BiocManager 1.30.26), R 4.5.0 (2025-04-11)
Installing package(s) 'clusterProfiler'
trying URL 'https://bioconductor.org/packages/3.22/bioc/src/contrib/clusterProfiler_4.18.0.tar.gz'
Content type 'application/x-gzip' length 628184 bytes (613 KB)
==================================================
downloaded 613 KB

* installing *source* package ‘clusterProfiler’ ...
** this is package ‘clusterProfiler’ version ‘4.18.0’
** package ‘clusterProfiler’ successfully unpacked and MD5 sums checked
** using staged installation
** R
** data
** inst
** byte-compile and prepare package for lazy loading
** help
*** installing help indices
** building package indices
** installing vignettes
** testing if installed package can be loaded from temporary location
** testing if installed package can be loaded from final location
** testing if installed package keeps a record of temporary installation path
* DONE (clusterProfiler)

The downloaded source packages are in
	‘/tmp/Rtmpu3MVWg/downloaded_packages’


clusterProfiler: ✅
GSVA: ✅

🎯 Ready to install IOBR!
Downloading GitHub repo IOBR/IOBR@HEAD
── R CMD build ─────────────────────────────────────────────────────────────────
* checking for file ‘/tmp/Rtmpu3MVWg/remotes66ec946d6c23e/IOBR-IOBR-7269b94/DESCRIPTION’ ... OK
* preparing ‘IOBR’:
* checking DESCRIPTION meta-information ... OK
* checking for LF line-endings in source and make files and shell scripts
* checking for empty or unneeded directories
* building ‘IOBR_0.99.99.tar.gz’

Installing package into ‘/home/thc1006/R/library’
(as ‘lib’ is unspecified)
* installing *source* package ‘IOBR’ ...
** this is package ‘IOBR’ version ‘0.99.99’
** using staged installation
** R
** data
*** moving datasets to lazyload DB
** inst
** byte-compile and prepare package for lazy loading
** help
*** installing help indices
*** copying figures
** building package indices
** installing vignettes
** testing if installed package can be loaded from temporary location
** testing if installed package can be loaded from final location
** testing if installed package keeps a record of temporary installation path
* DONE (IOBR)
==========================================================================
  IOBR v0.99.99  Immuno-Oncology Biological Research 
  For Tutorial: https://iobr.github.io/book/
  For Help: https://github.com/IOBR/IOBR/issues

 If you use IOBR in published research, please cite:
 DQ Zeng, YR Fang, ..., GC Yu*, WJ Liao*, 
 Enhancing immuno-oncology investigations through multidimensional decoding 
 of tumor microenvironment with IOBR 2.0. Cell Rep Methods 4, 100910 (2024). 
 &  
 YR Fang, ..., WJ Liao*, DQ Zeng*, 
 Systematic Investigation of Tumor Microenvironment and 
 Antitumor Immunity With IOBR, Med Research (2025). 
 https://onlinelibrary.wiley.com/doi/epdf/10.1002/mdr2.70001 
==========================================================================

✅✅✅ IOBR INSTALLED ✅✅✅
