[WARNING] Could not parse YAML metadata at line 62 column 1: Lexical error near "Cancer immunotherapy has revolutionized oncology treatment over the past decade, with immune checkpoint inhibitors targeting the programmed death-ligand 1 (PD-L1) pathway achieving remarkable clinical success across multiple malignancies. PD-L1, encoded by the CD274 gene, is a transmembrane protein expressed on tumor cells and antigen-presenting cells that binds to PD-1 receptors on T cells, delivering inhibitory signals that suppress anti-tumor immunity. While anti-PD-L1/PD-1 antibodies have demonstrated durable responses in subsets of patients with melanoma, non-small cell lung cancer (NSCLC), and other solid tumors, the majority of patients either do not respond to treatment or develop resistance over time."
[WARNING] Missing character: There is no ρ (U+03C1) (U+03C1) in font [lmroman10-regular]:mapping=t
[WARNING] Missing character: There is no ρ (U+03C1) (U+03C1) in font [lmroman10-regular]:mapping=t
[WARNING] Missing character: There is no ρ (U+03C1) (U+03C1) in font [lmroman10-regular]:mapping=t
[WARNING] Missing character: There is no ρ (U+03C1) (U+03C1) in font [lmroman10-regular]:mapping=t
[WARNING] Missing character: There is no ρ (U+03C1) (U+03C1) in font [lmroman10-regular]:mapping=t
[WARNING] Missing character: There is no α (U+03B1) (U+03B1) in font [lmroman10-regular]:mapping=t
[WARNING] Missing character: There is no ρ (U+03C1) (U+03C1) in font [lmroman10-regular]:mapping=t
[WARNING] Missing character: There is no ρ (U+03C1) (U+03C1) in font [lmroman10-regular]:mapping=t
[WARNING] Missing character: There is no ρ (U+03C1) (U+03C1) in font [lmroman10-regular]:mapping=t
[WARNING] Missing character: There is no ρ (U+03C1) (U+03C1) in font [lmroman10-regular]:mapping=t
[WARNING] Missing character: There is no ρ (U+03C1) (U+03C1) in font [lmroman10-regular]:mapping=t
[WARNING] Missing character: There is no ρ (U+03C1) (U+03C1) in font [lmroman10-regular]:mapping=t
[WARNING] Missing character: There is no ρ (U+03C1) (U+03C1) in font [lmroman10-regular]:mapping=t
[WARNING] Missing character: There is no ρ (U+03C1) (U+03C1) in font [lmroman10-regular]:mapping=t
[WARNING] Missing character: There is no ρ (U+03C1) (U+03C1) in font [lmroman10-regular]:mapping=t
[WARNING] Missing character: There is no ρ (U+03C1) (U+03C1) in font [lmroman10-regular]:mapping=t
[WARNING] Missing character: There is no ρ (U+03C1) (U+03C1) in font [lmroman10-regular]:mapping=t
[WARNING] Missing character: There is no ρ (U+03C1) (U+03C1) in font [lmroman10-regular]:mapping=t
[WARNING] Missing character: There is no ρ (U+03C1) (U+03C1) in font [lmroman10-regular]:mapping=t
[WARNING] Missing character: There is no ρ (U+03C1) (U+03C1) in font [lmroman10-regular]:mapping=t
[WARNING] Missing character: There is no ρ (U+03C1) (U+03C1) in font [lmroman10-regular]:mapping=t
[WARNING] Missing character: There is no ρ (U+03C1) (U+03C1) in font [lmroman10-regular]:mapping=t
[WARNING] Missing character: There is no ρ (U+03C1) (U+03C1) in font [lmroman10-regular]:mapping=t
[WARNING] Missing character: There is no ρ (U+03C1) (U+03C1) in font [lmroman10-regular]:mapping=t
[WARNING] Missing character: There is no ρ (U+03C1) (U+03C1) in font [lmroman10-regular]:mapping=t
[WARNING] Missing character: There is no ρ (U+03C1) (U+03C1) in font [lmroman10-regular]:mapping=t
[WARNING] Missing character: There is no ρ (U+03C1) (U+03C1) in font [lmroman10-regular]:mapping=t
[WARNING] Missing character: There is no ρ (U+03C1) (U+03C1) in font [lmroman10-regular]:mapping=t
[WARNING] Missing character: There is no ρ (U+03C1) (U+03C1) in font [lmroman10-regular]:mapping=t
[WARNING] Missing character: There is no ρ (U+03C1) (U+03C1) in font [lmroman10-regular]:mapping=t
[WARNING] Missing character: There is no ρ (U+03C1) (U+03C1) in font [lmroman10-regular]:mapping=t
[WARNING] Missing character: There is no ρ (U+03C1) (U+03C1) in font [lmroman10-regular]:mapping=t
[WARNING] Missing character: There is no ρ (U+03C1) (U+03C1) in font [lmroman10-regular]:mapping=t
[WARNING] Missing character: There is no ρ (U+03C1) (U+03C1) in font [lmroman10-regular]:mapping=t
[WARNING] Missing character: There is no ρ (U+03C1) (U+03C1) in font [lmroman10-regular]:mapping=t
[WARNING] Missing character: There is no τ (U+03C4) (U+03C4) in font [lmroman10-regular]:mapping=t
[WARNING] Missing character: There is no ρ (U+03C1) (U+03C1) in font [lmroman10-regular]:mapping=t
[WARNING] Missing character: There is no τ (U+03C4) (U+03C4) in font [lmroman10-regular]:mapping=t
[WARNING] Missing character: There is no ρ (U+03C1) (U+03C1) in font [lmroman10-regular]:mapping=t
[WARNING] Missing character: There is no ρ (U+03C1) (U+03C1) in font [lmroman10-regular]:mapping=t
[WARNING] Missing character: There is no ρ (U+03C1) (U+03C1) in font [lmroman10-regular]:mapping=t
[WARNING] Missing character: There is no ρ (U+03C1) (U+03C1) in font [lmroman10-regular]:mapping=t
[WARNING] Missing character: There is no ρ (U+03C1) (U+03C1) in font [lmroman10-regular]:mapping=t
[WARNING] Missing character: There is no κ (U+03BA) (U+03BA) in font [lmroman10-regular]:mapping=t
[WARNING] Missing character: There is no ρ (U+03C1) (U+03C1) in font [lmroman10-regular]:mapping=t
[WARNING] Missing character: There is no ρ (U+03C1) (U+03C1) in font [lmroman10-regular]:mapping=t
[WARNING] Missing character: There is no ρ (U+03C1) (U+03C1) in font [lmroman10-regular]:mapping=t
[WARNING] Missing character: There is no ρ (U+03C1) (U+03C1) in font [lmroman10-regular]:mapping=t
[WARNING] Missing character: There is no ρ (U+03C1) (U+03C1) in font [lmroman10-regular]:mapping=t
[WARNING] Missing character: There is no ρ (U+03C1) (U+03C1) in font [lmroman10-regular]:mapping=t
[WARNING] Missing character: There is no ρ (U+03C1) (U+03C1) in font [lmroman10-regular]:mapping=t
[WARNING] Missing character: There is no ρ (U+03C1) (U+03C1) in font [lmroman10-regular]:mapping=t
[WARNING] Missing character: There is no ρ (U+03C1) (U+03C1) in font [lmroman10-regular]:mapping=t
[WARNING] Missing character: There is no ρ (U+03C1) (U+03C1) in font [lmroman10-regular]:mapping=t
[WARNING] Missing character: There is no ⁻ (U+207B) (U+207B) in font [lmroman10-regular]:mapping=t
[WARNING] Missing character: There is no ⁶ (U+2076) (U+2076) in font [lmroman10-regular]:mapping=t
[WARNING] Missing character: There is no ⁸ (U+2078) (U+2078) in font [lmroman10-regular]:mapping=t
[WARNING] Missing character: There is no ⁻ (U+207B) (U+207B) in font [lmroman10-regular]:mapping=t
[WARNING] Missing character: There is no ⁰ (U+2070) (U+2070) in font [lmroman10-regular]:mapping=t
[WARNING] Missing character: There is no ⁻ (U+207B) (U+207B) in font [lmroman10-regular]:mapping=t
[WARNING] Missing character: There is no ⁰ (U+2070) (U+2070) in font [lmroman10-regular]:mapping=t
[WARNING] Missing character: There is no ⁻ (U+207B) (U+207B) in font [lmroman10-regular]:mapping=t
[WARNING] Missing character: There is no ⁶ (U+2076) (U+2076) in font [lmroman10-regular]:mapping=t
[WARNING] Missing character: There is no ρ (U+03C1) (U+03C1) in font [lmroman10-regular]:mapping=t
[WARNING] Missing character: There is no ρ (U+03C1) (U+03C1) in font [lmroman10-regular]:mapping=t
[WARNING] Missing character: There is no ⁻ (U+207B) (U+207B) in font [lmroman10-regular]:mapping=t
[WARNING] Missing character: There is no ⁸ (U+2078) (U+2078) in font [lmroman10-regular]:mapping=t
[WARNING] Missing character: There is no ⁻ (U+207B) (U+207B) in font [lmroman10-regular]:mapping=t
[WARNING] Missing character: There is no ⁸ (U+2078) (U+2078) in font [lmroman10-regular]:mapping=t
[WARNING] Missing character: There is no ⁻ (U+207B) (U+207B) in font [lmroman10-regular]:mapping=t
[WARNING] Missing character: There is no ⁶ (U+2076) (U+2076) in font [lmroman10-regular]:mapping=t
[WARNING] Missing character: There is no ρ (U+03C1) (U+03C1) in font [lmroman10-regular]:mapping=t
[WARNING] Missing character: There is no ρ (U+03C1) (U+03C1) in font [lmroman10-regular]:mapping=t
[WARNING] Missing character: There is no ρ (U+03C1) (U+03C1) in font [lmroman10-regular]:mapping=t
[WARNING] Missing character: There is no ⁻ (U+207B) (U+207B) in font [lmroman10-regular]:mapping=t
[WARNING] Missing character: There is no ⁷ (U+2077) (U+2077) in font [lmroman10-regular]:mapping=t
[WARNING] Missing character: There is no ⁻ (U+207B) (U+207B) in font [lmroman10-regular]:mapping=t
[WARNING] Missing character: There is no ⁴ (U+2074) (U+2074) in font [lmroman10-regular]:mapping=t
